"../../../Engine/Content/Functions/Engine_MaterialFunctions01/Opacity/CameraDepthFade.uasset" 0
"../../../Engine/Content/EngineMaterials/T_Default_Material_Grid_M.uasset" 1
"../../../Engine/Content/EngineMaterials/T_Default_Material_Grid_N.uasset" 2
"../../../Engine/Content/EngineMaterials/DefaultMaterial.uasset" 3
"../../../Engine/Content/BasicShapes/Cone.uasset" 4
"../../../Engine/Content/EngineMaterials/WorldGridMaterial.uasset" 5
"../../../Engine/Content/BasicShapes/Cube.uasset" 6
"../../../Engine/Content/BasicShapes/Cylinder.uasset" 7
"../../../Engine/Content/BasicShapes/Sphere.uasset" 8
"../../../Engine/Content/EditorLandscapeResources/DataLayer.uasset" 9
"../../../Engine/Content/EditorMaterials/GizmoMaterial.uasset" 10
"../../../Engine/Content/EditorMaterials/MAT_Groups_Toggle.uasset" 11
"../../../Engine/Content/EditorMaterials/MAT_Groups_Visibility.uasset" 12
"../../../Engine/Content/EditorMaterials/PreviewShadowIndicator.uasset" 13
"../../../Engine/Content/EditorMaterials/PreviewShadowIndicatorMaterial.uasset" 14
"../../../Engine/Content/EditorMaterials/AssetViewer/EpicQuadPanorama_CC+EV1.uasset" 15
"../../../Engine/Content/EditorMaterials/MatineeGroups/MAT_ColorTrack.uasset" 16
"../../../Engine/Content/EditorMaterials/MatineeGroups/MAT_Groups_Anim.uasset" 17
"../../../Engine/Content/EditorMaterials/MatineeGroups/MAT_Groups_AudioMaster.uasset" 18
"../../../Engine/Content/EditorMaterials/MatineeGroups/MAT_Groups_Director.uasset" 19
"../../../Engine/Content/EditorMaterials/MatineeGroups/MAT_Groups_Event.uasset" 20
"../../../Engine/Content/EditorMaterials/MatineeGroups/MAT_Groups_Fade.uasset" 21
"../../../Engine/Content/EditorMaterials/MatineeGroups/MAT_Groups_Float.uasset" 22
"../../../Engine/Content/EditorMaterials/MatineeGroups/MAT_Groups_Move.uasset" 23
"../../../Engine/Content/EditorMaterials/MatineeGroups/MAT_Groups_Slomo.uasset" 24
"../../../Engine/Content/EditorMaterials/MatineeGroups/MAT_Groups_Sound.uasset" 25
"../../../Engine/Content/EditorMaterials/MatineeGroups/MAT_Groups_Vector.uasset" 26
"../../../Engine/Content/EditorMaterials/ParticleSystems/PSysThumbnail_NoImage.uasset" 27
"../../../Engine/Content/EditorMaterials/ParticleSystems/PSysThumbnail_OOD.uasset" 28
"../../../Engine/Content/EditorMaterials/Camera/CineMat.uasset" 29
"../../../Engine/Content/EditorMaterials/Camera/MI_CineMat_Rig.uasset" 30
"../../../Engine/Content/EditorMeshes/Camera/SM_CraneRig_Arm.uasset" 31
"../../../Engine/Content/EditorMeshes/Camera/SM_CraneRig_Base.uasset" 32
"../../../Engine/Content/EditorMeshes/Camera/SM_CraneRig_Body.uasset" 33
"../../../Engine/Content/EditorMeshes/Camera/SM_CraneRig_Mount.uasset" 34
"../../../Engine/Content/EditorMeshes/Camera/SM_RailRig_Mount.uasset" 35
"../../../Engine/Content/EditorMeshes/Camera/SM_RailRig_Track.uasset" 36
"../../../Engine/Content/EditorResources/BSPVertex.uasset" 37
"../../../Engine/Content/EditorResources/EmptyActor.uasset" 38
"../../../Engine/Content/EditorResources/RGBTable16x1_AssetViewer.uasset" 39
"../../../Engine/Content/EditorResources/S_Actor.uasset" 40
"../../../Engine/Content/EditorResources/S_Trigger.uasset" 41
"../../../Engine/Content/EditorResources/AudioIcons/S_AudioComponent.uasset" 42
"../../../Engine/Content/EditorResources/AudioIcons/S_AudioComponent_AutoActivate.uasset" 43
"../../../Engine/Content/EditorResources/LightIcons/S_LightError.uasset" 44
"../../../Engine/Content/EditorResources/SequenceRecorder/Countdown.uasset" 45
"../../../Engine/Content/EditorResources/SequenceRecorder/RecordingIndicator.uasset" 46
"../../../Engine/Content/EditorSounds/Notifications/CompileFailed.uasset" 47
"../../../Engine/Content/EditorSounds/Notifications/CompileFailed_Cue.uasset" 48
"../../../Engine/Content/EditorSounds/Notifications/CompileSuccess.uasset" 49
"../../../Engine/Content/EditorSounds/Notifications/CompileStart_Cue.uasset" 50
"../../../Engine/Content/EditorSounds/Notifications/CompileSuccess_Cue.uasset" 51
"../../../Engine/Content/EngineDamageTypes/DmgTypeBP_Environmental.uasset" 52
"../../../Engine/Content/EngineDebugMaterials/HeatmapGradient.uasset" 53
"../../../Engine/Content/EngineDebugMaterials/BoneWeightMaterial.uasset" 54
"../../../Engine/Content/EngineDebugMaterials/DebugMeshMaterial.uasset" 55
"../../../Engine/Content/EngineDebugMaterials/GeomMaterial.uasset" 56
"../../../Engine/Content/EngineFonts/Roboto.uasset" 57
"../../../Engine/Content/EngineFonts/RobotoTiny.uasset" 58
"../../../Engine/Content/EngineMaterials/DefaultBokeh.uasset" 59
"../../../Engine/Content/EngineMaterials/DefaultDiffuse.uasset" 60
"../../../Engine/Content/EngineMaterials/DefaultDeferredDecalMaterial.uasset" 61
"../../../Engine/Content/EngineMaterials/DefaultLightFunctionMaterial.uasset" 62
"../../../Engine/Content/EngineMaterials/DefaultPhysicalMaterial.uasset" 63
"../../../Engine/Content/Functions/Engine_MaterialFunctions02/Utility/BreakOutFloat2Components.uasset" 64
"../../../Engine/Content/EngineMaterials/DefaultPostProcessMaterial.uasset" 65
"../../../Engine/Content/EngineFonts/RobotoDistanceField.uasset" 66
"../../../Engine/Content/EngineMaterials/DefaultTextMaterialOpaque.uasset" 67
"../../../Engine/Content/EngineMaterials/DefaultWhiteGrid.uasset" 68
"../../../Engine/Content/EngineMaterials/EditorBrushMaterial.uasset" 69
"../../../Engine/Content/EngineMaterials/Good64x64TilingNoiseHighFreq.uasset" 70
"../../../Engine/Content/EngineMaterials/MiniFont.uasset" 71
"../../../Engine/Content/EngineMaterials/InvalidLightmapSettings.uasset" 72
"../../../Engine/Content/EngineMaterials/M_InvalidLightmapSettings.uasset" 73
"../../../Engine/Content/EngineMaterials/PhAT_JointLimitMaterial.uasset" 74
"../../../Engine/Content/EngineMaterials/PreintegratedSkinBRDF.uasset" 75
"../../../Engine/Content/EngineMaterials/RemoveSurfaceMaterial.uasset" 76
"../../../Engine/Content/EngineMaterials/WeightMapPlaceholderTexture.uasset" 77
"../../../Engine/Content/EngineResources/WhiteSquareTexture.uasset" 78
"../../../Engine/Content/EngineMaterials/Widget3DPassThrough.uasset" 79
"../../../Engine/Content/EngineMaterials/Widget3DPassThrough_Masked.uasset" 80
"../../../Engine/Content/EngineMaterials/Widget3DPassThrough_Opaque.uasset" 81
"../../../Engine/Content/EngineMaterials/Widget3DPassThrough_Masked_OneSided.uasset" 82
"../../../Engine/Content/EngineMaterials/Widget3DPassThrough_Opaque_OneSided.uasset" 83
"../../../Engine/Content/EngineMaterials/Widget3DPassThrough_Translucent.uasset" 84
"../../../Engine/Content/EngineMaterials/Widget3DPassThrough_Translucent_OneSided.uasset" 85
"../../../Engine/Content/EngineMeshes/Cube.uasset" 86
"../../../Engine/Content/EngineMeshes/Cylinder.uasset" 87
"../../../Engine/Content/EngineMeshes/Sphere.uasset" 88
"../../../Engine/Content/EngineResources/AICON-Green.uasset" 89
"../../../Engine/Content/EngineResources/AICON-Red.uasset" 90
"../../../Engine/Content/EngineResources/Black.uasset" 91
"../../../Engine/Content/EngineResources/DefaultTexture.uasset" 92
"../../../Engine/Content/EngineResources/DefaultTextureCube.uasset" 93
"../../../Engine/Content/EngineResources/GradientTexture0.uasset" 94
"../../../Engine/Content/EngineSounds/Master.uasset" 95
"../../../Engine/Content/EngineSounds/MasterSubmix.uasset" 96
"../../../Engine/Content/EngineTireTypes/DefaultTireType.uasset" 97
"../../../Engine/Content/Functions/Engine_MaterialFunctions01/Shading/ConvertFromDiffSpec.uasset" 98
"../../../Engine/Content/Functions/Engine_MaterialFunctions01/Shading/PowerToRoughness.uasset" 99
"../../../Engine/Content/Maps/Templates/Thumbnails/Default.uasset" 100
"../../../Engine/Content/Maps/Templates/Thumbnails/VR-Basic.uasset" 101
"../../../Engine/Content/MobileResources/T_MobileControls_texture.uasset" 102
"../../../Engine/Content/MobileResources/T_MobileMenu2.uasset" 103
"../../../Engine/Content/MobileResources/HUD/AnalogHat.uasset" 104
"../../../Engine/Content/MobileResources/HUD/VirtualJoystick_Background.uasset" 105
"../../../Engine/Content/MobileResources/HUD/VirtualJoystick_Thumb.uasset" 106
"../../../Engine/Content/MobileResources/HUD/DefaultVirtualJoysticks.uasset" 107
"../../../Engine/Content/MobileResources/HUD/LeftVirtualJoystickOnly.uasset" 108
"../../../Engine/Content/MobileResources/HUD/MobileHUDButton1_off.uasset" 109
"../../../Engine/Content/MobileResources/HUD/MobileHUDButton1_on.uasset" 110
"../../../Engine/Content/MobileResources/HUD/MobileHUDButton2_off.uasset" 111
"../../../Engine/Content/MobileResources/HUD/MobileHUDButton2_on.uasset" 112
"../../../Engine/Content/MobileResources/HUD/MobileHUDButton3.uasset" 113
"../../../Engine/Content/MobileResources/HUD/MobileHUDButtonFire.uasset" 114
"../../../Engine/Content/MobileResources/HUD/MobileHUDDirectionPad.uasset" 115
"../../../Engine/Content/MobileResources/HUD/MobileHUDDirectionPad2.uasset" 116
"../../../Engine/Content/MobileResources/HUD/MobileHUDDirectionPad3.uasset" 117
"../../../Engine/Content/MobileResources/HUD/MobileHUDDirectionStick.uasset" 118
"../../../Engine/Content/MobileResources/HUD/T_Castle_ThumbstickInner.uasset" 119
"../../../Engine/Content/MobileResources/HUD/T_Castle_ThumbstickOutter.uasset" 120
"../../../Engine/Content/Tutorial/ContentIntroCurve.uasset" 121
"../../../Engine/Content/Tutorial/Basics/TutorialAssets/icon_tab_Levels_40x.uasset" 122
"../../../Engine/Content/Tutorial/BlueprintTutorials/TutorialAssets/BlueprintInterface_64x.uasset" 123
"../../../Engine/Content/Tutorial/BlueprintTutorials/TutorialAssets/BlueprintMacroLibrary_64x.uasset" 124
"../../../Engine/Content/Tutorial/BlueprintTutorials/TutorialAssets/Blueprint_64x.uasset" 125
"../../../Engine/Content/Tutorial/BlueprintTutorials/TutorialAssets/Tutorial_BP_Interface.uasset" 126
"../../../Engine/Content/Tutorial/Foliage/TutorialAssets/Foliage.uasset" 127
"../../../Engine/Content/Tutorial/Landscape/TutorialAssets/Landscape.uasset" 128
"../../../Engine/Content/Tutorial/Paper2D/TutorialAssets/Paper2DFlipbook_TutorialIcon.uasset" 129
"../../../Engine/Content/Tutorial/Paper2D/TutorialAssets/Paper2DSprite_TutorialIcon.uasset" 130
"../../../Engine/Content/Tutorial/SubEditors/TutorialAssets/icon_Editor_Preferences_General_40x.uasset" 131
"../../../Engine/Content/Tutorial/SubEditors/TutorialAssets/icon_ShowSkeletalMeshes_40x.uasset" 132
"../../../Engine/Content/Tutorial/SubEditors/TutorialAssets/TutorialMaterial.uasset" 133
"../../../Engine/Content/Tutorial/SubEditors/TutorialAssets/T_SmokeSubUV_8X8.uasset" 134
"../../../Engine/Content/Tutorial/SubEditors/TutorialAssets/T_soft_smoke.uasset" 135
"../../../Engine/Content/Tutorial/SubEditors/TutorialAssets/M_smoke_subUV_blackbody.uasset" 136
"../../../Engine/Content/Tutorial/SubEditors/TutorialAssets/TutorialParticleSystem.uasset" 137
"../../../Engine/Content/EditorMeshes/EditorCube.uasset" 138
"../../../Engine/Content/Tutorial/SubEditors/TutorialAssets/Tutorial_DM.uasset" 139
"../../../Engine/Content/VREditor/Devices/Generic/GenericHMDMaterial.uasset" 140
"../../../Engine/Content/VREditor/Devices/Generic/GenericHMD.uasset" 141
"../../../Engine/Content/VREditor/FloatingText/LineMaterial.uasset" 142
"../../../Engine/Content/VREditor/FloatingText/JointSphere.uasset" 143
"../../../Engine/Content/VREditor/FloatingText/LineSegmentCylinder.uasset" 144
"../../../Engine/Content/VREditor/Fonts/VRText_RobotoLarge.uasset" 145
"../../../Engine/Content/VREditor/Fonts/VRTextMaterial.uasset" 146
"../../../Engine/Content/VREditor/Fonts/TranslucentVRTextMaterial.uasset" 147
"../../../Engine/Content/VREditor/LaserPointer/VR_LaserPower_01.uasset" 148
"../../../Engine/Content/VREditor/LaserPointer/LaserPointerMaterial.uasset" 149
"../../../Engine/Content/VREditor/LaserPointer/LaserPointerMaterialInst.uasset" 150
"../../../Engine/Content/VREditor/LaserPointer/TranslucentLaserPointerMaterialInst.uasset" 151
"../../../Engine/Content/VREditor/LaserPointer/LaserPointerMesh.uasset" 152
"../../../Engine/Content/VREditor/Sounds/VR_grab_Cue.uasset" 153
"../../../Engine/Content/VREditor/Sounds/VR_teleport_Cue.uasset" 154
"../../../Engine/Content/VREditor/TransformGizmo/TransformGizmoMaterial.uasset" 155
"../../../Engine/Content/VREditor/TransformGizmo/TranslucentTransformGizmoMaterial.uasset" 156
"../../../Engine/Content/VREditor/TransformGizmo/BoundingBoxCorner.uasset" 157
"../../../Engine/Content/VREditor/TransformGizmo/BoundingBoxEdge.uasset" 158
"../../../Engine/Content/VREditor/TransformGizmo/PlaneTranslationHandle.uasset" 159
"../../../Engine/Content/VREditor/TransformGizmo/RotationHandle.uasset" 160
"../../../Engine/Content/VREditor/TransformGizmo/RotationHandleFull.uasset" 161
"../../../Engine/Content/VREditor/TransformGizmo/StretchingHandle.uasset" 162
"../../../Engine/Content/VREditor/TransformGizmo/TranslateHandleLong.uasset" 163
"../../../Engine/Content/VREditor/TransformGizmo/TranslationHandle.uasset" 164
"../../../Engine/Content/VREditor/TransformGizmo/UniformScaleHandle.uasset" 165
"../../../Engine/Content/VREditor/UI/CloseButtonMesh.uasset" 166
"../../../Engine/Content/VREditor/UI/SelectionBarMesh.uasset" 167
"../../../Engine/Content/Functions/Engine_MaterialFunctions01/Gradient/RadialGradient.uasset" 168
"../../../Engine/Content/VREditor/WorldMovementGrid/SimpleGrid.uasset" 169
"../../../Engine/Content/VREditor/WorldMovementGrid/GridMaterial.uasset" 170
"../../../Engine/Content/Functions/Engine_MaterialFunctions01/Density/ExponentialDensity.uasset" 171
"../../../Engine/Content/VREditor/WorldMovementGrid/GridPostProcess.uasset" 172
"../../../Engine/Content/EditorLandscapeResources/FlattenHeightMat.uasset" 173
"../../../Engine/Content/VREditor/WorldMovementGrid/PlaneMesh.uasset" 174
"../../../ConsoleGameGame/Content/2DSideScroller/Textures/2DBackgroundTile.uasset" 175
"../../../ConsoleGameGame/Content/2DSideScroller/Materials/PrototypingSpriteMaterial.uasset" 176
"../../../ConsoleGameGame/Content/2DSideScroller/Sprites/PrototypingSprite.uasset" 177
"../../../ConsoleGameGame/Content/2DSideScrollerBP/Blueprints/MenuAssets/download.uasset" 178
"../../../ConsoleGameGame/Content/StarterContent/Materials/M_Basic_Wall.uasset" 179
"../../../ConsoleGameGame/Content/StarterContent/Architecture/Pillar_50x500.uasset" 180
"../../../ConsoleGameGame/Content/StarterContent/Architecture/Wall_400x300.uasset" 181
"../../../ConsoleGameGame/Content/StarterContent/Architecture/Wall_400x400.uasset" 182
"../../../ConsoleGameGame/Content/StarterContent/Architecture/Wall_500x500.uasset" 183
"../../../ConsoleGameGame/Content/StarterContent/Architecture/Wall_Door_400x400.uasset" 184
"../../../ConsoleGameGame/Content/StarterContent/Architecture/Wall_Window_400x400.uasset" 185
"../../../ConsoleGameGame/Content/StarterContent/Audio/Light01_Cue.uasset" 186
"../../../ConsoleGameGame/Content/StarterContent/Audio/Light02_Cue.uasset" 187
"../../../ConsoleGameGame/Content/StarterContent/Audio/Explosion_Cue.uasset" 188
"../../../ConsoleGameGame/Content/StarterContent/Textures/T_Burst_M.uasset" 189
"../../../ConsoleGameGame/Content/StarterContent/Particles/Materials/M_Burst.uasset" 190
"../../../ConsoleGameGame/Content/StarterContent/Textures/T_Explosion_SubUV.uasset" 191
"../../../ConsoleGameGame/Content/StarterContent/Particles/Materials/M_explosion_subUV.uasset" 192
"../../../ConsoleGameGame/Content/StarterContent/Particles/Materials/m_flare_01.uasset" 193
"../../../ConsoleGameGame/Content/StarterContent/Particles/Materials/M_radial_ramp.uasset" 194
"../../../ConsoleGameGame/Content/StarterContent/Textures/T_Smoke_SubUV.uasset" 195
"../../../ConsoleGameGame/Content/StarterContent/Textures/T_Smoke_Tiled_D.uasset" 196
"../../../ConsoleGameGame/Content/StarterContent/Particles/Materials/M_smoke_subUV.uasset" 197
"../../../ConsoleGameGame/Content/StarterContent/Particles/P_Explosion.uasset" 198
"../../../ConsoleGameGame/Content/StarterContent/Blueprints/Blueprint_Effect_Explosion.uasset" 199
"../../../Engine/Content/EditorMeshes/ColorCalibrator/T_ColorGrid.uasset" 200
"../../../ConsoleGameGame/Content/StarterContent/Materials/M_ColorGrid_LowSpec.uasset" 201
"../../../ConsoleGameGame/Content/StarterContent/Textures/T_Bush_D.uasset" 202
"../../../ConsoleGameGame/Content/StarterContent/Textures/T_Bush_N.uasset" 203
"../../../ConsoleGameGame/Content/StarterContent/Props/Materials/M_Bush.uasset" 204
"../../../ConsoleGameGame/Content/StarterContent/Props/SM_Bush.uasset" 205
"../../../ConsoleGameGame/Content/StarterContent/Textures/T_Chair_M.uasset" 206
"../../../ConsoleGameGame/Content/StarterContent/Textures/T_Chair_N.uasset" 207
"../../../ConsoleGameGame/Content/StarterContent/Props/Materials/M_Chair.uasset" 208
"../../../ConsoleGameGame/Content/StarterContent/Props/SM_Couch.uasset" 209
"../../../ConsoleGameGame/Content/StarterContent/Materials/M_Glass.uasset" 210
"../../../ConsoleGameGame/Content/StarterContent/Textures/T_Door_M.uasset" 211
"../../../ConsoleGameGame/Content/StarterContent/Textures/T_Door_N.uasset" 212
"../../../ConsoleGameGame/Content/StarterContent/Props/Materials/M_Door.uasset" 213
"../../../ConsoleGameGame/Content/StarterContent/Props/SM_Door.uasset" 214
"../../../ConsoleGameGame/Content/StarterContent/Props/Materials/M_MaterialSphere.uasset" 215
"../../../ConsoleGameGame/Content/StarterContent/Props/Materials/M_MaterialSphere_Plain.uasset" 216
"../../../ConsoleGameGame/Content/StarterContent/Props/SM_MatPreviewMesh_02.uasset" 217
"../../../Engine/Content/Functions/Engine_MaterialFunctions02/Utility/BlendAngleCorrectedNormals.uasset" 218
"../../../ConsoleGameGame/Content/StarterContent/Textures/T_Detail_Rocky_N.uasset" 219
"../../../ConsoleGameGame/Content/StarterContent/Textures/T_Rock_Basalt_D.uasset" 220
"../../../ConsoleGameGame/Content/StarterContent/Textures/T_RockMesh_M.uasset" 221
"../../../ConsoleGameGame/Content/StarterContent/Textures/T_RockMesh_N.uasset" 222
"../../../ConsoleGameGame/Content/StarterContent/Props/Materials/M_Rock.uasset" 223
"../../../ConsoleGameGame/Content/StarterContent/Props/SM_Rock.uasset" 224
"../../../ConsoleGameGame/Content/StarterContent/Textures/T_Shelf_M.uasset" 225
"../../../ConsoleGameGame/Content/StarterContent/Textures/T_Shelf_N.uasset" 226
"../../../ConsoleGameGame/Content/StarterContent/Props/Materials/M_Shelf.uasset" 227
"../../../ConsoleGameGame/Content/StarterContent/Props/SM_Shelf.uasset" 228
"../../../ConsoleGameGame/Content/StarterContent/Materials/M_Basic_Floor.uasset" 229
"../../../ConsoleGameGame/Content/StarterContent/Props/SM_Stairs.uasset" 230
"../../../ConsoleGameGame/Content/StarterContent/Shapes/Shape_Cone.uasset" 231
"../../../ConsoleGameGame/Content/StarterContent/Shapes/Shape_Cylinder.uasset" 232
"../../../ConsoleGameGame/Content/StarterContent/Shapes/Shape_NarrowCapsule.uasset" 233
"../../../ConsoleGameGame/Content/StarterContent/Shapes/Shape_Pipe.uasset" 234
"../../../ConsoleGameGame/Content/StarterContent/Shapes/Shape_Pipe_180.uasset" 235
"../../../ConsoleGameGame/Content/StarterContent/Shapes/Shape_Pipe_90.uasset" 236
"../../../ConsoleGameGame/Content/StarterContent/Shapes/Shape_Plane.uasset" 237
"../../../ConsoleGameGame/Content/StarterContent/Shapes/Shape_Torus.uasset" 238
"../../../ConsoleGameGame/Content/StarterContent/Shapes/Shape_Trim.uasset" 239
"../../../ConsoleGameGame/Content/StarterContent/Shapes/Shape_Trim_90_In.uasset" 240
"../../../ConsoleGameGame/Content/StarterContent/Shapes/Shape_Trim_90_Out.uasset" 241
"../../../ConsoleGameGame/Content/StarterContent/Shapes/Shape_TriPyramid.uasset" 242
"../../../ConsoleGameGame/Content/StarterContent/Shapes/Shape_Tube.uasset" 243
"../../../ConsoleGameGame/Content/StarterContent/Shapes/Shape_Wedge_A.uasset" 244
"../../../ConsoleGameGame/Content/StarterContent/Shapes/Shape_Wedge_B.uasset" 245
"../../../ConsoleGameGame/Content/StarterContent/Shapes/Shape_WideCapsule.uasset" 246
"../../../Engine/Plugins/2D/Paper2D/Content/DummySprite.uasset" 247
"../../../Engine/Plugins/2D/Paper2D/Content/DefaultPaperTerrainMaterial.uasset" 248
"../../../Engine/Plugins/2D/Paper2D/Content/DefaultSpriteMaterial.uasset" 249
"../../../Engine/Plugins/2D/Paper2D/Content/MaskedUnlitSpriteMaterial.uasset" 250
"../../../Engine/Plugins/2D/Paper2D/Content/PlaceholderTextures/DummySpriteTexture.uasset" 251
"../../../Engine/Content/EditorBlueprintResources/StandardMacros.uasset" 252
"../../../ConsoleGameGame/Content/2DSideScroller/Textures/2DCharacter_IdleAnimAtlas.uasset" 253
"../../../ConsoleGameGame/Content/2DSideScroller/Sprites/IdleFrames/IdleCycle1.uasset" 254
"../../../ConsoleGameGame/Content/2DSideScroller/Sprites/IdleFrames/IdleCycle2.uasset" 255
"../../../ConsoleGameGame/Content/2DSideScroller/Sprites/IdleFrames/IdleCycle3.uasset" 256
"../../../ConsoleGameGame/Content/2DSideScroller/Sprites/IdleFrames/IdleCycle4.uasset" 257
"../../../ConsoleGameGame/Content/2DSideScroller/Sprites/IdleFrames/IdleCycle5.uasset" 258
"../../../ConsoleGameGame/Content/2DSideScroller/Sprites/IdleFrames/IdleCycle6.uasset" 259
"../../../ConsoleGameGame/Content/2DSideScroller/Sprites/IdleFrames/IdleCycle7.uasset" 260
"../../../ConsoleGameGame/Content/2DSideScroller/Sprites/IdleFrames/IdleCycle8.uasset" 261
"../../../ConsoleGameGame/Content/2DSideScroller/Sprites/IdleAnimation.uasset" 262
"../../../ConsoleGameGame/Content/2DSideScroller/Textures/2DCharacter_RunAnimAtlas.uasset" 263
"../../../ConsoleGameGame/Content/2DSideScroller/Sprites/RunFrames/RunCycle_1.uasset" 264
"../../../ConsoleGameGame/Content/2DSideScroller/Sprites/RunFrames/RunCycle_10.uasset" 265
"../../../ConsoleGameGame/Content/2DSideScroller/Sprites/RunFrames/RunCycle_11.uasset" 266
"../../../ConsoleGameGame/Content/2DSideScroller/Sprites/RunFrames/RunCycle_12.uasset" 267
"../../../ConsoleGameGame/Content/2DSideScroller/Sprites/RunFrames/RunCycle_13.uasset" 268
"../../../ConsoleGameGame/Content/2DSideScroller/Sprites/RunFrames/RunCycle_14.uasset" 269
"../../../ConsoleGameGame/Content/2DSideScroller/Sprites/RunFrames/RunCycle_15.uasset" 270
"../../../ConsoleGameGame/Content/2DSideScroller/Sprites/RunFrames/RunCycle_16.uasset" 271
"../../../ConsoleGameGame/Content/2DSideScroller/Sprites/RunFrames/RunCycle_2.uasset" 272
"../../../ConsoleGameGame/Content/2DSideScroller/Sprites/RunFrames/RunCycle_3.uasset" 273
"../../../ConsoleGameGame/Content/2DSideScroller/Sprites/RunFrames/RunCycle_4.uasset" 274
"../../../ConsoleGameGame/Content/2DSideScroller/Sprites/RunFrames/RunCycle_5.uasset" 275
"../../../ConsoleGameGame/Content/2DSideScroller/Sprites/RunFrames/RunCycle_6.uasset" 276
"../../../ConsoleGameGame/Content/2DSideScroller/Sprites/RunFrames/RunCycle_7.uasset" 277
"../../../ConsoleGameGame/Content/2DSideScroller/Sprites/RunFrames/RunCycle_8.uasset" 278
"../../../ConsoleGameGame/Content/2DSideScroller/Sprites/RunFrames/RunCycle_9.uasset" 279
"../../../ConsoleGameGame/Content/2DSideScroller/Sprites/RunningAnimation.uasset" 280
"../../../ConsoleGameGame/Content/2DSideScrollerBP/Blueprints/MenuAssets/mm-background-metal.uasset" 281
"../../../ConsoleGameGame/Content/2DSideScrollerBP/Blueprints/MenuAssets/undo_arrow_left_edit_back-512.uasset" 282
"../../../ConsoleGameGame/Content/2DSideScrollerBP/Blueprints/PauseOptionsWidget.uasset" 283
"../../../ConsoleGameGame/Content/2DSideScrollerBP/Blueprints/PauseMenuWidget.uasset" 284
"../../../ConsoleGameGame/Content/2DSideScrollerBP/Blueprints/2DSideScrollerCharacter.uasset" 285
"../../../ConsoleGameGame/Content/2DSideScrollerBP/Blueprints/2DSideScrollerGameMode.uasset" 286
"../../../ConsoleGameGame/Content/2DSideScrollerBP/Maps/2DSideScrollerExampleMap_BuiltData.uasset" 287
"../../../Engine/Content/MapTemplates/Bokeh_5Sides.uasset" 288
"../../../Engine/Content/MapTemplates/T_ScreenDirt02_w.uasset" 289
"../../../Engine/Plugins/2D/Paper2D/Content/OpaqueUnlitSpriteMaterial.uasset" 290
"../../../ConsoleGameGame/Content/2DSideScroller/Textures/2DBackground.uasset" 291
"../../../ConsoleGameGame/Content/2DSideScroller/Sprites/Background_Sprite.uasset" 292
"../../../ConsoleGameGame/Content/2DSideScroller/Textures/2DBackgroundBlockAtlas.uasset" 293
"../../../ConsoleGameGame/Content/2DSideScroller/Sprites/Ledge.uasset" 294
"../../../ConsoleGameGame/Content/2DSideScrollerBP/Maps/2DSideScrollerExampleMap.umap" 295
"../../../ConsoleGameGame/Content/2DSideScrollerBP/Blueprints/CreditsWidget.uasset" 296
"../../../ConsoleGameGame/Content/2DSideScrollerBP/Blueprints/LeaderBoardsWidget.uasset" 297
"../../../ConsoleGameGame/Content/2DSideScrollerBP/Blueprints/OptionsWidget.uasset" 298
"../../../ConsoleGameGame/Content/2DSideScrollerBP/Blueprints/MainMenuWidget.uasset" 299
"../../../ConsoleGameGame/Content/2DSideScrollerBP/Blueprints/MainMenuHud.uasset" 300
"../../../ConsoleGameGame/Content/2DSideScrollerBP/Blueprints/MainMenuMode.uasset" 301
"../../../ConsoleGameGame/Content/2DSideScrollerBP/Music/bensound-extremeaction.uasset" 302
"../../../ConsoleGameGame/Content/2DSideScrollerBP/Maps/MainMenu.umap" 303
"../../../ConsoleGameGame/Content/StarterContent/Blueprints/Assets/FogBrightnessLUT.uasset" 304
"../../../ConsoleGameGame/Content/StarterContent/Blueprints/Assets/SunlightColorLUT.uasset" 305
"../../../ConsoleGameGame/Content/StarterContent/Blueprints/Assets/M_LightStage_Arrows.uasset" 306
"../../../Engine/Content/MapTemplates/Sky/DaylightAmbientCubemap.uasset" 307
"../../../ConsoleGameGame/Content/StarterContent/Blueprints/Assets/M_LightStage_Skybox_Master.uasset" 308
"../../../ConsoleGameGame/Content/StarterContent/Blueprints/Assets/M_LightStage_Skybox_Black.uasset" 309
"../../../ConsoleGameGame/Content/StarterContent/Blueprints/Assets/M_LightStage_Skybox_HDRI.uasset" 310
"../../../Engine/Content/EditorMaterials/Thumbnails/SkySphereMaterial.uasset" 311
"../../../ConsoleGameGame/Content/StarterContent/Blueprints/Assets/Skybox.uasset" 312
"../../../ConsoleGameGame/Content/StarterContent/Blueprints/Assets/SM_Arrows.uasset" 313
"../../../ConsoleGameGame/Content/StarterContent/HDRI/HDRI_Epic_Courtyard_Daylight.uasset" 314
"../../../ConsoleGameGame/Content/StarterContent/Blueprints/BP_LightStudio.uasset" 315
"../../../ConsoleGameGame/Content/StarterContent/Materials/M_AssetPlatform.uasset" 316
"../../../Engine/Content/EditorMeshes/ColorCalibrator/M_ChromeBall.uasset" 317
"../../../Engine/Content/EditorMeshes/ColorCalibrator/M_ClearCoat.uasset" 318
"../../../Engine/Content/EditorMeshes/ColorCalibrator/M_ClearCoatBlack.uasset" 319
"../../../Engine/Content/EditorMeshes/ColorCalibrator/M_ColorGrid.uasset" 320
"../../../Engine/Content/EditorMeshes/ColorCalibrator/M_GreyBall.uasset" 321
"../../../Engine/Content/EditorMeshes/ColorCalibrator/SM_ColorCalibrator.uasset" 322
"../../../ConsoleGameGame/Content/StarterContent/Architecture/SM_AssetPlatform.uasset" 323
"../../../ConsoleGameGame/Content/StarterContent/Maps/Advanced_Lighting.umap" 324
"../../../Engine/Content/EngineSky/C_Sky_Cloud_Color.uasset" 325
"../../../Engine/Content/EngineSky/C_Sky_Horizon_Color.uasset" 326
"../../../Engine/Content/EngineSky/C_Sky_Zenith_Color.uasset" 327
"../../../Engine/Content/EngineSky/T_Sky_Blue.uasset" 328
"../../../Engine/Content/EngineSky/T_Sky_Clouds_M.uasset" 329
"../../../Engine/Content/EngineSky/T_Sky_Stars.uasset" 330
"../../../Engine/Content/EngineSky/M_Sky_Panning_Clouds2.uasset" 331
"../../../Engine/Content/EngineSky/SM_SkySphere.uasset" 332
"../../../Engine/Content/EngineSky/BP_Sky_Sphere.uasset" 333
"../../../ConsoleGameGame/Content/StarterContent/Textures/T_MacroVariation.uasset" 334
"../../../ConsoleGameGame/Content/StarterContent/Materials/M_Metal_Brushed_Nickel.uasset" 335
"../../../ConsoleGameGame/Content/StarterContent/Textures/T_Metal_Aluminum_D.uasset" 336
"../../../ConsoleGameGame/Content/StarterContent/Textures/T_Metal_Gold_N.uasset" 337
"../../../ConsoleGameGame/Content/StarterContent/Materials/M_Metal_Burnished_Steel.uasset" 338
"../../../ConsoleGameGame/Content/StarterContent/Textures/T_Metal_Copper_D.uasset" 339
"../../../ConsoleGameGame/Content/StarterContent/Materials/M_Metal_Copper.uasset" 340
"../../../ConsoleGameGame/Content/StarterContent/Textures/T_Statue_M.uasset" 341
"../../../ConsoleGameGame/Content/StarterContent/Textures/T_Statue_N.uasset" 342
"../../../ConsoleGameGame/Content/StarterContent/Props/Materials/M_StatueGlass.uasset" 343
"../../../ConsoleGameGame/Content/StarterContent/Architecture/Floor_400x400.uasset" 344
"../../../ConsoleGameGame/Content/StarterContent/Audio/Starter_Background_Cue.uasset" 345
"../../../ConsoleGameGame/Content/StarterContent/Props/SM_Chair.uasset" 346
"../../../ConsoleGameGame/Content/StarterContent/Props/Materials/M_Statue.uasset" 347
"../../../ConsoleGameGame/Content/StarterContent/Props/SM_Statue.uasset" 348
"../../../ConsoleGameGame/Content/StarterContent/Textures/T_TableRound_M.uasset" 349
"../../../ConsoleGameGame/Content/StarterContent/Textures/T_TableRound_N.uasset" 350
"../../../ConsoleGameGame/Content/StarterContent/Props/Materials/M_TableRound.uasset" 351
"../../../ConsoleGameGame/Content/StarterContent/Props/SM_TableRound.uasset" 352
"../../../ConsoleGameGame/Content/StarterContent/Maps/Minimal_Default.umap" 353
"../../../ConsoleGameGame/Content/StarterContent/Audio/Fire01_Cue.uasset" 354
"../../../ConsoleGameGame/Content/StarterContent/Textures/T_Fire_SubUV.uasset" 355
"../../../ConsoleGameGame/Content/StarterContent/Textures/T_Fire_Tiled_D.uasset" 356
"../../../ConsoleGameGame/Content/StarterContent/Particles/Materials/M_Fire_SubUV.uasset" 357
"../../../ConsoleGameGame/Content/StarterContent/Textures/T_Water_N.uasset" 358
"../../../ConsoleGameGame/Content/StarterContent/Particles/Materials/M_Heat_Distortion.uasset" 359
"../../../ConsoleGameGame/Content/StarterContent/Particles/Materials/M_Radial_Gradient.uasset" 360
"../../../ConsoleGameGame/Content/StarterContent/Particles/P_Fire.uasset" 361
"../../../ConsoleGameGame/Content/StarterContent/Blueprints/Blueprint_Effect_Fire.uasset" 362
"../../../ConsoleGameGame/Content/StarterContent/Audio/Smoke01_Cue.uasset" 363
"../../../ConsoleGameGame/Content/StarterContent/Particles/P_Smoke.uasset" 364
"../../../ConsoleGameGame/Content/StarterContent/Blueprints/Blueprint_Effect_Smoke.uasset" 365
"../../../ConsoleGameGame/Content/StarterContent/Audio/Fire_Sparks01_Cue.uasset" 366
"../../../ConsoleGameGame/Content/StarterContent/Textures/T_Spark_Core.uasset" 367
"../../../ConsoleGameGame/Content/StarterContent/Particles/Materials/M_Spark.uasset" 368
"../../../ConsoleGameGame/Content/StarterContent/Particles/P_Sparks.uasset" 369
"../../../ConsoleGameGame/Content/StarterContent/Blueprints/Blueprint_Effect_Sparks.uasset" 370
"../../../ConsoleGameGame/Content/StarterContent/Audio/Steam01_Cue.uasset" 371
"../../../ConsoleGameGame/Content/StarterContent/Particles/P_Steam_Lit.uasset" 372
"../../../ConsoleGameGame/Content/StarterContent/Blueprints/Blueprint_Effect_Steam.uasset" 373
"../../../ConsoleGameGame/Content/StarterContent/Textures/T_Lamp_M.uasset" 374
"../../../ConsoleGameGame/Content/StarterContent/Textures/T_Lamp_N.uasset" 375
"../../../ConsoleGameGame/Content/StarterContent/Props/Materials/M_Lamp.uasset" 376
"../../../ConsoleGameGame/Content/StarterContent/Props/SM_Lamp_Ceiling.uasset" 377
"../../../ConsoleGameGame/Content/StarterContent/Blueprints/Blueprint_CeilingLight.uasset" 378
"../../../ConsoleGameGame/Content/StarterContent/Props/SM_Lamp_Wall.uasset" 379
"../../../ConsoleGameGame/Content/StarterContent/Blueprints/Blueprint_WallSconce.uasset" 380
"../../../Engine/Content/Functions/Engine_MaterialFunctions03/Procedurals/ComputeFilterWidth.uasset" 381
"../../../Engine/Content/EngineMaterials/AntiAliasedTextMaterialTranslucent.uasset" 382
"../../../ConsoleGameGame/Content/StarterContent/Textures/T_Brick_Clay_Beveled_D.uasset" 383
"../../../ConsoleGameGame/Content/StarterContent/Textures/T_Brick_Clay_Beveled_M.uasset" 384
"../../../ConsoleGameGame/Content/StarterContent/Textures/T_Brick_Clay_Beveled_N.uasset" 385
"../../../ConsoleGameGame/Content/StarterContent/Materials/M_Brick_Clay_Beveled.uasset" 386
"../../../ConsoleGameGame/Content/StarterContent/Textures/T_Brick_Clay_New_D.uasset" 387
"../../../ConsoleGameGame/Content/StarterContent/Textures/T_Brick_Clay_New_M.uasset" 388
"../../../ConsoleGameGame/Content/StarterContent/Textures/T_Brick_Clay_New_N.uasset" 389
"../../../ConsoleGameGame/Content/StarterContent/Materials/M_Brick_Clay_New.uasset" 390
"../../../ConsoleGameGame/Content/StarterContent/Textures/T_Brick_Clay_Old_D.uasset" 391
"../../../ConsoleGameGame/Content/StarterContent/Textures/T_Brick_Clay_Old_N.uasset" 392
"../../../ConsoleGameGame/Content/StarterContent/Textures/T_Perlin_Noise_M.uasset" 393
"../../../ConsoleGameGame/Content/StarterContent/Materials/M_Brick_Clay_Old.uasset" 394
"../../../ConsoleGameGame/Content/StarterContent/Textures/T_Brick_Cut_Stone_D.uasset" 395
"../../../ConsoleGameGame/Content/StarterContent/Textures/T_Brick_Cut_Stone_N.uasset" 396
"../../../ConsoleGameGame/Content/StarterContent/Materials/M_Brick_Cut_Stone.uasset" 397
"../../../ConsoleGameGame/Content/StarterContent/Textures/T_Brick_Hewn_Stone_D.uasset" 398
"../../../ConsoleGameGame/Content/StarterContent/Textures/T_Brick_Hewn_Stone_M.uasset" 399
"../../../ConsoleGameGame/Content/StarterContent/Textures/T_Brick_Hewn_Stone_N.uasset" 400
"../../../ConsoleGameGame/Content/StarterContent/Materials/M_Brick_Hewn_Stone.uasset" 401
"../../../ConsoleGameGame/Content/StarterContent/Textures/T_Ceramic_Tile_M.uasset" 402
"../../../ConsoleGameGame/Content/StarterContent/Textures/T_Ceramic_Tile_N.uasset" 403
"../../../ConsoleGameGame/Content/StarterContent/Textures/T_Rock_Marble_Polished_D.uasset" 404
"../../../ConsoleGameGame/Content/StarterContent/Materials/M_Ceramic_Tile_Checker.uasset" 405
"../../../ConsoleGameGame/Content/StarterContent/Textures/T_CobbleStone_Pebble_D.uasset" 406
"../../../ConsoleGameGame/Content/StarterContent/Textures/T_CobbleStone_Pebble_M.uasset" 407
"../../../ConsoleGameGame/Content/StarterContent/Textures/T_CobbleStone_Pebble_N.uasset" 408
"../../../ConsoleGameGame/Content/StarterContent/Materials/M_CobbleStone_Pebble.uasset" 409
"../../../ConsoleGameGame/Content/StarterContent/Textures/T_CobbleStone_Rough_D.uasset" 410
"../../../ConsoleGameGame/Content/StarterContent/Textures/T_CobbleStone_Rough_N.uasset" 411
"../../../ConsoleGameGame/Content/StarterContent/Textures/T_Gradinet_01.uasset" 412
"../../../ConsoleGameGame/Content/StarterContent/Textures/T_Rock_Smooth_Granite_D.uasset" 413
"../../../ConsoleGameGame/Content/StarterContent/Materials/M_CobbleStone_Rough.uasset" 414
"../../../ConsoleGameGame/Content/StarterContent/Textures/T_CobbleStone_Smooth_D.uasset" 415
"../../../ConsoleGameGame/Content/StarterContent/Textures/T_CobbleStone_Smooth_M.uasset" 416
"../../../ConsoleGameGame/Content/StarterContent/Textures/T_CobbleStone_Smooth_N.uasset" 417
"../../../ConsoleGameGame/Content/StarterContent/Materials/M_CobbleStone_Smooth.uasset" 418
"../../../ConsoleGameGame/Content/StarterContent/Textures/T_Concrete_Grime_D.uasset" 419
"../../../ConsoleGameGame/Content/StarterContent/Textures/T_Metal_Rust_N.uasset" 420
"../../../ConsoleGameGame/Content/StarterContent/Materials/M_Concrete_Grime.uasset" 421
"../../../ConsoleGameGame/Content/StarterContent/Textures/T_Concrete_Panels_D.uasset" 422
"../../../ConsoleGameGame/Content/StarterContent/Textures/T_Concrete_Panels_N.uasset" 423
"../../../ConsoleGameGame/Content/StarterContent/Materials/M_Concrete_Panels.uasset" 424
"../../../ConsoleGameGame/Content/StarterContent/Textures/T_Concrete_Poured_D.uasset" 425
"../../../ConsoleGameGame/Content/StarterContent/Textures/T_Concrete_Poured_N.uasset" 426
"../../../ConsoleGameGame/Content/StarterContent/Materials/M_Concrete_Poured.uasset" 427
"../../../ConsoleGameGame/Content/StarterContent/Textures/T_Concrete_Tiles_D.uasset" 428
"../../../ConsoleGameGame/Content/StarterContent/Textures/T_Concrete_Tiles_M.uasset" 429
"../../../ConsoleGameGame/Content/StarterContent/Textures/T_Concrete_Tiles_N.uasset" 430
"../../../ConsoleGameGame/Content/StarterContent/Textures/T_Concrete_Tiles_Variation_M.uasset" 431
"../../../ConsoleGameGame/Content/StarterContent/Materials/M_Concrete_Tiles.uasset" 432
"../../../ConsoleGameGame/Content/StarterContent/Textures/T_Ground_Grass_D.uasset" 433
"../../../ConsoleGameGame/Content/StarterContent/Textures/T_Ground_Grass_N.uasset" 434
"../../../ConsoleGameGame/Content/StarterContent/Materials/M_Ground_Grass.uasset" 435
"../../../ConsoleGameGame/Content/StarterContent/Textures/T_Ground_Gravel_D.uasset" 436
"../../../ConsoleGameGame/Content/StarterContent/Textures/T_Ground_Gravel_N.uasset" 437
"../../../ConsoleGameGame/Content/StarterContent/Materials/M_Ground_Gravel.uasset" 438
"../../../ConsoleGameGame/Content/StarterContent/Textures/T_ground_Moss_D.uasset" 439
"../../../ConsoleGameGame/Content/StarterContent/Textures/T_Ground_Moss_N.uasset" 440
"../../../ConsoleGameGame/Content/StarterContent/Materials/M_Ground_Moss.uasset" 441
"../../../ConsoleGameGame/Content/StarterContent/Materials/M_Metal_Chrome.uasset" 442
"../../../ConsoleGameGame/Content/StarterContent/Textures/T_Metal_Gold_D.uasset" 443
"../../../ConsoleGameGame/Content/StarterContent/Materials/M_Metal_Gold.uasset" 444
"../../../ConsoleGameGame/Content/StarterContent/Textures/T_Metal_Rust_D.uasset" 445
"../../../ConsoleGameGame/Content/StarterContent/Materials/M_Metal_Rust.uasset" 446
"../../../ConsoleGameGame/Content/StarterContent/Textures/T_Metal_Steel_D.uasset" 447
"../../../ConsoleGameGame/Content/StarterContent/Textures/T_Metal_Steel_N.uasset" 448
"../../../ConsoleGameGame/Content/StarterContent/Materials/M_Metal_Steel.uasset" 449
"../../../ConsoleGameGame/Content/StarterContent/Textures/T_Rock_Basalt_N.uasset" 450
"../../../ConsoleGameGame/Content/StarterContent/Materials/M_Rock_Basalt.uasset" 451
"../../../ConsoleGameGame/Content/StarterContent/Materials/M_Rock_Marble_Polished.uasset" 452
"../../../ConsoleGameGame/Content/StarterContent/Textures/T_Rock_Sandstone_D.uasset" 453
"../../../ConsoleGameGame/Content/StarterContent/Textures/T_Rock_Sandstone_N.uasset" 454
"../../../ConsoleGameGame/Content/StarterContent/Materials/M_Rock_Sandstone.uasset" 455
"../../../ConsoleGameGame/Content/StarterContent/Textures/T_Rock_Slate_D.uasset" 456
"../../../ConsoleGameGame/Content/StarterContent/Textures/T_Rock_Slate_N.uasset" 457
"../../../ConsoleGameGame/Content/StarterContent/Materials/M_Rock_Slate.uasset" 458
"../../../ConsoleGameGame/Content/StarterContent/Textures/T_Checker_Noise_M.uasset" 459
"../../../ConsoleGameGame/Content/StarterContent/Textures/T_Single_Tile_N.uasset" 460
"../../../ConsoleGameGame/Content/StarterContent/Textures/T_Tech_Dot_M.uasset" 461
"../../../ConsoleGameGame/Content/StarterContent/Textures/T_Tech_Dot_N.uasset" 462
"../../../ConsoleGameGame/Content/StarterContent/Materials/M_Tech_Checker_Dot.uasset" 463
"../../../ConsoleGameGame/Content/StarterContent/Textures/T_Tech_Hex_Tile_M.uasset" 464
"../../../ConsoleGameGame/Content/StarterContent/Textures/T_Tech_Hex_Tile_N.uasset" 465
"../../../ConsoleGameGame/Content/StarterContent/Materials/M_Tech_Hex_Tile.uasset" 466
"../../../ConsoleGameGame/Content/StarterContent/Materials/M_Tech_Hex_Tile_Pulse.uasset" 467
"../../../ConsoleGameGame/Content/StarterContent/Textures/T_Tech_Panel_M.uasset" 468
"../../../ConsoleGameGame/Content/StarterContent/Textures/T_Tech_Panel_N.uasset" 469
"../../../ConsoleGameGame/Content/StarterContent/Materials/M_Tech_Panel.uasset" 470
"../../../ConsoleGameGame/Content/StarterContent/Materials/M_Water_Lake.uasset" 471
"../../../ConsoleGameGame/Content/StarterContent/Textures/T_Water_M.uasset" 472
"../../../ConsoleGameGame/Content/StarterContent/Materials/M_Water_Ocean.uasset" 473
"../../../ConsoleGameGame/Content/StarterContent/Textures/T_Wood_Floor_Walnut_D.uasset" 474
"../../../ConsoleGameGame/Content/StarterContent/Textures/T_Wood_Floor_Walnut_M.uasset" 475
"../../../ConsoleGameGame/Content/StarterContent/Textures/T_Wood_Floor_Walnut_N.uasset" 476
"../../../ConsoleGameGame/Content/StarterContent/Materials/M_Wood_Floor_Walnut_Polished.uasset" 477
"../../../Engine/Content/Functions/Engine_MaterialFunctions01/Opacity/AlphaOffset.uasset" 478
"../../../ConsoleGameGame/Content/StarterContent/Materials/M_Wood_Floor_Walnut_Worn.uasset" 479
"../../../ConsoleGameGame/Content/StarterContent/Textures/T_Wood_Oak_D.uasset" 480
"../../../ConsoleGameGame/Content/StarterContent/Textures/T_Wood_Oak_N.uasset" 481
"../../../ConsoleGameGame/Content/StarterContent/Materials/M_Wood_Oak.uasset" 482
"../../../ConsoleGameGame/Content/StarterContent/Textures/T_Wood_Pine_D.uasset" 483
"../../../ConsoleGameGame/Content/StarterContent/Textures/T_Wood_Pine_N.uasset" 484
"../../../ConsoleGameGame/Content/StarterContent/Materials/M_Wood_Pine.uasset" 485
"../../../ConsoleGameGame/Content/StarterContent/Textures/T_Wood_Walnut_D.uasset" 486
"../../../ConsoleGameGame/Content/StarterContent/Textures/T_Wood_Walnut_N.uasset" 487
"../../../ConsoleGameGame/Content/StarterContent/Materials/M_Wood_Walnut.uasset" 488
"../../../ConsoleGameGame/Content/StarterContent/Architecture/Wall_400x200.uasset" 489
"../../../ConsoleGameGame/Content/StarterContent/Architecture/Wall_Door_400x300.uasset" 490
"../../../ConsoleGameGame/Content/StarterContent/Architecture/Wall_Window_400x300.uasset" 491
"../../../ConsoleGameGame/Content/StarterContent/Audio/Collapse_Cue.uasset" 492
"../../../ConsoleGameGame/Content/StarterContent/Audio/Starter_Music_Cue.uasset" 493
"../../../ConsoleGameGame/Content/StarterContent/Textures/T_Dust_Particle_D.uasset" 494
"../../../ConsoleGameGame/Content/StarterContent/Particles/Materials/M_Dust_Particle.uasset" 495
"../../../ConsoleGameGame/Content/StarterContent/Particles/P_Ambient_Dust.uasset" 496
"../../../ConsoleGameGame/Content/StarterContent/Props/MaterialSphere.uasset" 497
"../../../ConsoleGameGame/Content/StarterContent/Textures/T_Frame_M.uasset" 498
"../../../ConsoleGameGame/Content/StarterContent/Textures/T_Frame_N.uasset" 499
"../../../ConsoleGameGame/Content/StarterContent/Props/Materials/M_Frame.uasset" 500
"../../../ConsoleGameGame/Content/StarterContent/Props/SM_CornerFrame.uasset" 501
"../../../ConsoleGameGame/Content/StarterContent/Props/SM_DoorFrame.uasset" 502
"../../../ConsoleGameGame/Content/StarterContent/Props/SM_GlassWindow.uasset" 503
"../../../ConsoleGameGame/Content/StarterContent/Props/SM_PillarFrame.uasset" 504
"../../../ConsoleGameGame/Content/StarterContent/Props/SM_PillarFrame300.uasset" 505
"../../../ConsoleGameGame/Content/StarterContent/Props/SM_WindowFrame.uasset" 506
"../../../ConsoleGameGame/Content/StarterContent/Shapes/Shape_Cube.uasset" 507
"../../../ConsoleGameGame/Content/StarterContent/Shapes/Shape_QuadPyramid.uasset" 508
"../../../ConsoleGameGame/Content/StarterContent/Shapes/Shape_Sphere.uasset" 509
"../../../ConsoleGameGame/Content/StarterContent/Maps/StarterMap.umap" 510
"../../../Engine/Content/Maps/Entry.umap" 511
