Log file open, 01/10/18 08:02:00
LogWindows: Failed to load 'aqProf.dll' (GetLastError=126)
LogWindows: File 'aqProf.dll' does not exist
LogWindows: Failed to load 'VtuneApi.dll' (GetLastError=126)
LogWindows: File 'VtuneApi.dll' does not exist
LogWindows: Failed to load 'VtuneApi32e.dll' (GetLastError=126)
LogWindows: File 'VtuneApi32e.dll' does not exist
LogInit: Display: Running engine for game: ConsoleGameGame
LogPlatformFile: Not using cached read wrapper
LogInit: Display: RandInit(-1205487273) SRandInit(-1205487273).
LogInit: Read version file with build ID '3709383'
LogInit: Overriding engine version to CL 3794801, compatible CL 3709383
LogInit: Registered custom module enumerator with build ID '3709383'
LogTaskGraph: Started task graph with 5 named threads and 14 total threads with 3 sets of task threads.
LogStats: Stats thread started at 0.184479
LogD3D11RHI: Aftermath initialized
LogModuleManager: Display: Found up-to-date module file ../../../Engine/Plugins/2D/Paper2D/Binaries/Win64/UE4Editor-Paper2D.dll (API version 3709383).
LogModuleManager: Display: Found up-to-date module file ../../../Engine/Plugins/2D/Paper2D/Binaries/Win64/UE4Editor-Paper2DEditor.dll (API version 3709383).
LogModuleManager: Display: Found up-to-date module file ../../../Engine/Plugins/2D/Paper2D/Binaries/Win64/UE4Editor-PaperSpriteSheetImporter.dll (API version 3709383).
LogModuleManager: Display: Found up-to-date module file ../../../Engine/Plugins/2D/Paper2D/Binaries/Win64/UE4Editor-PaperTiledImporter.dll (API version 3709383).
LogModuleManager: Display: Found up-to-date module file ../../../Engine/Plugins/2D/Paper2D/Binaries/Win64/UE4Editor-SmartSnapping.dll (API version 3709383).
LogModuleManager: Display: Found up-to-date module file ../../../Engine/Plugins/Blendables/LightPropagationVolume/Binaries/Win64/UE4Editor-LightPropagationVolumeRuntime.dll (API version 3709383).
LogModuleManager: Display: Found up-to-date module file ../../../Engine/Plugins/Blendables/LightPropagationVolume/Binaries/Win64/UE4Editor-LightPropagationVolumeEditor.dll (API version 3709383).
LogModuleManager: Display: Found up-to-date module file ../../../Engine/Plugins/Developer/GitSourceControl/Binaries/Win64/UE4Editor-GitSourceControl.dll (API version 3709383).
LogModuleManager: Display: Found up-to-date module file ../../../Engine/Plugins/Developer/PerforceSourceControl/Binaries/Win64/UE4Editor-PerforceSourceControl.dll (API version 3709383).
LogModuleManager: Display: Found up-to-date module file ../../../Engine/Plugins/Developer/SubversionSourceControl/Binaries/Win64/UE4Editor-SubversionSourceControl.dll (API version 3709383).
LogModuleManager: Display: Found up-to-date module file ../../../Engine/Plugins/Developer/UObjectPlugin/Binaries/Win64/UE4Editor-UObjectPlugin.dll (API version 3709383).
LogModuleManager: Display: Found up-to-date module file ../../../Engine/Plugins/Developer/VisualStudioCodeSourceCodeAccess/Binaries/Win64/UE4Editor-VisualStudioCodeSourceCodeAccess.dll (API version 3709383).
LogModuleManager: Display: Found up-to-date module file ../../../Engine/Plugins/Developer/VisualStudioSourceCodeAccess/Binaries/Win64/UE4Editor-VisualStudioSourceCodeAccess.dll (API version 3709383).
LogModuleManager: Display: Found up-to-date module file ../../../Engine/Plugins/Editor/AssetManagerEditor/Binaries/Win64/UE4Editor-AssetManagerEditor.dll (API version 3709383).
LogModuleManager: Display: Found up-to-date module file ../../../Engine/Plugins/Editor/AudioCapture/Binaries/Win64/UE4Editor-AudioCapture.dll (API version 3709383).
LogModuleManager: Display: Found up-to-date module file ../../../Engine/Plugins/Editor/FacialAnimation/Binaries/Win64/UE4Editor-FacialAnimation.dll (API version 3709383).
LogModuleManager: Display: Found up-to-date module file ../../../Engine/Plugins/Editor/FacialAnimation/Binaries/Win64/UE4Editor-FacialAnimationEditor.dll (API version 3709383).
LogModuleManager: Display: Found up-to-date module file ../../../Engine/Plugins/Editor/GameplayTagsEditor/Binaries/Win64/UE4Editor-GameplayTagsEditor.dll (API version 3709383).
LogModuleManager: Display: Found up-to-date module file ../../../Engine/Plugins/Editor/MobileLauncherProfileWizard/Binaries/Win64/UE4Editor-MobileLauncherProfileWizard.dll (API version 3709383).
LogModuleManager: Display: Found up-to-date module file ../../../Engine/Plugins/Editor/PluginBrowser/Binaries/Win64/UE4Editor-PluginBrowser.dll (API version 3709383).
LogModuleManager: Display: Found up-to-date module file ../../../Engine/Plugins/Editor/SpeedTreeImporter/Binaries/Win64/UE4Editor-SpeedTreeImporter.dll (API version 3709383).
LogModuleManager: Display: Found up-to-date module file ../../../Engine/Plugins/Experimental/AlembicImporter/Binaries/Win64/UE4Editor-AlembicImporter.dll (API version 3709383).
LogModuleManager: Display: Found up-to-date module file ../../../Engine/Plugins/Experimental/AlembicImporter/Binaries/Win64/UE4Editor-AlembicLibrary.dll (API version 3709383).
LogModuleManager: Display: Found up-to-date module file ../../../Engine/Plugins/Experimental/CharacterAI/Binaries/Win64/UE4Editor-CharacterAI.dll (API version 3709383).
LogModuleManager: Display: Found up-to-date module file ../../../Engine/Plugins/Experimental/HTML5Networking/Binaries/Win64/UE4Editor-HTML5Networking.dll (API version 3709383).
LogModuleManager: Display: Found up-to-date module file ../../../Engine/Plugins/Media/AndroidMedia/Binaries/Win64/UE4Editor-AndroidMediaEditor.dll (API version 3709383).
LogModuleManager: Display: Found up-to-date module file ../../../Engine/Plugins/Media/AndroidMedia/Binaries/Win64/UE4Editor-AndroidMediaFactory.dll (API version 3709383).
LogModuleManager: Display: Found up-to-date module file ../../../Engine/Plugins/Media/AvfMedia/Binaries/Win64/UE4Editor-AvfMediaEditor.dll (API version 3709383).
LogModuleManager: Display: Found up-to-date module file ../../../Engine/Plugins/Media/AvfMedia/Binaries/Win64/UE4Editor-AvfMediaFactory.dll (API version 3709383).
LogModuleManager: Display: Found up-to-date module file ../../../Engine/Plugins/Media/AvfMedia/Binaries/Win64/UE4Editor-AvfMediaFactory.dll (API version 3709383).
LogModuleManager: Display: Found up-to-date module file ../../../Engine/Plugins/Media/ImgMedia/Binaries/Win64/UE4Editor-ImgMedia.dll (API version 3709383).
LogModuleManager: Display: Found up-to-date module file ../../../Engine/Plugins/Media/ImgMedia/Binaries/Win64/UE4Editor-ImgMediaEditor.dll (API version 3709383).
LogModuleManager: Display: Found up-to-date module file ../../../Engine/Plugins/Media/ImgMedia/Binaries/Win64/UE4Editor-ImgMediaFactory.dll (API version 3709383).
LogModuleManager: Display: Found up-to-date module file ../../../Engine/Plugins/Media/ImgMedia/Binaries/Win64/UE4Editor-ImgMediaFactory.dll (API version 3709383).
LogModuleManager: Display: Found up-to-date module file ../../../Engine/Plugins/Media/ImgMedia/Binaries/Win64/UE4Editor-OpenExrWrapper.dll (API version 3709383).
LogModuleManager: Display: Found up-to-date module file ../../../Engine/Plugins/Media/MediaCompositing/Binaries/Win64/UE4Editor-MediaCompositing.dll (API version 3709383).
LogModuleManager: Display: Found up-to-date module file ../../../Engine/Plugins/Media/MediaCompositing/Binaries/Win64/UE4Editor-MediaCompositingEditor.dll (API version 3709383).
LogModuleManager: Display: Found up-to-date module file ../../../Engine/Plugins/Media/MediaPlayerEditor/Binaries/Win64/UE4Editor-MediaPlayerEditor.dll (API version 3709383).
LogModuleManager: Display: Found up-to-date module file ../../../Engine/Plugins/Media/WmfMedia/Binaries/Win64/UE4Editor-WmfMedia.dll (API version 3709383).
LogModuleManager: Display: Found up-to-date module file ../../../Engine/Plugins/Media/WmfMedia/Binaries/Win64/UE4Editor-WmfMediaEditor.dll (API version 3709383).
LogModuleManager: Display: Found up-to-date module file ../../../Engine/Plugins/Media/WmfMedia/Binaries/Win64/UE4Editor-WmfMediaFactory.dll (API version 3709383).
LogModuleManager: Display: Found up-to-date module file ../../../Engine/Plugins/Media/WmfMedia/Binaries/Win64/UE4Editor-WmfMediaFactory.dll (API version 3709383).
LogModuleManager: Display: Found up-to-date module file ../../../Engine/Plugins/Messaging/TcpMessaging/Binaries/Win64/UE4Editor-TcpMessaging.dll (API version 3709383).
LogModuleManager: Display: Found up-to-date module file ../../../Engine/Plugins/Messaging/UdpMessaging/Binaries/Win64/UE4Editor-UdpMessaging.dll (API version 3709383).
LogModuleManager: Display: Found up-to-date module file ../../../Engine/Plugins/MovieScene/ActorSequence/Binaries/Win64/UE4Editor-ActorSequence.dll (API version 3709383).
LogModuleManager: Display: Found up-to-date module file ../../../Engine/Plugins/MovieScene/LevelSequenceEditor/Binaries/Win64/UE4Editor-LevelSequenceEditor.dll (API version 3709383).
LogModuleManager: Display: Found up-to-date module file ../../../Engine/Plugins/MovieScene/MatineeToLevelSequence/Binaries/Win64/UE4Editor-MatineeToLevelSequence.dll (API version 3709383).
LogModuleManager: Display: Found up-to-date module file ../../../Engine/Plugins/Online/OnlineSubsystem/Binaries/Win64/UE4Editor-OnlineSubsystem.dll (API version 3709383).
LogModuleManager: Display: Found up-to-date module file ../../../Engine/Plugins/Runtime/AndroidPermission/Binaries/Win64/UE4Editor-AndroidPermission.dll (API version 3709383).
LogModuleManager: Display: Found up-to-date module file ../../../Engine/Plugins/Online/OnlineSubsystemNull/Binaries/Win64/UE4Editor-OnlineSubsystemNull.dll (API version 3709383).
LogModuleManager: Display: Found up-to-date module file ../../../Engine/Plugins/Online/OnlineSubsystemUtils/Binaries/Win64/UE4Editor-OnlineSubsystemUtils.dll (API version 3709383).
LogModuleManager: Display: Found up-to-date module file ../../../Engine/Plugins/Online/OnlineSubsystemUtils/Binaries/Win64/UE4Editor-OnlineBlueprintSupport.dll (API version 3709383).
LogModuleManager: Display: Found up-to-date module file ../../../Engine/Plugins/Runtime/AndroidDeviceProfileSelector/Binaries/Win64/UE4Editor-AndroidDeviceProfileSelector.dll (API version 3709383).
LogModuleManager: Display: Found up-to-date module file ../../../Engine/Plugins/Runtime/AppleARKit/Binaries/Win64/UE4Editor-AppleARKit.dll (API version 3709383).
LogModuleManager: Display: Found up-to-date module file ../../../Engine/Plugins/Runtime/ArchVisCharacter/Binaries/Win64/UE4Editor-ArchVisCharacter.dll (API version 3709383).
LogModuleManager: Display: Found up-to-date module file ../../../Engine/Plugins/Runtime/CableComponent/Binaries/Win64/UE4Editor-CableComponent.dll (API version 3709383).
LogModuleManager: Display: Found up-to-date module file ../../../Engine/Plugins/Runtime/CustomMeshComponent/Binaries/Win64/UE4Editor-CustomMeshComponent.dll (API version 3709383).
LogModuleManager: Display: Found up-to-date module file ../../../Engine/Plugins/Runtime/ExampleDeviceProfileSelector/Binaries/Win64/UE4Editor-ExampleDeviceProfileSelector.dll (API version 3709383).
LogModuleManager: Display: Found up-to-date module file ../../../Engine/Plugins/Runtime/ImmediatePhysics/Binaries/Win64/UE4Editor-ImmediatePhysics.dll (API version 3709383).
LogModuleManager: Display: Found up-to-date module file ../../../Engine/Plugins/Runtime/ImmediatePhysics/Binaries/Win64/UE4Editor-ImmediatePhysicsEditor.dll (API version 3709383).
LogModuleManager: Display: Found up-to-date module file ../../../Engine/Plugins/Runtime/LocationServicesBPLibrary/Binaries/Win64/UE4Editor-LocationServicesBPLibrary.dll (API version 3709383).
LogModuleManager: Display: Found up-to-date module file ../../../Engine/Plugins/Runtime/MobilePatchingUtils/Binaries/Win64/UE4Editor-MobilePatchingUtils.dll (API version 3709383).
LogModuleManager: Display: Found up-to-date module file ../../../Engine/Plugins/Runtime/Oculus/OculusVR/Binaries/Win64/UE4Editor-OculusHMD.dll (API version 3709383).
LogModuleManager: Display: Found up-to-date module file ../../../Engine/Plugins/Runtime/Oculus/OculusVR/Binaries/Win64/UE4Editor-OculusInput.dll (API version 3709383).
LogModuleManager: Display: Found up-to-date module file ../../../Engine/Plugins/Runtime/Oculus/OculusVR/Binaries/Win64/UE4Editor-OculusEditor.dll (API version 3709383).
LogModuleManager: Display: Found up-to-date module file ../../../Engine/Plugins/Runtime/PhysXVehicles/Binaries/Win64/UE4Editor-PhysXVehicles.dll (API version 3709383).
LogModuleManager: Display: Found up-to-date module file ../../../Engine/Plugins/Runtime/PhysXVehicles/Binaries/Win64/UE4Editor-PhysXVehiclesEditor.dll (API version 3709383).
LogModuleManager: Display: Found up-to-date module file ../../../Engine/Plugins/Runtime/ProceduralMeshComponent/Binaries/Win64/UE4Editor-ProceduralMeshComponent.dll (API version 3709383).
LogModuleManager: Display: Found up-to-date module file ../../../Engine/Plugins/Runtime/ProceduralMeshComponent/Binaries/Win64/UE4Editor-ProceduralMeshComponentEditor.dll (API version 3709383).
LogModuleManager: Display: Found up-to-date module file ../../../Engine/Plugins/Runtime/RuntimePhysXCooking/Binaries/Win64/UE4Editor-RuntimePhysXCooking.dll (API version 3709383).
LogModuleManager: Display: Found up-to-date module file ../../../Engine/Plugins/Runtime/Steam/SteamVR/Binaries/Win64/UE4Editor-SteamVR.dll (API version 3709383).
LogModuleManager: Display: Found up-to-date module file ../../../Engine/Plugins/Runtime/Steam/SteamVR/Binaries/Win64/UE4Editor-SteamVRController.dll (API version 3709383).
LogModuleManager: Display: Found up-to-date module file ../../../Engine/Plugins/Runtime/WindowsMoviePlayer/Binaries/Win64/UE4Editor-WindowsMoviePlayer.dll (API version 3709383).
LogPluginManager: Mounting plugin Paper2D
LogPluginManager: Mounting plugin LightPropagationVolume
LogPluginManager: Mounting plugin CodeLiteSourceCodeAccess
LogPluginManager: Mounting plugin GitSourceControl
LogPluginManager: Mounting plugin KDevelopSourceCodeAccess
LogPluginManager: Mounting plugin NullSourceCodeAccess
LogPluginManager: Mounting plugin PerforceSourceControl
LogPluginManager: Mounting plugin SubversionSourceControl
LogPluginManager: Mounting plugin UObjectPlugin
LogPluginManager: Mounting plugin VisualStudioCodeSourceCodeAccess
LogPluginManager: Mounting plugin VisualStudioSourceCodeAccess
LogPluginManager: Mounting plugin XCodeSourceCodeAccess
LogPluginManager: Mounting plugin AssetManagerEditor
LogPluginManager: Mounting plugin AudioCapture
LogPluginManager: Mounting plugin FacialAnimation
LogPluginManager: Mounting plugin GameplayTagsEditor
LogPluginManager: Mounting plugin MobileLauncherProfileWizard
LogPluginManager: Mounting plugin PluginBrowser
LogPluginManager: Mounting plugin SpeedTreeImporter
LogPluginManager: Mounting plugin AlembicImporter
LogPluginManager: Mounting plugin CharacterAI
LogPluginManager: Mounting plugin HTML5Networking
LogPluginManager: Mounting plugin AndroidMedia
LogPluginManager: Mounting plugin AvfMedia
LogPluginManager: Mounting plugin ImgMedia
LogPluginManager: Mounting plugin MediaCompositing
LogPluginManager: Mounting plugin MediaPlayerEditor
LogPluginManager: Mounting plugin WmfMedia
LogPluginManager: Mounting plugin TcpMessaging
LogPluginManager: Mounting plugin UdpMessaging
LogPluginManager: Mounting plugin ActorSequence
LogPluginManager: Mounting plugin LevelSequenceEditor
LogPluginManager: Mounting plugin MatineeToLevelSequence
LogPluginManager: Mounting plugin OnlineSubsystemGooglePlay
LogPluginManager: Mounting plugin OnlineSubsystemIOS
LogPluginManager: Mounting plugin OnlineSubsystem
LogPluginManager: Mounting plugin OnlineSubsystemNull
LogPluginManager: Mounting plugin OnlineSubsystemUtils
LogPluginManager: Mounting plugin AndroidDeviceProfileSelector
LogPluginManager: Mounting plugin AndroidMoviePlayer
LogPluginManager: Mounting plugin AndroidPermission
LogPluginManager: Mounting plugin AppleARKit
LogPluginManager: Mounting plugin AppleMoviePlayer
LogPluginManager: Mounting plugin ArchVisCharacter
LogPluginManager: Mounting plugin CableComponent
LogPluginManager: Mounting plugin CustomMeshComponent
LogPluginManager: Mounting plugin ExampleDeviceProfileSelector
LogPluginManager: Mounting plugin GoogleCloudMessaging
LogPluginManager: Mounting plugin ImmediatePhysics
LogPluginManager: Mounting plugin IOSDeviceProfileSelector
LogPluginManager: Mounting plugin LinuxDeviceProfileSelector
LogPluginManager: Mounting plugin LocationServicesBPLibrary
LogPluginManager: Mounting plugin MobilePatchingUtils
LogPluginManager: Mounting plugin OculusVR
LogPluginManager: Plugin shader directory ../../../Engine/Plugins/Runtime/Oculus/OculusVR/Shaders found
LogPluginManager: Mapping shader source directory ../../../Engine/Plugins/Runtime/Oculus/OculusVR/Shaders to virtual directory /Plugin/OculusVR
LogPluginManager: Mounting plugin PhysXVehicles
LogPluginManager: Mounting plugin ProceduralMeshComponent
LogPluginManager: Mounting plugin RuntimePhysXCooking
LogPluginManager: Mounting plugin SteamVR
LogPluginManager: Mounting plugin WindowsMoviePlayer
LogInit: Using libcurl 7.47.1
LogInit:  - built for x86_64-pc-win32
LogInit:  - supports SSL with OpenSSL/1.0.2g
LogInit:  - supports HTTP deflate (compression) using libz 1.2.8
LogInit:  - other features:
LogInit:      CURL_VERSION_SSL
LogInit:      CURL_VERSION_LIBZ
LogInit:      CURL_VERSION_IPV6
LogInit:      CURL_VERSION_ASYNCHDNS
LogInit:      CURL_VERSION_LARGEFILE
LogInit:      CURL_VERSION_IDN
LogInit:  CurlRequestOptions (configurable via config and command line):
LogInit:  - bVerifyPeer = false  - Libcurl will NOT verify peer certificate
LogInit:  - bUseHttpProxy = false  - Libcurl will NOT use HTTP proxy
LogInit:  - bDontReuseConnections = false  - Libcurl will reuse connections
LogInit:  - CertBundlePath = nullptr  - Libcurl will use whatever was configured at build time.
LogInit: Build: ++UE4+Release-4.18-CL-3794801
LogInit: Engine Version: 4.18.2-3794801+++UE4+Release-4.18
LogInit: Compatible Engine Version: 4.18.0-3709383+++UE4+Release-4.18
LogInit: Net CL: 3709383
LogDevObjectVersion: Number of dev versions registered: 16
LogDevObjectVersion:   Dev-Blueprints (B0D832E4-1F89-4F0D-ACCF-7EB736FD4AA2): 10
LogDevObjectVersion:   Dev-Build (E1C64328-A22C-4D53-A36C-8E866417BD8C): 0
LogDevObjectVersion:   Dev-Core (375EC13C-06E4-48FB-B500-84F0262A717E): 2
LogDevObjectVersion:   Dev-Editor (E4B068ED-F494-42E9-A231-DA0B2E46BB41): 20
LogDevObjectVersion:   Dev-Framework (CFFC743F-43B0-4480-9391-14DF171D2073): 30
LogDevObjectVersion:   Dev-Mobile (B02B49B5-BB20-44E9-A304-32B752E40360): 0
LogDevObjectVersion:   Dev-Networking (A4E4105C-59A1-49B5-A7C5-40C4547EDFEE): 0
LogDevObjectVersion:   Dev-Online (39C831C9-5AE6-47DC-9A44-9C173E1C8E7C): 0
LogDevObjectVersion:   Dev-Physics (78F01B33-EBEA-4F98-B9B4-84EACCB95AA2): 0
LogDevObjectVersion:   Dev-Platform (6631380F-2D4D-43E0-8009-CF276956A95A): 0
LogDevObjectVersion:   Dev-Rendering (12F88B9F-8875-4AFC-A67C-D90C383ABD29): 20
LogDevObjectVersion:   Dev-Sequencer (7B5AE74C-D270-4C10-A958-57980B212A5A): 4
LogDevObjectVersion:   Dev-VR (D7296918-1DD6-4BDD-9DE2-64A83CC13884): 0
LogDevObjectVersion:   Dev-LoadTimes (C2A15278-BFE7-4AFE-6C17-90FF531DF755): 1
LogDevObjectVersion:   Private-Geometry (6EACA3D4-40EC-4CC1-B786-8BED09428FC5): 1
LogDevObjectVersion:   Dev-AnimPhys (29E575DD-E0A3-4627-9D10-D276232CDCEA): 12
LogInit: Compiled (64-bit): Dec  8 2017 02:04:53
LogInit: Compiled with Visual C++: 19.00.24215.01
LogInit: Build Configuration: Development
LogInit: Branch Name: ++UE4+Release-4.18
LogInit: Command line:  
LogInit: Base directory: C:/Program Files/Epic Games/UE_4.18/Engine/Binaries/Win64/
LogInit: Installed Engine Build: 1
LogInit: Presizing for max 8388607 objects, including 0 objects not considered by GC, pre-allocating 0 bytes for permanent pool.
LogInit: Object subsystem initialized
[2018.01.10-13.02.02:491][  0]LogInit: Selected Device Profile: [Windows]
[2018.01.10-13.02.02:491][  0]LogInit: Applying CVar settings loaded from the selected device profile: [Windows]
[2018.01.10-13.02.02:512][  0]LogInit: Computer: DESKTOP-E68HP95
[2018.01.10-13.02.02:512][  0]LogInit: User: KING
[2018.01.10-13.02.02:512][  0]LogInit: CPU Page size=4096, Cores=4
[2018.01.10-13.02.02:512][  0]LogInit: High frequency timer resolution =2.531251 MHz
[2018.01.10-13.02.02:512][  0]LogMemory: Memory total: Physical=15.9GB (16GB approx)
[2018.01.10-13.02.02:512][  0]LogMemory: Platform Memory Stats for Windows
[2018.01.10-13.02.02:512][  0]LogMemory: Process Physical Memory: 273.40 MB used, 273.40 MB peak
[2018.01.10-13.02.02:512][  0]LogMemory: Process Virtual Memory: 270.77 MB used, 270.77 MB peak
[2018.01.10-13.02.02:512][  0]LogMemory: Physical Memory: 4018.39 MB used,  12264.15 MB free, 16282.54 MB total
[2018.01.10-13.02.02:512][  0]LogMemory: Virtual Memory: 678.71 MB used,  12264.15 MB free, 134217728.00 MB total
[2018.01.10-13.02.04:731][  0]LogInit: Using OS detected language (en-US).
[2018.01.10-13.02.04:731][  0]LogInit: Using OS detected locale (en-CA).
[2018.01.10-13.02.05:042][  0]LogTextLocalizationManager: No specific localization for 'en-US' exists, so the 'en' localization will be used.
[2018.01.10-13.02.06:425][  0]LogInit: Setting process to per monitor DPI aware
[2018.01.10-13.02.21:673][  0]LogD3D11RHI: D3D11 adapters:
[2018.01.10-13.02.21:813][  0]LogD3D11RHI:    0. 'NVIDIA GeForce GTX 960M' (Feature Level 11_0)
[2018.01.10-13.02.21:813][  0]LogD3D11RHI:       2018/0/8141 MB DedicatedVideo/DedicatedSystem/SharedSystem, Outputs:1, VendorId:0x10de
[2018.01.10-13.02.21:886][  0]LogD3D11RHI:    1. 'Intel(R) HD Graphics 530' (Feature Level 11_0)
[2018.01.10-13.02.21:886][  0]LogD3D11RHI:       128/0/8141 MB DedicatedVideo/DedicatedSystem/SharedSystem, Outputs:0, VendorId:0x8086
[2018.01.10-13.02.21:894][  0]LogD3D11RHI:    2. 'Microsoft Basic Render Driver' (Feature Level 11_0)
[2018.01.10-13.02.21:894][  0]LogD3D11RHI:       0/0/8141 MB DedicatedVideo/DedicatedSystem/SharedSystem, Outputs:0, VendorId:0x1414
[2018.01.10-13.02.21:894][  0]LogD3D11RHI: Chosen D3D11 Adapter: 0
[2018.01.10-13.02.21:923][  0]LogD3D11RHI: Creating new Direct3DDevice
[2018.01.10-13.02.21:929][  0]LogD3D11RHI:     GPU DeviceId: 0x139b (for the marketing name, search the web for "GPU Device Id")
[2018.01.10-13.02.21:929][  0]LogWindows: EnumDisplayDevices:
[2018.01.10-13.02.21:929][  0]LogWindows:    0. 'Intel(R) HD Graphics 530' (P:1 D:1)
[2018.01.10-13.02.21:931][  0]LogWindows:    1. 'Intel(R) HD Graphics 530' (P:0 D:0)
[2018.01.10-13.02.21:932][  0]LogWindows:    2. 'Intel(R) HD Graphics 530' (P:0 D:0)
[2018.01.10-13.02.21:933][  0]LogWindows: DebugString: GetVideoDriverDetailsInvalid PrimaryIsNotTheChoosenAdapter GetVideoDriverDetailsInvalid PrimaryIsNotTheChoosenAdapter GetVideoDriverDetailsInvalid PrimaryIsNotTheChoosenAdapter FoundDriverCount:0 
[2018.01.10-13.02.21:933][  0]LogD3D11RHI:     Adapter Name: NVIDIA GeForce GTX 960M
[2018.01.10-13.02.21:933][  0]LogD3D11RHI:   Driver Version: Unknown (internal:Unknown, unified:Unknown)
[2018.01.10-13.02.21:933][  0]LogD3D11RHI:      Driver Date: Unknown
[2018.01.10-13.02.21:933][  0]LogRHI: Texture pool is 1413 MB (70% of 2018 MB)
[2018.01.10-13.02.22:513][  0]LogD3D11RHI: Async texture creation enabled
[2018.01.10-13.02.25:666][  0]LogD3D11RHI: GPU Timing Frequency: 1000.000000 (Debug: 2 1)
[2018.01.10-13.02.26:941][  0]LogShaderCompilers: Guid format shader working directory is -21 characters bigger than the processId version (../../../../../../Users/KING/Documents/GitHub/ConsoleGameGame 4.18/Intermediate/Shaders/WorkingDirectory/9864/).
[2018.01.10-13.02.26:942][  0]LogShaderCompilers: Cleaned the shader compiler working directory 'C:/Users/KING/AppData/Local/Temp/UnrealShaderWorkingDir/3033C3BD4854EE7F946009B42069BE14/'.
[2018.01.10-13.02.27:158][  0]LogShaderCompilers: Display: Using Local Shader Compiler.
[2018.01.10-13.02.37:242][  0]LogTemp: Display: Loaded TP AllDesktopTargetPlatform
[2018.01.10-13.02.37:344][  0]LogTemp: Display: Loaded TP MacClientTargetPlatform
[2018.01.10-13.02.37:438][  0]LogTemp: Display: Loaded TP MacNoEditorTargetPlatform
[2018.01.10-13.02.37:548][  0]LogTemp: Display: Loaded TP MacServerTargetPlatform
[2018.01.10-13.02.37:795][  0]LogTemp: Display: Loaded TP MacTargetPlatform
[2018.01.10-13.02.37:915][  0]LogTemp: Display: Loaded TP WindowsClientTargetPlatform
[2018.01.10-13.02.37:990][  0]LogTemp: Display: Loaded TP WindowsNoEditorTargetPlatform
[2018.01.10-13.02.38:059][  0]LogTemp: Display: Loaded TP WindowsServerTargetPlatform
[2018.01.10-13.02.38:339][  0]LogTemp: Display: Loaded TP WindowsTargetPlatform
[2018.01.10-13.02.38:444][  0]LogTemp: Display: Loaded TP Android_ASTCTargetPlatform
[2018.01.10-13.02.38:538][  0]LogTemp: Display: Loaded TP Android_ATCTargetPlatform
[2018.01.10-13.02.38:684][  0]LogTemp: Display: Loaded TP Android_DXTTargetPlatform
[2018.01.10-13.02.38:829][  0]LogTemp: Display: Loaded TP Android_ETC1TargetPlatform
[2018.01.10-13.02.38:930][  0]LogTemp: Display: Loaded TP Android_ETC2TargetPlatform
[2018.01.10-13.02.39:164][  0]LogTemp: Display: Loaded TP Android_MultiTargetPlatform
[2018.01.10-13.02.39:164][  0]LogTemp: Display: Loaded TP Android_PVRTCTargetPlatform
[2018.01.10-13.02.39:713][  0]LogTemp: Display: Loaded TP AndroidTargetPlatform
[2018.01.10-13.02.39:793][  0]LogTemp: Display: Loaded TP HTML5TargetPlatform
[2018.01.10-13.02.40:109][  0]LogTemp: Display: Loaded TP IOSTargetPlatform
[2018.01.10-13.02.40:192][  0]LogTemp: Display: Loaded TP TVOSTargetPlatform
[2018.01.10-13.02.40:284][  0]LogTemp: Display: Loaded TP LinuxClientTargetPlatform
[2018.01.10-13.02.40:355][  0]LogTemp: Display: Loaded TP LinuxNoEditorTargetPlatform
[2018.01.10-13.02.40:428][  0]LogTemp: Display: Loaded TP LinuxServerTargetPlatform
[2018.01.10-13.02.40:850][  0]LogTemp: Display: Loaded TP LinuxTargetPlatform
[2018.01.10-13.02.40:850][  0]LogTargetPlatformManager: Display: Building Assets For Windows
[2018.01.10-13.02.45:354][  0]LogDerivedDataCache: Display: Max Cache Size: 512 MB
[2018.01.10-13.02.47:569][  0]LogDerivedDataCache: Loaded boot cache 2.11s 78MB C:/Users/KING/AppData/Local/UnrealEngine/4.18/DerivedDataCache/Boot.ddc.
[2018.01.10-13.02.47:569][  0]LogDerivedDataCache: Display: Loaded Boot cache: C:/Users/KING/AppData/Local/UnrealEngine/4.18/DerivedDataCache/Boot.ddc
[2018.01.10-13.02.47:569][  0]LogDerivedDataCache: FDerivedDataBackendGraph:  Pak pak cache file ../../../../../../Users/KING/Documents/GitHub/ConsoleGameGame 4.18/DerivedDataCache/DDC.ddp not found, will not use a pak cache.
[2018.01.10-13.02.47:569][  0]LogDerivedDataCache: Unable to find inner node Pak for hierarchical cache Hierarchy.
[2018.01.10-13.02.47:569][  0]LogDerivedDataCache: FDerivedDataBackendGraph:  CompressedPak pak cache file ../../../../../../Users/KING/Documents/GitHub/ConsoleGameGame 4.18/DerivedDataCache/Compressed.ddp not found, will not use a pak cache.
[2018.01.10-13.02.47:569][  0]LogDerivedDataCache: Unable to find inner node CompressedPak for hierarchical cache Hierarchy.
[2018.01.10-13.02.47:850][  0]LogDerivedDataCache: Display: Pak cache opened for reading ../../../Engine/DerivedDataCache/Compressed.ddp.
[2018.01.10-13.02.47:863][  0]LogDerivedDataCache: Using Local data cache path C:/Users/KING/AppData/Local/UnrealEngine/Common/DerivedDataCache: Writable
[2018.01.10-13.02.47:992][  0]LogMaterial: Verifying Global Shaders for PCD3D_SM5
[2018.01.10-13.02.48:074][  0]LogSlate: Using Freetype 2.6.0
[2018.01.10-13.02.48:138][  0]LogSlate: SlateFontCache - WITH_FREETYPE: 1, WITH_HARFBUZZ: 1
[2018.01.10-13.02.48:144][  0]LogSlate: SlateFontCache - WITH_FREETYPE: 1, WITH_HARFBUZZ: 1
[2018.01.10-13.03.00:072][  0]LogInit: Selected Device Profile: [Windows]
[2018.01.10-13.03.02:082][  0]LogSimplygon: Simplygon DLL not present - disabling.
[2018.01.10-13.03.02:177][  0]LogMeshReduction: Using SimplygonSwarm for distributed automatic mesh merging
[2018.01.10-13.03.02:189][  0]LogMeshReduction: Using QuadricMeshReduction for automatic static mesh reduction
[2018.01.10-13.03.02:189][  0]LogMeshReduction: No automatic skeletal mesh reduction module available
[2018.01.10-13.03.02:189][  0]LogMeshReduction: No automatic mesh merging module available
[2018.01.10-13.03.02:189][  0]LogMeshMerging: No automatic mesh merging module available
[2018.01.10-13.03.02:801][  0]LogNetVersion: ConsoleGameGame , NetCL: 3709383, EngineNetVer: 2, GameNetVer: 0 (Checksum: 3285746354)
[2018.01.10-13.03.04:838][  0]LogAssetRegistry: FAssetRegistry took 0.0530 seconds to start up
[2018.01.10-13.03.07:599][  0]LogConfig: Warning: Failed to saved backup for config[TemplateDefs]
[2018.01.10-13.03.10:099][  0]LogPackageLocalizationCache: Processed 7 localized package path(s) for 2 prioritized culture(s) in 0.209285 seconds
[2018.01.10-13.03.10:123][  0]LogUObjectArray: 35900 objects as part of root set at end of initial load.
[2018.01.10-13.03.10:123][  0]LogUObjectAllocator: 7372016 out of 0 bytes used by permanent object pool.
[2018.01.10-13.03.10:123][  0]LogUObjectArray: CloseDisregardForGC: 0/0 objects in disregard for GC pool
[2018.01.10-13.03.10:271][  0]LogInit: WinSock: version 1.1 (2.2), MaxSocks=32767, MaxUdp=65467
[2018.01.10-13.03.58:592][  0]LogAssetRegistry: Error: Failed to open file for write ../../../../../../Users/KING/Documents/GitHub/ConsoleGameGame 4.18/Intermediate/CachedAssetRegistry.bin
[2018.01.10-13.03.59:980][  0]LogTcpMessaging: Initializing TcpMessaging bridge
[2018.01.10-13.04.00:113][  0]LogUdpMessaging: Initializing bridge on interface 0.0.0.0:0 to multicast group 230.0.0.1:6666.
[2018.01.10-13.04.01:834][  0]LogConfig: Warning: Failed to saved backup for config[InternationalizationExport]
[2018.01.10-13.04.01:841][  0]LogConfig: Warning: Failed to saved backup for config[TranslationPickerSettings]
[2018.01.10-13.04.02:553][  0]LogMaterial: Uniform references updated for custom material expression Custom.
[2018.01.10-13.04.04:272][  0]LogConfig: Warning: Failed to saved backup for config[SourceControlSettings]
[2018.01.10-13.04.04:273][  0]SourceControl: Source control is disabled
[2018.01.10-13.04.04:282][  0]SourceControl: Source control is disabled
[2018.01.10-13.04.04:442][  0]SourceControl: Source control is disabled
[2018.01.10-13.04.04:683][  0]SourceControl: Source control is disabled
[2018.01.10-13.04.06:983][  0]LogAndroidPermission: UAndroidPermissionCallbackProxy::GetInstance
[2018.01.10-13.04.08:062][  0]LogOcInput: OculusInput pre-init called
[2018.01.10-13.04.09:827][  0]LogEngine: Initializing Engine...
[2018.01.10-13.04.09:885][  0]LogHMD: Failed to initialize OpenVR with code 110
[2018.01.10-13.04.12:326][  0]LogStats: UGameplayTagsManager::ConstructGameplayTagTree: Construct from data asset -  0.000 s
[2018.01.10-13.04.12:334][  0]LogStats: UGameplayTagsManager::ConstructGameplayTagTree: GameplayTagTreeChangedEvent.Broadcast -  0.001 s
[2018.01.10-13.04.16:869][  0]LogAIModule: Creating AISystem for world Untitled
[2018.01.10-13.04.18:561][  0]LogInit: XAudio2 using 'Speakers (Conexant SmartAudio HD)' : 2 channels at 48 kHz using 32 bits per sample (channel mask 0x3)
[2018.01.10-13.04.18:741][  0]LogInit: FAudioDevice initialized.
[2018.01.10-13.04.19:532][  0]LogDerivedDataCache: Saved boot cache 0.79s 78MB C:/Users/KING/AppData/Local/UnrealEngine/4.18/DerivedDataCache/Boot.ddc.
[2018.01.10-13.04.19:542][  0]LogInit: Texture streaming: Enabled
[2018.01.10-13.04.20:152][  0]LogEngineSessionManager: EngineSessionManager initialized
[2018.01.10-13.04.21:612][  0]LogInit: Transaction tracking system initialized
[2018.01.10-13.04.24:890][  0]BlueprintLog: New page: Editor Load
[2018.01.10-13.04.31:135][  0]LogConfig: Warning: Failed to saved backup for config[LocalizationServiceSettings]
[2018.01.10-13.04.31:142][  0]LocalizationService: Localization service is disabled
[2018.01.10-13.04.34:558][  0]LogConsoleResponse: Display: 
[2018.01.10-13.04.37:765][  0]LogFileCache: Scanning file cache for directory 'C:/Users/KING/Documents/GitHub/ConsoleGameGame 4.18/Content/' took 0.03s
[2018.01.10-13.04.37:765][  0]LogCook: Display: Max memory allowance for cook 16384mb min free memory 0mb
[2018.01.10-13.04.37:765][  0]LogCook: Display: Mobile HDR setting 1
[2018.01.10-13.04.37:792][  0]LogGameplayTags: Display: UGameplayTagsManager::DoneAddingNativeTags. DelegateIsBound: 0
[2018.01.10-13.04.41:357][  0]SourceControl: Source control is disabled
[2018.01.10-13.04.41:412][  0]Cmd: MAP LOAD FILE="../../../../../../Users/KING/Documents/GitHub/ConsoleGameGame 4.18/Content/art/maps/level_00.umap" TEMPLATE=0 SHOWPROGRESS=1 FEATURELEVEL=3
[2018.01.10-13.04.41:421][  0]LightingResults: New page: Lighting Build
[2018.01.10-13.04.41:638][  0]MapCheck: New page: Map Check
[2018.01.10-13.04.41:638][  0]LightingResults: New page: Lighting Build
[2018.01.10-13.04.42:022][  0]LogAIModule: Creating AISystem for world level_00
[2018.01.10-13.04.42:255][  0]LogEditorServer: Finished looking for orphan Actors (0.000 secs)
[2018.01.10-13.04.42:368][  0]Cmd: MAP CHECKDEP NOCLEARLOG
[2018.01.10-13.04.42:479][  0]MapCheck: Map check complete: 0 Error(s), 0 Warning(s), took 111.555ms to complete.
[2018.01.10-13.04.42:479][  0]LogFileHelpers: Loading map 'level_00' took 1.091
[2018.01.10-13.04.43:131][  0]LogWindowsTextInputMethodSystem: Display: IME system now deactivated.
[2018.01.10-13.04.43:946][  0]LogCollectionManager: Loaded 0 collections in 0.021175 seconds
[2018.01.10-13.04.44:151][  0]LogFileCache: Scanning file cache for directory 'C:/Users/KING/Documents/GitHub/ConsoleGameGame 4.18/Saved/Collections/' took 0.01s
[2018.01.10-13.04.44:152][  0]LogFileCache: Scanning file cache for directory 'C:/Users/KING/Documents/GitHub/ConsoleGameGame 4.18/Content/Developers/KING/Collections/' took 0.01s
[2018.01.10-13.04.44:152][  0]LogFileCache: Scanning file cache for directory 'C:/Users/KING/Documents/GitHub/ConsoleGameGame 4.18/Content/Collections/' took 0.01s
[2018.01.10-13.04.44:152][  0]LogCollectionManager: Rebuilt the GUID cache for 0 collections in 0.000001 seconds
[2018.01.10-13.04.44:163][  0]LogContentBrowser: Native class hierarchy populated in 0.0099 seconds. Added 2363 classes and 519 folders.
[2018.01.10-13.04.44:348][  0]LogContentBrowser: Native class hierarchy updated for 'WidgetCarousel' in 0.0003 seconds. Added 0 classes and 0 folders.
[2018.01.10-13.04.45:962][  0]LogContentBrowser: Native class hierarchy updated for 'AddContentDialog' in 0.0004 seconds. Added 0 classes and 0 folders.
[2018.01.10-13.04.46:096][  0]LogContentBrowser: Native class hierarchy updated for 'SceneOutliner' in 0.0003 seconds. Added 1 classes and 2 folders.
[2018.01.10-13.04.47:220][  0]LogSlate: Took 0.060036 seconds to synchronously load lazily loaded font '../../../Engine/Content/Slate/Fonts/Roboto-Regular.ttf' (155K)
[2018.01.10-13.04.47:253][  0]LogSlate: Took 0.013563 seconds to synchronously load lazily loaded font '../../../Engine/Content/Slate/Fonts/Roboto-Bold.ttf' (160K)
[2018.01.10-13.04.47:323][  0]LogSlate: Took 0.027765 seconds to synchronously load lazily loaded font '../../../Engine/Content/Editor/Slate/Fonts/FontAwesome.ttf' (139K)
[2018.01.10-13.04.47:866][  0]LogRenderer: Reallocating scene render targets to support 832x436 Format 9 NumSamples 1 (Frame:1).
[2018.01.10-13.04.48:782][  0]LogContentBrowser: Native class hierarchy updated for 'HierarchicalLODOutliner' in 0.0004 seconds. Added 1 classes and 2 folders.
[2018.01.10-13.04.48:782][  0]LogLoad: (Engine Initialization) Total time: 170.15 seconds
[2018.01.10-13.04.48:782][  0]LogLoad: (Engine Initialization) Total Blueprint compile time: 0.00 seconds
[2018.01.10-13.04.48:783][  0]LogExternalProfiler: Found external profiler: VSPerf
[2018.01.10-13.04.48:783][  0]LogExternalProfiler: Using external profiler: VSPerf
[2018.01.10-13.04.48:962][  0]LogContentStreaming: Texture pool size now 800 MB
[2018.01.10-13.04.49:221][  3]LogAssetRegistry: Asset discovery search completed in 104.4070 seconds
[2018.01.10-13.04.49:224][  3]LogCollectionManager: Rebuilt the object cache for 0 collections in 0.000000 seconds (found 0 objects)
[2018.01.10-13.04.49:224][  3]LogCollectionManager: Fixed up redirectors for 0 collections in 0.000053 seconds (updated 0 objects)
[2018.01.10-13.04.49:901][ 23]LogSlate: Took 0.016506 seconds to synchronously load lazily loaded font '../../../Engine/Content/Slate/Fonts/Roboto-Light.ttf' (159K)
[2018.01.10-13.04.53:075][125]LogSlate: Took 0.000742 seconds to synchronously load lazily loaded font '../../../Engine/Content/Slate/Fonts/Roboto-Light.ttf' (159K)
[2018.01.10-13.04.57:726][216]LogSlate: Took 0.000342 seconds to synchronously load lazily loaded font '../../../Engine/Content/Slate/Fonts/Roboto-Light.ttf' (159K)
[2018.01.10-13.04.58:496][216]LogSlate: Took 0.000244 seconds to synchronously load lazily loaded font '../../../Engine/Content/Slate/Fonts/Roboto-Regular.ttf' (155K)
[2018.01.10-13.04.58:726][216]LogContentBrowser: Native class hierarchy updated for 'BlueprintGraph' in 0.0006 seconds. Added 116 classes and 0 folders.
[2018.01.10-13.05.01:888][216]LogSlate: Took 0.070422 seconds to synchronously load lazily loaded font '../../../Engine/Content/Editor/Slate/Fonts/Roboto-BoldCondensed.ttf' (158K)
[2018.01.10-13.05.02:828][216]LogRenderer: Reallocating scene render targets to support 1524x720 Format 9 NumSamples 1 (Frame:1).
[2018.01.10-13.05.02:903][217]LogSlate: Took 0.029642 seconds to synchronously load lazily loaded font '../../../Engine/Content/Editor/Slate/Fonts/Roboto-Italic.ttf' (157K)
[2018.01.10-13.06.08:488][ 75]LogTemp: Repeating last play command: New Editor Window (PIE)
[2018.01.10-13.06.08:686][ 75]LogPlayLevel: PlayLevel: No blueprints needed recompiling
[2018.01.10-13.06.08:712][ 75]PIE: New page: PIE session: level_00 (Jan 10, 2018, 3:06:08 AM)
[2018.01.10-13.06.08:712][ 75]LogPlayLevel: Creating play world package: /Game/art/maps/UEDPIE_0_level_00
[2018.01.10-13.06.08:735][ 75]LogPlayLevel: PIE: StaticDuplicateObject took: (0.023280s)
[2018.01.10-13.06.08:737][ 75]LogAIModule: Creating AISystem for world level_00
[2018.01.10-13.06.08:738][ 75]LogPlayLevel: PIE: World Init took: (0.002123s)
[2018.01.10-13.06.08:738][ 75]LogPlayLevel: PIE: Created PIE world by copying editor world from /Game/art/maps/level_00.level_00 to /Game/art/maps/UEDPIE_0_level_00.level_00 (0.026107s)
[2018.01.10-13.06.08:810][ 75]LogInit: XAudio2 using 'Speakers (Conexant SmartAudio HD)' : 2 channels at 48 kHz using 32 bits per sample (channel mask 0x3)
[2018.01.10-13.06.08:850][ 75]LogInit: FAudioDevice initialized.
[2018.01.10-13.06.09:020][ 75]LogLoad: Game class is '2DSideScrollerGameMode_C'
[2018.01.10-13.06.09:023][ 75]LogWorld: Bringing World /Game/art/maps/UEDPIE_0_level_00.level_00 up for play (max tick rate 60) at 2018.01.10-08.06.09
[2018.01.10-13.06.09:023][ 75]LogWorld: Bringing up level for play took: 0.001152
[2018.01.10-13.06.09:158][ 75]LogContentBrowser: Native class hierarchy updated for 'MovieSceneCapture' in 0.0004 seconds. Added 11 classes and 0 folders.
[2018.01.10-13.06.09:260][ 75]PIE: Play in editor start time for /Game/art/maps/UEDPIE_0_level_00 1.09
[2018.01.10-13.07.04:282][622]LogSelectionDetails: Warning: NavigateToFunctionSource:  Unable to find symbols for 'UGameplayStatics::GetPlayerController' [Element not found.]
[2018.01.10-13.07.08:167][654]Cmd: OBJ SAVEPACKAGE PACKAGE="/Game/art/blueprint/BP_dragonslayer" FILE="../../../../../../Users/KING/Documents/GitHub/ConsoleGameGame 4.18/Content/art/blueprint/BP_dragonslayer.uasset" SILENT=true
[2018.01.10-13.07.08:382][654]LogSavePackage: Save=163.13ms
[2018.01.10-13.07.08:382][654]LogSavePackage: Moving '../../../../../../Users/KING/Documents/GitHub/ConsoleGameGame 4.18/Saved/BP_dragonslayerDD7B0F2645713237FF5B4E8449214A29.tmp' to '../../../../../../Users/KING/Documents/GitHub/ConsoleGameGame 4.18/Content/art/blueprint/BP_dragonslayer.uasset'
[2018.01.10-13.07.08:394][654]LogSavePackage: Display: Finished SavePackage ../../../../../../Users/KING/Documents/GitHub/ConsoleGameGame 4.18/Content/art/blueprint/BP_dragonslayer.uasset
[2018.01.10-13.07.10:344][680]BlueprintLog: New page: Compile BP_dragonslayer
[2018.01.10-13.07.12:109][696]LogTemp: Repeating last play command: New Editor Window (PIE)
[2018.01.10-13.07.12:161][696]LogPlayLevel: PlayLevel: No blueprints needed recompiling
[2018.01.10-13.07.12:162][696]PIE: New page: PIE session: level_00 (Jan 10, 2018, 3:07:12 AM)
[2018.01.10-13.07.12:162][696]LogPlayLevel: Creating play world package: /Game/art/maps/UEDPIE_0_level_00
[2018.01.10-13.07.12:163][696]LogPlayLevel: PIE: StaticDuplicateObject took: (0.001032s)
[2018.01.10-13.07.12:163][696]LogAIModule: Creating AISystem for world level_00
[2018.01.10-13.07.12:163][696]LogPlayLevel: PIE: World Init took: (0.000704s)
[2018.01.10-13.07.12:164][696]LogPlayLevel: PIE: Created PIE world by copying editor world from /Game/art/maps/level_00.level_00 to /Game/art/maps/UEDPIE_0_level_00.level_00 (0.001969s)
[2018.01.10-13.07.12:213][696]LogInit: XAudio2 using 'Speakers (Conexant SmartAudio HD)' : 2 channels at 48 kHz using 32 bits per sample (channel mask 0x3)
[2018.01.10-13.07.12:241][696]LogInit: FAudioDevice initialized.
[2018.01.10-13.07.12:329][696]LogLoad: Game class is '2DSideScrollerGameMode_C'
[2018.01.10-13.07.12:331][696]LogWorld: Bringing World /Game/art/maps/UEDPIE_0_level_00.level_00 up for play (max tick rate 60) at 2018.01.10-08.07.12
[2018.01.10-13.07.12:331][696]LogWorld: Bringing up level for play took: 0.000947
[2018.01.10-13.07.12:339][696]PIE: Play in editor start time for /Game/art/maps/UEDPIE_0_level_00 0.17
[2018.01.10-13.08.16:297][ 61]BlueprintLog: New page: Compile BP_dragonslayer
[2018.01.10-13.08.18:039][ 95]LogTemp: Repeating last play command: New Editor Window (PIE)
[2018.01.10-13.08.18:067][ 95]LogPlayLevel: PlayLevel: No blueprints needed recompiling
[2018.01.10-13.08.18:067][ 95]PIE: New page: PIE session: level_00 (Jan 10, 2018, 3:08:18 AM)
[2018.01.10-13.08.18:067][ 95]LogPlayLevel: Creating play world package: /Game/art/maps/UEDPIE_0_level_00
[2018.01.10-13.08.18:068][ 95]LogPlayLevel: PIE: StaticDuplicateObject took: (0.001092s)
[2018.01.10-13.08.18:069][ 95]LogAIModule: Creating AISystem for world level_00
[2018.01.10-13.08.18:069][ 95]LogPlayLevel: PIE: World Init took: (0.000750s)
[2018.01.10-13.08.18:069][ 95]LogPlayLevel: PIE: Created PIE world by copying editor world from /Game/art/maps/level_00.level_00 to /Game/art/maps/UEDPIE_0_level_00.level_00 (0.002083s)
[2018.01.10-13.08.18:093][ 95]LogInit: XAudio2 using 'Speakers (Conexant SmartAudio HD)' : 2 channels at 48 kHz using 32 bits per sample (channel mask 0x3)
[2018.01.10-13.08.18:126][ 95]LogInit: FAudioDevice initialized.
[2018.01.10-13.08.18:204][ 95]LogLoad: Game class is '2DSideScrollerGameMode_C'
[2018.01.10-13.08.18:206][ 95]LogWorld: Bringing World /Game/art/maps/UEDPIE_0_level_00.level_00 up for play (max tick rate 60) at 2018.01.10-08.08.18
[2018.01.10-13.08.18:206][ 95]LogWorld: Bringing up level for play took: 0.000887
[2018.01.10-13.08.18:214][ 95]PIE: Play in editor start time for /Game/art/maps/UEDPIE_0_level_00 0.045
[2018.01.10-13.08.31:752][379]LogTemp: Repeating last play command: New Editor Window (PIE)
[2018.01.10-13.08.31:780][379]LogPlayLevel: PlayLevel: No blueprints needed recompiling
[2018.01.10-13.08.31:780][379]PIE: New page: PIE session: level_00 (Jan 10, 2018, 3:08:31 AM)
[2018.01.10-13.08.31:780][379]LogPlayLevel: Creating play world package: /Game/art/maps/UEDPIE_0_level_00
[2018.01.10-13.08.31:781][379]LogPlayLevel: PIE: StaticDuplicateObject took: (0.001098s)
[2018.01.10-13.08.31:782][379]LogAIModule: Creating AISystem for world level_00
[2018.01.10-13.08.31:782][379]LogPlayLevel: PIE: World Init took: (0.000616s)
[2018.01.10-13.08.31:782][379]LogPlayLevel: PIE: Created PIE world by copying editor world from /Game/art/maps/level_00.level_00 to /Game/art/maps/UEDPIE_0_level_00.level_00 (0.001927s)
[2018.01.10-13.08.31:804][379]LogInit: XAudio2 using 'Speakers (Conexant SmartAudio HD)' : 2 channels at 48 kHz using 32 bits per sample (channel mask 0x3)
[2018.01.10-13.08.31:837][379]LogInit: FAudioDevice initialized.
[2018.01.10-13.08.31:925][379]LogLoad: Game class is '2DSideScrollerGameMode_C'
[2018.01.10-13.08.31:927][379]LogWorld: Bringing World /Game/art/maps/UEDPIE_0_level_00.level_00 up for play (max tick rate 60) at 2018.01.10-08.08.31
[2018.01.10-13.08.31:928][379]LogWorld: Bringing up level for play took: 0.001042
[2018.01.10-13.08.31:937][379]PIE: Play in editor start time for /Game/art/maps/UEDPIE_0_level_00 -0.232
[2018.01.10-13.15.49:654][405]LogFileHelpers: Editor autosave (incl. sublevels) for '/Game/art/maps/level_00' took 0.066
[2018.01.10-13.15.49:657][405]OBJ SavePackage: Generating thumbnails for [0] asset(s) in package [/Game/art/blueprint/BP_dragonslayer] ([1] browsable assets)...
[2018.01.10-13.15.49:657][405]OBJ SavePackage: Finished generating thumbnails for package [/Game/art/blueprint/BP_dragonslayer]
[2018.01.10-13.15.49:820][405]LogSavePackage: Save=145.24ms
[2018.01.10-13.15.49:820][405]LogSavePackage: Moving '../../../../../../Users/KING/Documents/GitHub/ConsoleGameGame 4.18/Saved/BP_dragonslayer_Auto1D1FF66F449C1AAD86A299A937DCFE38B.tmp' to '../../../../../../Users/KING/Documents/GitHub/ConsoleGameGame 4.18/Saved/Autosaves/Game/art/blueprint/BP_dragonslayer_Auto1.uasset'
[2018.01.10-13.15.49:822][405]LogSavePackage: Display: Finished SavePackage ../../../../../../Users/KING/Documents/GitHub/ConsoleGameGame 4.18/Saved/Autosaves/Game/art/blueprint/BP_dragonslayer_Auto1.uasset
[2018.01.10-13.15.49:823][405]LogFileHelpers: Auto-saving content packages took 0.168
[2018.01.10-13.29.34:205][917]Cmd: OBJ SAVEPACKAGE PACKAGE="/Game/art/blueprint/BP_dragonslayer" FILE="../../../../../../Users/KING/Documents/GitHub/ConsoleGameGame 4.18/Content/art/blueprint/BP_dragonslayer.uasset" SILENT=true
[2018.01.10-13.29.34:392][917]LogSavePackage: Save=138.52ms
[2018.01.10-13.29.34:392][917]LogSavePackage: Moving '../../../../../../Users/KING/Documents/GitHub/ConsoleGameGame 4.18/Saved/BP_dragonslayer9C47D74A4457832CF18F84A867E2C505.tmp' to '../../../../../../Users/KING/Documents/GitHub/ConsoleGameGame 4.18/Content/art/blueprint/BP_dragonslayer.uasset'
[2018.01.10-13.29.34:399][917]LogSavePackage: Display: Finished SavePackage ../../../../../../Users/KING/Documents/GitHub/ConsoleGameGame 4.18/Content/art/blueprint/BP_dragonslayer.uasset
[2018.01.10-13.31.37:405][ 62]Cmd: OBJ SAVEPACKAGE PACKAGE="/Game/art/sprite/character/Hit" FILE="../../../../../../Users/KING/Documents/GitHub/ConsoleGameGame 4.18/Content/art/sprite/character/Hit.uasset" SILENT=true
[2018.01.10-13.31.37:432][ 62]LogSavePackage: Save=19.99ms
[2018.01.10-13.31.37:432][ 62]LogSavePackage: Moving '../../../../../../Users/KING/Documents/GitHub/ConsoleGameGame 4.18/Saved/Hit380AD4F84F40AAC23D4227B9803DCECF.tmp' to '../../../../../../Users/KING/Documents/GitHub/ConsoleGameGame 4.18/Content/art/sprite/character/Hit.uasset'
[2018.01.10-13.31.37:452][ 62]LogSavePackage: Display: Finished SavePackage ../../../../../../Users/KING/Documents/GitHub/ConsoleGameGame 4.18/Content/art/sprite/character/Hit.uasset
[2018.01.10-13.31.53:758][324]LogWindowsTextInputMethodSystem: Display: IME system now deactivated.
[2018.01.10-13.31.54:038][325]Cmd: QUIT_EDITOR
[2018.01.10-13.31.54:251][325]LogExit: Preparing to exit.
[2018.01.10-13.31.55:210][325]LogDirectoryWatcher: A directory notification for 'C:/Users/KING/Documents/GitHub/ConsoleGameGame 4.18/Content/' was aborted.
[2018.01.10-13.31.55:251][325]LogExit: Editor shut down
[2018.01.10-13.31.55:258][325]LogExit: Transaction tracking system shut down
[2018.01.10-13.31.55:487][325]LogDirectoryWatcher: A directory notification for '../../../Engine/Content/' was aborted.
[2018.01.10-13.31.55:488][325]LogDirectoryWatcher: A directory notification for '../../../../../../Users/KING/Documents/GitHub/ConsoleGameGame 4.18/Content/' was aborted.
[2018.01.10-13.31.55:488][325]LogDirectoryWatcher: A directory notification for '../../../Engine/Plugins/2D/Paper2D/Content/' was aborted.
[2018.01.10-13.31.55:488][325]LogDirectoryWatcher: A directory notification for '../../../Engine/Plugins/Media/MediaCompositing/Content/' was aborted.
[2018.01.10-13.31.55:488][325]LogDirectoryWatcher: A directory notification for '../../../Engine/Plugins/Runtime/AppleARKit/Content/' was aborted.
[2018.01.10-13.31.55:488][325]LogDirectoryWatcher: A directory notification for '../../../Engine/Plugins/Runtime/Oculus/OculusVR/Content/' was aborted.
[2018.01.10-13.31.55:488][325]LogDirectoryWatcher: A directory notification for '../../../Engine/Plugins/Runtime/Steam/SteamVR/Content/' was aborted.
[2018.01.10-13.31.55:760][325]LogExit: Object subsystem successfully closed.
[2018.01.10-13.31.55:811][325]LogD3D11RHI: Shutdown
[2018.01.10-13.31.55:811][325]LogD3D11RHI: CleanupD3DDevice
[2018.01.10-13.31.55:816][325]LogD3D11RHI: ~FD3D11DynamicRHI
[2018.01.10-13.31.55:982][325]LogModuleManager: Shutting down and abandoning module MovieSceneCapture (554)
[2018.01.10-13.31.55:982][325]LogModuleManager: Shutting down and abandoning module SequencerWidgets (552)
[2018.01.10-13.31.55:982][325]LogModuleManager: Shutting down and abandoning module BlueprintGraph (550)
[2018.01.10-13.31.55:982][325]LogModuleManager: Shutting down and abandoning module HierarchicalLODOutliner (548)
[2018.01.10-13.31.55:982][325]LogModuleManager: Shutting down and abandoning module SceneOutliner (546)
[2018.01.10-13.31.55:982][325]LogModuleManager: Shutting down and abandoning module AddContentDialog (544)
[2018.01.10-13.31.55:982][325]LogDirectoryWatcher: A directory notification for 'C:/Program Files/Epic Games/UE_4.18/FeaturePacks/' was aborted.
[2018.01.10-13.31.55:985][325]LogModuleManager: Shutting down and abandoning module WidgetCarousel (543)
[2018.01.10-13.31.55:985][325]LogModuleManager: Shutting down and abandoning module EditorWidgets (540)
[2018.01.10-13.31.55:985][325]LogModuleManager: Shutting down and abandoning module CollectionManager (538)
[2018.01.10-13.31.55:985][325]LogDirectoryWatcher: A directory notification for 'C:/Users/KING/Documents/GitHub/ConsoleGameGame 4.18/Content/Collections/' was aborted.
[2018.01.10-13.31.55:986][325]LogDirectoryWatcher: A directory notification for 'C:/Users/KING/Documents/GitHub/ConsoleGameGame 4.18/Content/Developers/KING/Collections/' was aborted.
[2018.01.10-13.31.55:986][325]LogDirectoryWatcher: A directory notification for 'C:/Users/KING/Documents/GitHub/ConsoleGameGame 4.18/Saved/Collections/' was aborted.
[2018.01.10-13.31.55:986][325]LogModuleManager: Shutting down and abandoning module StatsViewer (536)
[2018.01.10-13.31.55:986][325]LogModuleManager: Shutting down and abandoning module FoliageEdit (534)
[2018.01.10-13.31.55:986][325]LogModuleManager: Shutting down and abandoning module LandscapeEditor (532)
[2018.01.10-13.31.55:991][325]LogModuleManager: Shutting down and abandoning module MeshPaintMode (530)
[2018.01.10-13.31.55:991][325]LogModuleManager: Shutting down and abandoning module SceneDepthPickerMode (528)
[2018.01.10-13.31.55:991][325]LogModuleManager: Shutting down and abandoning module ActorPickerMode (526)
[2018.01.10-13.31.55:991][325]LogModuleManager: Shutting down and abandoning module GeometryMode (524)
[2018.01.10-13.31.55:991][325]LogModuleManager: Shutting down and abandoning module TextureAlignMode (522)
[2018.01.10-13.31.55:991][325]LogModuleManager: Shutting down and abandoning module BspMode (520)
[2018.01.10-13.31.55:991][325]LogModuleManager: Shutting down and abandoning module PIEPreviewDeviceProfileSelector (518)
[2018.01.10-13.31.55:991][325]LogModuleManager: Shutting down and abandoning module HardwareSurvey (516)
[2018.01.10-13.31.55:991][325]LogModuleManager: Shutting down and abandoning module SequenceRecorderSections (514)
[2018.01.10-13.31.55:991][325]LogModuleManager: Shutting down and abandoning module AutomationWorker (512)
[2018.01.10-13.31.55:991][325]LogModuleManager: Shutting down and abandoning module MatineeToLevelSequence (510)
[2018.01.10-13.31.55:992][325]LogModuleManager: Shutting down and abandoning module LevelSequenceEditor (508)
[2018.01.10-13.31.55:995][325]LogModuleManager: Shutting down and abandoning module PlacementMode (507)
[2018.01.10-13.31.55:995][325]LogModuleManager: Shutting down and abandoning module WmfMediaFactory (504)
[2018.01.10-13.31.55:995][325]LogModuleManager: Shutting down and abandoning module WmfMediaEditor (502)
[2018.01.10-13.31.55:995][325]LogModuleManager: Shutting down and abandoning module OpenExrWrapper (500)
[2018.01.10-13.31.55:995][325]LogModuleManager: Shutting down and abandoning module ImgMediaFactory (498)
[2018.01.10-13.31.55:995][325]LogModuleManager: Shutting down and abandoning module ImgMediaEditor (496)
[2018.01.10-13.31.55:995][325]LogModuleManager: Shutting down and abandoning module AvfMediaFactory (494)
[2018.01.10-13.31.55:995][325]LogModuleManager: Shutting down and abandoning module AvfMediaEditor (492)
[2018.01.10-13.31.55:995][325]LogModuleManager: Shutting down and abandoning module AndroidMediaFactory (490)
[2018.01.10-13.31.55:996][325]LogModuleManager: Shutting down and abandoning module AndroidMediaEditor (488)
[2018.01.10-13.31.55:996][325]LogModuleManager: Shutting down and abandoning module CharacterAI (486)
[2018.01.10-13.31.55:996][325]LogModuleManager: Shutting down and abandoning module AudioCapture (484)
[2018.01.10-13.31.55:996][325]LogModuleManager: Shutting down and abandoning module SequenceRecorder (483)
[2018.01.10-13.31.55:996][325]LogModuleManager: Shutting down and abandoning module SmartSnapping (480)
[2018.01.10-13.31.55:996][325]LogModuleManager: Shutting down and abandoning module SessionServices (478)
[2018.01.10-13.31.55:996][325]LogModuleManager: Shutting down and abandoning module ViewportSnapping (476)
[2018.01.10-13.31.55:996][325]LogModuleManager: Shutting down and abandoning module ViewportInteraction (474)
[2018.01.10-13.31.55:996][325]LogModuleManager: Shutting down and abandoning module ClothPainter (472)
[2018.01.10-13.31.55:996][325]LogModuleManager: Shutting down and abandoning module SkeletalMeshEditor (471)
[2018.01.10-13.31.55:997][325]LogModuleManager: Shutting down and abandoning module LogVisualizer (468)
[2018.01.10-13.31.55:998][325]LogModuleManager: Shutting down and abandoning module IntroTutorials (466)
[2018.01.10-13.31.55:998][325]LogModuleManager: Shutting down and abandoning module GameProjectGeneration (465)
[2018.01.10-13.31.56:016][325]LogModuleManager: Shutting down and abandoning module IOSPlatformEditor (462)
[2018.01.10-13.31.56:016][325]LogModuleManager: Shutting down and abandoning module HTML5PlatformEditor (460)
[2018.01.10-13.31.56:016][325]LogModuleManager: Shutting down and abandoning module AndroidPlatformEditor (458)
[2018.01.10-13.31.56:016][325]LogModuleManager: Shutting down and abandoning module AndroidDeviceDetection (457)
[2018.01.10-13.31.56:315][325]LogModuleManager: Shutting down and abandoning module WindowsPlatformEditor (454)
[2018.01.10-13.31.56:315][325]LogModuleManager: Shutting down and abandoning module IOSRuntimeSettings (452)
[2018.01.10-13.31.56:315][325]LogModuleManager: Shutting down and abandoning module AndroidRuntimeSettings (450)
[2018.01.10-13.31.56:315][325]LogModuleManager: Shutting down and abandoning module InputBindingEditor (448)
[2018.01.10-13.31.56:315][325]LogModuleManager: Shutting down and abandoning module MergeActors (446)
[2018.01.10-13.31.56:324][325]LogModuleManager: Shutting down and abandoning module SizeMap (444)
[2018.01.10-13.31.56:324][325]LogModuleManager: Shutting down and abandoning module TreeMap (442)
[2018.01.10-13.31.56:324][325]LogModuleManager: Shutting down and abandoning module ReferenceViewer (440)
[2018.01.10-13.31.56:324][325]LogModuleManager: Shutting down and abandoning module LocalizationDashboard (438)
[2018.01.10-13.31.56:328][325]LogModuleManager: Shutting down and abandoning module LocalizationService (437)
[2018.01.10-13.31.56:329][325]LogModuleManager: Shutting down and abandoning module HardwareTargeting (434)
[2018.01.10-13.31.56:329][325]LogModuleManager: Shutting down and abandoning module DeviceProfileEditor (432)
[2018.01.10-13.31.56:329][325]LogModuleManager: Shutting down and abandoning module UndoHistory (430)
[2018.01.10-13.31.56:329][325]LogModuleManager: Shutting down and abandoning module XmlParser (428)
[2018.01.10-13.31.56:329][325]LogModuleManager: Shutting down and abandoning module Blutility (426)
[2018.01.10-13.31.56:329][325]LogModuleManager: Shutting down and abandoning module ProjectSettingsViewer (424)
[2018.01.10-13.31.56:329][325]LogModuleManager: Shutting down and abandoning module ProjectTargetPlatformEditor (423)
[2018.01.10-13.31.56:329][325]LogModuleManager: Shutting down and abandoning module EditorSettingsViewer (420)
[2018.01.10-13.31.56:329][325]LogModuleManager: Shutting down and abandoning module SettingsEditor (418)
[2018.01.10-13.31.56:338][325]LogModuleManager: Shutting down and abandoning module ProjectLauncher (416)
[2018.01.10-13.31.56:344][325]LogModuleManager: Shutting down and abandoning module SessionFrontend (414)
[2018.01.10-13.31.56:344][325]LogModuleManager: Shutting down and abandoning module ProfilerClient (412)
[2018.01.10-13.31.56:352][325]LogModuleManager: Shutting down and abandoning module DeviceManager (410)
[2018.01.10-13.31.56:352][325]LogModuleManager: Shutting down and abandoning module TargetDeviceServices (409)
[2018.01.10-13.31.56:405][325]LogModuleManager: Shutting down and abandoning module AutomationController (406)
[2018.01.10-13.31.56:409][325]LogModuleManager: Shutting down and abandoning module AutomationWindow (404)
[2018.01.10-13.31.56:422][325]LogModuleManager: Shutting down and abandoning module Layers (402)
[2018.01.10-13.31.56:438][325]LogModuleManager: Shutting down and abandoning module ComponentVisualizers (400)
[2018.01.10-13.31.56:438][325]LogModuleManager: Shutting down and abandoning module DetailCustomizations (398)
[2018.01.10-13.31.56:438][325]LogModuleManager: Shutting down and abandoning module PackagesDialog (396)
[2018.01.10-13.31.56:439][325]LogModuleManager: Shutting down and abandoning module Persona (394)
[2018.01.10-13.31.56:456][325]LogModuleManager: Shutting down and abandoning module AdvancedPreviewScene (393)
[2018.01.10-13.31.56:456][325]LogModuleManager: Shutting down and abandoning module AnimGraph (391)
[2018.01.10-13.31.56:456][325]LogModuleManager: Shutting down and abandoning module Kismet (388)
[2018.01.10-13.31.56:469][325]LogModuleManager: Shutting down and abandoning module ClassViewer (386)
[2018.01.10-13.31.56:470][325]LogModuleManager: Shutting down and abandoning module Toolbox (384)
[2018.01.10-13.31.56:470][325]LogModuleManager: Shutting down and abandoning module ModuleUI (382)
[2018.01.10-13.31.56:478][325]LogModuleManager: Shutting down and abandoning module MovieSceneTools (380)
[2018.01.10-13.31.56:488][325]LogModuleManager: Shutting down and abandoning module OutputLog (378)
[2018.01.10-13.31.56:488][325]LogModuleManager: Shutting down and abandoning module GammaUI (376)
[2018.01.10-13.31.56:491][325]LogModuleManager: Shutting down and abandoning module Documentation (374)
[2018.01.10-13.31.56:491][325]LogModuleManager: Shutting down and abandoning module MovieSceneTracks (372)
[2018.01.10-13.31.56:497][325]LogModuleManager: Shutting down and abandoning module MovieScene (370)
[2018.01.10-13.31.56:497][325]LogModuleManager: Shutting down and abandoning module StreamingPauseRendering (368)
[2018.01.10-13.31.56:497][325]LogModuleManager: Shutting down and abandoning module LauncherPlatform (366)
[2018.01.10-13.31.56:497][325]LogModuleManager: Shutting down and abandoning module AnalyticsET (364)
[2018.01.10-13.31.56:497][325]LogModuleManager: Shutting down and abandoning module PortalServices (362)
[2018.01.10-13.31.56:497][325]LogModuleManager: Shutting down and abandoning module PortalRpc (360)
[2018.01.10-13.31.56:497][325]LogModuleManager: Shutting down and abandoning module MessagingRpc (358)
[2018.01.10-13.31.56:497][325]LogModuleManager: Shutting down and abandoning module AIModule (356)
[2018.01.10-13.31.56:497][325]LogModuleManager: Shutting down and abandoning module GameplayDebugger (355)
[2018.01.10-13.31.56:497][325]LogModuleManager: Shutting down and abandoning module AITestSuite (353)
[2018.01.10-13.31.56:497][325]LogModuleManager: Shutting down and abandoning module DesktopPlatform (350)
[2018.01.10-13.31.56:497][325]LogModuleManager: Shutting down and abandoning module ProfilerService (348)
[2018.01.10-13.31.56:714][325]LogModuleManager: Shutting down and abandoning module TaskGraph (346)
[2018.01.10-13.31.56:714][325]LogModuleManager: Shutting down and abandoning module SteamVRController (344)
[2018.01.10-13.31.56:714][325]LogModuleManager: Shutting down and abandoning module ProceduralMeshComponentEditor (342)
[2018.01.10-13.31.56:714][325]LogModuleManager: Shutting down and abandoning module ProceduralMeshComponent (340)
[2018.01.10-13.31.56:714][325]LogModuleManager: Shutting down and abandoning module OculusInput (338)
[2018.01.10-13.31.56:715][325]LogModuleManager: Shutting down and abandoning module MobilePatchingUtils (336)
[2018.01.10-13.31.56:715][325]LogModuleManager: Shutting down and abandoning module CustomMeshComponent (334)
[2018.01.10-13.31.56:715][325]LogModuleManager: Shutting down and abandoning module CableComponent (332)
[2018.01.10-13.31.56:715][325]LogModuleManager: Shutting down and abandoning module ArchVisCharacter (330)
[2018.01.10-13.31.56:715][325]LogModuleManager: Shutting down and abandoning module AndroidPermission (328)
[2018.01.10-13.31.56:715][325]LogModuleManager: Shutting down and abandoning module ActorSequence (324)
[2018.01.10-13.31.56:715][325]LogModuleManager: Shutting down and abandoning module MediaPlayerEditor (322)
[2018.01.10-13.31.56:723][325]LogModuleManager: Shutting down and abandoning module MediaCompositingEditor (320)
[2018.01.10-13.31.56:723][325]LogModuleManager: Shutting down and abandoning module MediaCompositing (318)
[2018.01.10-13.31.56:723][325]LogModuleManager: Shutting down and abandoning module HTML5Networking (316)
[2018.01.10-13.31.56:723][325]LogModuleManager: Shutting down and abandoning module AlembicImporter (314)
[2018.01.10-13.31.56:733][325]LogModuleManager: Shutting down and abandoning module AlembicLibrary (313)
[2018.01.10-13.31.56:733][325]LogModuleManager: Shutting down and abandoning module GeometryCache (312)
[2018.01.10-13.31.56:733][325]LogModuleManager: Shutting down and abandoning module GeometryCacheEd (311)
[2018.01.10-13.31.56:734][325]LogModuleManager: Shutting down and abandoning module SpeedTreeImporter (306)
[2018.01.10-13.31.56:734][325]LogModuleManager: Shutting down and abandoning module PluginBrowser (304)
[2018.01.10-13.31.56:734][325]LogModuleManager: Shutting down and abandoning module MobileLauncherProfileWizard (302)
[2018.01.10-13.31.56:735][325]LogModuleManager: Shutting down and abandoning module VisualStudioSourceCodeAccess (300)
[2018.01.10-13.31.56:735][325]LogModuleManager: Shutting down and abandoning module VisualStudioCodeSourceCodeAccess (298)
[2018.01.10-13.31.56:735][325]LogModuleManager: Shutting down and abandoning module UObjectPlugin (296)
[2018.01.10-13.31.56:735][325]LogModuleManager: Shutting down and abandoning module SubversionSourceControl (294)
[2018.01.10-13.31.56:735][325]LogModuleManager: Shutting down and abandoning module PerforceSourceControl (292)
[2018.01.10-13.31.56:741][325]LogModuleManager: Shutting down and abandoning module GitSourceControl (290)
[2018.01.10-13.31.56:741][325]LogModuleManager: Shutting down and abandoning module SourceControl (289)
[2018.01.10-13.31.56:741][325]LogModuleManager: Shutting down and abandoning module LightPropagationVolumeEditor (286)
[2018.01.10-13.31.56:741][325]LogModuleManager: Shutting down and abandoning module PaperTiledImporter (284)
[2018.01.10-13.31.56:741][325]LogModuleManager: Shutting down and abandoning module PaperSpriteSheetImporter (282)
[2018.01.10-13.31.56:741][325]LogModuleManager: Shutting down and abandoning module Paper2DEditor (280)
[2018.01.10-13.31.56:741][325]LogModuleManager: Shutting down and abandoning module MeshPaint (279)
[2018.01.10-13.31.56:742][325]LogModuleManager: Shutting down and abandoning module LevelEditor (277)
[2018.01.10-13.31.56:744][325]LogModuleManager: Shutting down and abandoning module PixelInspectorModule (276)
[2018.01.10-13.31.56:744][325]LogModuleManager: Shutting down and abandoning module MainFrame (274)
[2018.01.10-13.31.56:744][325]LogModuleManager: Shutting down and abandoning module HotReload (273)
[2018.01.10-13.31.56:747][325]LogModuleManager: Shutting down and abandoning module RuntimePhysXCooking (268)
[2018.01.10-13.31.56:747][325]LogModuleManager: Shutting down and abandoning module PhysXVehiclesEditor (266)
[2018.01.10-13.31.56:747][325]LogModuleManager: Shutting down and abandoning module PhysXVehicles (264)
[2018.01.10-13.31.56:747][325]LogModuleManager: Shutting down and abandoning module OculusEditor (262)
[2018.01.10-13.31.56:747][325]LogModuleManager: Shutting down and abandoning module LocationServicesBPLibrary (260)
[2018.01.10-13.31.56:747][325]LogModuleManager: Shutting down and abandoning module ImmediatePhysicsEditor (258)
[2018.01.10-13.31.56:747][325]LogModuleManager: Shutting down and abandoning module ImmediatePhysics (256)
[2018.01.10-13.31.56:747][325]LogModuleManager: Shutting down and abandoning module UdpMessaging (254)
[2018.01.10-13.31.56:847][325]LogModuleManager: Shutting down and abandoning module TcpMessaging (252)
[2018.01.10-13.31.56:948][325]LogModuleManager: Shutting down and abandoning module GameplayTagsEditor (250)
[2018.01.10-13.31.56:949][325]LogModuleManager: Shutting down and abandoning module FacialAnimationEditor (248)
[2018.01.10-13.31.56:949][325]LogModuleManager: Shutting down and abandoning module FacialAnimation (246)
[2018.01.10-13.31.56:949][325]LogModuleManager: Shutting down and abandoning module AssetManagerEditor (244)
[2018.01.10-13.31.56:949][325]LogModuleManager: Shutting down and abandoning module GraphEditor (243)
[2018.01.10-13.31.56:949][325]LogModuleManager: Shutting down and abandoning module ContentBrowser (241)
[2018.01.10-13.31.56:952][325]LogModuleManager: Shutting down and abandoning module LightPropagationVolumeRuntime (238)
[2018.01.10-13.31.56:952][325]LogModuleManager: Shutting down and abandoning module Paper2D (236)
[2018.01.10-13.31.56:953][325]LogModuleManager: Shutting down and abandoning module WindowsMoviePlayer (234)
[2018.01.10-13.31.56:953][325]LogModuleManager: Shutting down and abandoning module WmfMedia (232)
[2018.01.10-13.31.57:023][325]LogModuleManager: Shutting down and abandoning module ImgMedia (230)
[2018.01.10-13.31.57:023][325]LogModuleManager: Shutting down and abandoning module PacketHandler (228)
[2018.01.10-13.31.57:023][325]LogModuleManager: Shutting down and abandoning module ClothingSystemEditor (226)
[2018.01.10-13.31.57:023][325]LogModuleManager: Shutting down and abandoning module ClothingSystemRuntime (224)
[2018.01.10-13.31.57:031][325]LogModuleManager: Shutting down and abandoning module MediaAssets (222)
[2018.01.10-13.31.57:032][325]LogModuleManager: Shutting down and abandoning module Media (221)
[2018.01.10-13.31.57:038][325]LogModuleManager: Shutting down and abandoning module Overlay (218)
[2018.01.10-13.31.57:038][325]LogModuleManager: Shutting down and abandoning module OverlayEditor (217)
[2018.01.10-13.31.57:038][325]LogModuleManager: Shutting down and abandoning module VREditor (214)
[2018.01.10-13.31.57:048][325]LogModuleManager: Shutting down and abandoning module StringTableEditor (212)
[2018.01.10-13.31.57:048][325]LogModuleManager: Shutting down and abandoning module GameplayTasksEditor (210)
[2018.01.10-13.31.57:048][325]LogModuleManager: Shutting down and abandoning module BehaviorTreeEditor (208)
[2018.01.10-13.31.57:054][325]LogModuleManager: Shutting down and abandoning module FunctionalTesting (206)
[2018.01.10-13.31.57:054][325]LogModuleManager: Shutting down and abandoning module CollisionAnalyzer (204)
[2018.01.10-13.31.57:054][325]LogModuleManager: Shutting down and abandoning module WorkspaceMenuStructure (203)
[2018.01.10-13.31.57:054][325]LogModuleManager: Shutting down and abandoning module UMG (200)
[2018.01.10-13.31.57:054][325]LogModuleManager: Shutting down and abandoning module UMGEditor (199)
[2018.01.10-13.31.57:054][325]LogModuleManager: Shutting down and abandoning module Sequencer (198)
[2018.01.10-13.31.57:054][325]LogModuleManager: Shutting down and abandoning module MessageLog (195)
[2018.01.10-13.31.57:054][325]LogModuleManager: Shutting down and abandoning module SlateReflector (190)
[2018.01.10-13.31.57:068][325]LogModuleManager: Shutting down and abandoning module Slate (188)
[2018.01.10-13.31.57:068][325]LogModuleManager: Shutting down and abandoning module EditorStyle (186)
[2018.01.10-13.31.57:073][325]LogModuleManager: Shutting down and abandoning module MRMesh (184)
[2018.01.10-13.31.57:073][325]LogModuleManager: Shutting down and abandoning module SourceCodeAccess (182)
[2018.01.10-13.31.57:073][325]LogModuleManager: Shutting down and abandoning module HeadMountedDisplay (180)
[2018.01.10-13.31.57:074][325]LogModuleManager: Shutting down and abandoning module XAudio2 (178)
[2018.01.10-13.31.57:074][325]LogModuleManager: Shutting down and abandoning module Networking (176)
[2018.01.10-13.31.57:074][325]LogModuleManager: Shutting down and abandoning module Core (172)
[2018.01.10-13.31.57:074][325]LogModuleManager: Shutting down and abandoning module LevelSequence (168)
[2018.01.10-13.31.57:074][325]LogModuleManager: Shutting down and abandoning module DirectoryWatcher (166)
[2018.01.10-13.31.57:075][325]LogModuleManager: Shutting down and abandoning module KismetCompiler (164)
[2018.01.10-13.31.57:075][325]LogModuleManager: Shutting down and abandoning module MeshUtilities (162)
[2018.01.10-13.31.57:083][325]LogModuleManager: Shutting down and abandoning module MeshMergeUtilities (161)
[2018.01.10-13.31.57:083][325]LogModuleManager: Shutting down and abandoning module MeshReductionInterface (160)
[2018.01.10-13.31.57:083][325]LogModuleManager: Shutting down and abandoning module SimplygonSwarm (159)
[2018.01.10-13.31.57:094][325]LogModuleManager: Shutting down and abandoning module SimplygonMeshReduction (157)
[2018.01.10-13.31.57:094][325]LogModuleManager: Shutting down and abandoning module QuadricMeshReduction (155)
[2018.01.10-13.31.57:094][325]LogModuleManager: Shutting down and abandoning module MaterialBaking (151)
[2018.01.10-13.31.57:094][325]LogModuleManager: Shutting down and abandoning module DerivedDataCache (148)
[2018.01.10-13.31.57:102][325]LogDerivedDataCache: Shutdown
[2018.01.10-13.31.57:102][325]LogModuleManager: Shutting down and abandoning module TargetPlatform (146)
[2018.01.10-13.31.57:102][325]LogModuleManager: Shutting down and abandoning module VulkanShaderFormat (145)
[2018.01.10-13.31.57:102][325]LogModuleManager: Shutting down and abandoning module ShaderFormatVectorVM (143)
[2018.01.10-13.31.57:115][325]LogModuleManager: Shutting down and abandoning module ShaderFormatOpenGL (141)
[2018.01.10-13.31.57:128][325]LogModuleManager: Shutting down and abandoning module ShaderFormatD3D (139)
[2018.01.10-13.31.57:128][325]LogModuleManager: Shutting down and abandoning module MetalShaderFormat (137)
[2018.01.10-13.31.57:135][325]LogModuleManager: Shutting down and abandoning module TextureFormatUncompressed (135)
[2018.01.10-13.31.57:136][325]LogModuleManager: Shutting down and abandoning module TextureFormatPVR (133)
[2018.01.10-13.31.57:136][325]LogModuleManager: Shutting down and abandoning module TextureFormatDXT (131)
[2018.01.10-13.31.57:136][325]LogModuleManager: Shutting down and abandoning module TextureFormatIntelISPCTexComp (129)
[2018.01.10-13.31.57:136][325]LogModuleManager: Shutting down and abandoning module TextureFormatASTC (127)
[2018.01.10-13.31.57:136][325]LogModuleManager: Shutting down and abandoning module ImageWrapper (126)
[2018.01.10-13.31.57:136][325]LogModuleManager: Shutting down and abandoning module TextureFormatAndroid (123)
[2018.01.10-13.31.57:136][325]LogModuleManager: Shutting down and abandoning module AudioFormatOpus (121)
[2018.01.10-13.31.57:136][325]LogModuleManager: Shutting down and abandoning module AudioFormatOgg (119)
[2018.01.10-13.31.57:136][325]LogModuleManager: Shutting down and abandoning module AudioFormatADPCM (117)
[2018.01.10-13.31.57:136][325]LogModuleManager: Shutting down and abandoning module LinuxTargetPlatform (115)
[2018.01.10-13.31.57:136][325]LogModuleManager: Shutting down and abandoning module LinuxServerTargetPlatform (113)
[2018.01.10-13.31.57:136][325]LogModuleManager: Shutting down and abandoning module LinuxNoEditorTargetPlatform (111)
[2018.01.10-13.31.57:136][325]LogModuleManager: Shutting down and abandoning module LinuxClientTargetPlatform (109)
[2018.01.10-13.31.57:136][325]LogModuleManager: Shutting down and abandoning module TVOSTargetPlatform (107)
[2018.01.10-13.31.57:136][325]LogModuleManager: Shutting down and abandoning module Messaging (105)
[2018.01.10-13.31.57:136][325]LogModuleManager: Shutting down and abandoning module IOSTargetPlatform (103)
[2018.01.10-13.31.57:136][325]LogModuleManager: Shutting down and abandoning module HTML5TargetPlatform (101)
[2018.01.10-13.31.57:136][325]LogModuleManager: Shutting down and abandoning module AndroidTargetPlatform (99)
[2018.01.10-13.31.57:136][325]LogModuleManager: Shutting down and abandoning module Android_PVRTCTargetPlatform (97)
[2018.01.10-13.31.57:136][325]LogModuleManager: Shutting down and abandoning module Android_MultiTargetPlatform (95)
[2018.01.10-13.31.57:136][325]LogModuleManager: Shutting down and abandoning module Android_ETC2TargetPlatform (93)
[2018.01.10-13.31.57:136][325]LogModuleManager: Shutting down and abandoning module Android_ETC1TargetPlatform (91)
[2018.01.10-13.31.57:136][325]LogModuleManager: Shutting down and abandoning module Android_DXTTargetPlatform (89)
[2018.01.10-13.31.57:136][325]LogModuleManager: Shutting down and abandoning module Android_ATCTargetPlatform (87)
[2018.01.10-13.31.57:136][325]LogModuleManager: Shutting down and abandoning module Android_ASTCTargetPlatform (85)
[2018.01.10-13.31.57:136][325]LogModuleManager: Shutting down and abandoning module WindowsTargetPlatform (83)
[2018.01.10-13.31.57:136][325]LogModuleManager: Shutting down and abandoning module WindowsServerTargetPlatform (81)
[2018.01.10-13.31.57:136][325]LogModuleManager: Shutting down and abandoning module WindowsNoEditorTargetPlatform (79)
[2018.01.10-13.31.57:136][325]LogModuleManager: Shutting down and abandoning module WindowsClientTargetPlatform (77)
[2018.01.10-13.31.57:136][325]LogModuleManager: Shutting down and abandoning module MacTargetPlatform (75)
[2018.01.10-13.31.57:136][325]LogModuleManager: Shutting down and abandoning module MacServerTargetPlatform (73)
[2018.01.10-13.31.57:136][325]LogModuleManager: Shutting down and abandoning module MacNoEditorTargetPlatform (71)
[2018.01.10-13.31.57:136][325]LogModuleManager: Shutting down and abandoning module MacClientTargetPlatform (69)
[2018.01.10-13.31.57:136][325]LogModuleManager: Shutting down and abandoning module AllDesktopTargetPlatform (67)
[2018.01.10-13.31.57:137][325]LogModuleManager: Shutting down and abandoning module InputCore (64)
[2018.01.10-13.31.57:137][325]LogModuleManager: Shutting down and abandoning module Settings (62)
[2018.01.10-13.31.57:137][325]LogModuleManager: Shutting down and abandoning module PhysXCooking (60)
[2018.01.10-13.31.57:137][325]LogModuleManager: Shutting down and abandoning module SteamVR (58)
[2018.01.10-13.31.57:137][325]LogModuleManager: Shutting down and abandoning module OculusHMD (56)
[2018.01.10-13.31.57:137][325]LogModuleManager: Shutting down and abandoning module ExampleDeviceProfileSelector (54)
[2018.01.10-13.31.57:137][325]LogModuleManager: Shutting down and abandoning module AppleARKit (52)
[2018.01.10-13.31.57:137][325]LogModuleManager: Shutting down and abandoning module AugmentedReality (51)
[2018.01.10-13.31.57:137][325]LogModuleManager: Shutting down and abandoning module OnlineBlueprintSupport (48)
[2018.01.10-13.31.57:137][325]LogModuleManager: Shutting down and abandoning module OnlineSubsystem (44)
[2018.01.10-13.31.57:148][325]LogModuleManager: Shutting down and abandoning module XMPP (43)
[2018.01.10-13.31.57:158][325]LogModuleManager: Shutting down and abandoning module HTTP (41)
[2018.01.10-13.31.57:158][325]LogHttp: Display: Http module shutting down, but needs to wait on 1 outstanding Http requests:
[2018.01.10-13.31.57:158][325]LogHttp: Display: 	verb=[POST] url=[https://datarouter.ol.epicgames.com/datarouter/api/v1/public/data?SessionID=%7B261C22CF-468F-4B68-FD4B-82805868AA9D%7D&AppID=UEEditor.Rocket.Release&AppVersion=4.18.2-3794801%2B%2B%2BUE4%2BRelease-4.18&UserID=748b966441188d51dcd6e5803d2babb8%7Ce0f1f4a44356499c97eebbbaf25dea53%7C7bf3075f-e0b9-4f7d-bdc3-b5b69f77bf56&AppEnvironment=datacollector-binary&UploadType=eteventstream] status=Processing
[2018.01.10-13.31.57:186][325]LogModuleManager: Shutting down and abandoning module SSL (40)
[2018.01.10-13.31.57:189][325]LogModuleManager: Shutting down and abandoning module AnimationModifiers (36)
[2018.01.10-13.31.57:189][325]LogModuleManager: Shutting down and abandoning module PropertyEditor (35)
[2018.01.10-13.31.57:190][325]LogModuleManager: Shutting down and abandoning module AudioEditor (32)
[2018.01.10-13.31.57:192][325]LogModuleManager: Shutting down and abandoning module TextureCompressor (30)
[2018.01.10-13.31.57:209][325]LogModuleManager: Shutting down and abandoning module ShaderCore (28)
[2018.01.10-13.31.57:209][325]LogModuleManager: Shutting down and abandoning module Landscape (26)
[2018.01.10-13.31.57:209][325]LogModuleManager: Shutting down and abandoning module SlateRHIRenderer (24)
[2018.01.10-13.31.57:215][325]LogModuleManager: Shutting down and abandoning module OpenGLDrv (22)
[2018.01.10-13.31.57:222][325]LogModuleManager: Shutting down and abandoning module D3D11RHI (20)
[2018.01.10-13.31.57:223][325]LogModuleManager: Shutting down and abandoning module AnimGraphRuntime (18)
[2018.01.10-13.31.57:223][325]LogModuleManager: Shutting down and abandoning module Renderer (16)
[2018.01.10-13.31.57:223][325]LogModuleManager: Shutting down and abandoning module Engine (14)
[2018.01.10-13.31.57:223][325]LogModuleManager: Shutting down and abandoning module CoreUObject (12)
[2018.01.10-13.31.57:223][325]LogModuleManager: Shutting down and abandoning module NetworkFile (10)
[2018.01.10-13.31.57:223][325]LogModuleManager: Shutting down and abandoning module CookedIterativeFile (8)
[2018.01.10-13.31.57:223][325]LogModuleManager: Shutting down and abandoning module StreamingFile (6)
[2018.01.10-13.31.57:223][325]LogModuleManager: Shutting down and abandoning module SandboxFile (4)
[2018.01.10-13.31.57:223][325]LogModuleManager: Shutting down and abandoning module PakFile (2)
[2018.01.10-13.31.57:233][325]LogExit: Exiting.
[2018.01.10-13.31.57:284][325]Log file closed, 01/10/18 08:31:57
