Log file open, 01/16/18 12:08:44
LogWindows: Failed to load 'aqProf.dll' (GetLastError=126)
LogWindows: File 'aqProf.dll' does not exist
LogWindows: Failed to load 'VtuneApi.dll' (GetLastError=126)
LogWindows: File 'VtuneApi.dll' does not exist
LogWindows: Failed to load 'VtuneApi32e.dll' (GetLastError=126)
LogWindows: File 'VtuneApi32e.dll' does not exist
LogInit: Display: Running engine for game: ConsoleGameGame
LogPlatformFile: Not using cached read wrapper
LogInit: Display: RandInit(-1637809824) SRandInit(-1637809823).
LogInit: Read version file with build ID '3709383'
LogInit: Overriding engine version to CL 3794801, compatible CL 3709383
LogInit: Registered custom module enumerator with build ID '3709383'
LogInit: Warning: Passing commandline switches using / instead of - has been deprecated and will be removed in future versions of Unreal Engine.
LogTaskGraph: Started task graph with 5 named threads and 14 total threads with 3 sets of task threads.
LogStats: Stats thread started at 0.326155
LogD3D11RHI: Aftermath initialized
LogInit: Warning: Passing commandline switches using / instead of - has been deprecated and will be removed in future versions of Unreal Engine.
LogModuleManager: Display: Found up-to-date module file ../../../Engine/Plugins/2D/Paper2D/Binaries/Win64/UE4Editor-Paper2D.dll (API version 3709383).
LogModuleManager: Display: Found up-to-date module file ../../../Engine/Plugins/2D/Paper2D/Binaries/Win64/UE4Editor-Paper2DEditor.dll (API version 3709383).
LogModuleManager: Display: Found up-to-date module file ../../../Engine/Plugins/2D/Paper2D/Binaries/Win64/UE4Editor-PaperSpriteSheetImporter.dll (API version 3709383).
LogModuleManager: Display: Found up-to-date module file ../../../Engine/Plugins/2D/Paper2D/Binaries/Win64/UE4Editor-PaperTiledImporter.dll (API version 3709383).
LogModuleManager: Display: Found up-to-date module file ../../../Engine/Plugins/2D/Paper2D/Binaries/Win64/UE4Editor-SmartSnapping.dll (API version 3709383).
LogModuleManager: Display: Found up-to-date module file ../../../Engine/Plugins/Blendables/LightPropagationVolume/Binaries/Win64/UE4Editor-LightPropagationVolumeRuntime.dll (API version 3709383).
LogModuleManager: Display: Found up-to-date module file ../../../Engine/Plugins/Blendables/LightPropagationVolume/Binaries/Win64/UE4Editor-LightPropagationVolumeEditor.dll (API version 3709383).
LogModuleManager: Display: Found up-to-date module file ../../../Engine/Plugins/Developer/GitSourceControl/Binaries/Win64/UE4Editor-GitSourceControl.dll (API version 3709383).
LogModuleManager: Display: Found up-to-date module file ../../../Engine/Plugins/Developer/PerforceSourceControl/Binaries/Win64/UE4Editor-PerforceSourceControl.dll (API version 3709383).
LogModuleManager: Display: Found up-to-date module file ../../../Engine/Plugins/Developer/SubversionSourceControl/Binaries/Win64/UE4Editor-SubversionSourceControl.dll (API version 3709383).
LogModuleManager: Display: Found up-to-date module file ../../../Engine/Plugins/Developer/UObjectPlugin/Binaries/Win64/UE4Editor-UObjectPlugin.dll (API version 3709383).
LogModuleManager: Display: Found up-to-date module file ../../../Engine/Plugins/Developer/VisualStudioCodeSourceCodeAccess/Binaries/Win64/UE4Editor-VisualStudioCodeSourceCodeAccess.dll (API version 3709383).
LogModuleManager: Display: Found up-to-date module file ../../../Engine/Plugins/Developer/VisualStudioSourceCodeAccess/Binaries/Win64/UE4Editor-VisualStudioSourceCodeAccess.dll (API version 3709383).
LogModuleManager: Display: Found up-to-date module file ../../../Engine/Plugins/Editor/AssetManagerEditor/Binaries/Win64/UE4Editor-AssetManagerEditor.dll (API version 3709383).
LogModuleManager: Display: Found up-to-date module file ../../../Engine/Plugins/Editor/AudioCapture/Binaries/Win64/UE4Editor-AudioCapture.dll (API version 3709383).
LogModuleManager: Display: Found up-to-date module file ../../../Engine/Plugins/Editor/FacialAnimation/Binaries/Win64/UE4Editor-FacialAnimation.dll (API version 3709383).
LogModuleManager: Display: Found up-to-date module file ../../../Engine/Plugins/Editor/FacialAnimation/Binaries/Win64/UE4Editor-FacialAnimationEditor.dll (API version 3709383).
LogModuleManager: Display: Found up-to-date module file ../../../Engine/Plugins/Editor/GameplayTagsEditor/Binaries/Win64/UE4Editor-GameplayTagsEditor.dll (API version 3709383).
LogModuleManager: Display: Found up-to-date module file ../../../Engine/Plugins/Editor/MobileLauncherProfileWizard/Binaries/Win64/UE4Editor-MobileLauncherProfileWizard.dll (API version 3709383).
LogModuleManager: Display: Found up-to-date module file ../../../Engine/Plugins/Editor/PluginBrowser/Binaries/Win64/UE4Editor-PluginBrowser.dll (API version 3709383).
LogModuleManager: Display: Found up-to-date module file ../../../Engine/Plugins/Editor/SpeedTreeImporter/Binaries/Win64/UE4Editor-SpeedTreeImporter.dll (API version 3709383).
LogModuleManager: Display: Found up-to-date module file ../../../Engine/Plugins/Experimental/AlembicImporter/Binaries/Win64/UE4Editor-AlembicImporter.dll (API version 3709383).
LogModuleManager: Display: Found up-to-date module file ../../../Engine/Plugins/Experimental/AlembicImporter/Binaries/Win64/UE4Editor-AlembicLibrary.dll (API version 3709383).
LogModuleManager: Display: Found up-to-date module file ../../../Engine/Plugins/Experimental/CharacterAI/Binaries/Win64/UE4Editor-CharacterAI.dll (API version 3709383).
LogModuleManager: Display: Found up-to-date module file ../../../Engine/Plugins/Experimental/HTML5Networking/Binaries/Win64/UE4Editor-HTML5Networking.dll (API version 3709383).
LogModuleManager: Display: Found up-to-date module file ../../../Engine/Plugins/Media/AndroidMedia/Binaries/Win64/UE4Editor-AndroidMediaEditor.dll (API version 3709383).
LogModuleManager: Display: Found up-to-date module file ../../../Engine/Plugins/Media/AndroidMedia/Binaries/Win64/UE4Editor-AndroidMediaFactory.dll (API version 3709383).
LogModuleManager: Display: Found up-to-date module file ../../../Engine/Plugins/Media/AvfMedia/Binaries/Win64/UE4Editor-AvfMediaEditor.dll (API version 3709383).
LogModuleManager: Display: Found up-to-date module file ../../../Engine/Plugins/Media/AvfMedia/Binaries/Win64/UE4Editor-AvfMediaFactory.dll (API version 3709383).
LogModuleManager: Display: Found up-to-date module file ../../../Engine/Plugins/Media/AvfMedia/Binaries/Win64/UE4Editor-AvfMediaFactory.dll (API version 3709383).
LogModuleManager: Display: Found up-to-date module file ../../../Engine/Plugins/Media/ImgMedia/Binaries/Win64/UE4Editor-ImgMedia.dll (API version 3709383).
LogModuleManager: Display: Found up-to-date module file ../../../Engine/Plugins/Media/ImgMedia/Binaries/Win64/UE4Editor-ImgMediaEditor.dll (API version 3709383).
LogModuleManager: Display: Found up-to-date module file ../../../Engine/Plugins/Media/ImgMedia/Binaries/Win64/UE4Editor-ImgMediaFactory.dll (API version 3709383).
LogModuleManager: Display: Found up-to-date module file ../../../Engine/Plugins/Media/ImgMedia/Binaries/Win64/UE4Editor-ImgMediaFactory.dll (API version 3709383).
LogModuleManager: Display: Found up-to-date module file ../../../Engine/Plugins/Media/ImgMedia/Binaries/Win64/UE4Editor-OpenExrWrapper.dll (API version 3709383).
LogModuleManager: Display: Found up-to-date module file ../../../Engine/Plugins/Media/MediaCompositing/Binaries/Win64/UE4Editor-MediaCompositing.dll (API version 3709383).
LogModuleManager: Display: Found up-to-date module file ../../../Engine/Plugins/Media/MediaCompositing/Binaries/Win64/UE4Editor-MediaCompositingEditor.dll (API version 3709383).
LogModuleManager: Display: Found up-to-date module file ../../../Engine/Plugins/Media/MediaPlayerEditor/Binaries/Win64/UE4Editor-MediaPlayerEditor.dll (API version 3709383).
LogModuleManager: Display: Found up-to-date module file ../../../Engine/Plugins/Media/WmfMedia/Binaries/Win64/UE4Editor-WmfMedia.dll (API version 3709383).
LogModuleManager: Display: Found up-to-date module file ../../../Engine/Plugins/Media/WmfMedia/Binaries/Win64/UE4Editor-WmfMediaEditor.dll (API version 3709383).
LogModuleManager: Display: Found up-to-date module file ../../../Engine/Plugins/Media/WmfMedia/Binaries/Win64/UE4Editor-WmfMediaFactory.dll (API version 3709383).
LogModuleManager: Display: Found up-to-date module file ../../../Engine/Plugins/Media/WmfMedia/Binaries/Win64/UE4Editor-WmfMediaFactory.dll (API version 3709383).
LogModuleManager: Display: Found up-to-date module file ../../../Engine/Plugins/Messaging/TcpMessaging/Binaries/Win64/UE4Editor-TcpMessaging.dll (API version 3709383).
LogModuleManager: Display: Found up-to-date module file ../../../Engine/Plugins/Messaging/UdpMessaging/Binaries/Win64/UE4Editor-UdpMessaging.dll (API version 3709383).
LogModuleManager: Display: Found up-to-date module file ../../../Engine/Plugins/MovieScene/ActorSequence/Binaries/Win64/UE4Editor-ActorSequence.dll (API version 3709383).
LogModuleManager: Display: Found up-to-date module file ../../../Engine/Plugins/MovieScene/LevelSequenceEditor/Binaries/Win64/UE4Editor-LevelSequenceEditor.dll (API version 3709383).
LogModuleManager: Display: Found up-to-date module file ../../../Engine/Plugins/MovieScene/MatineeToLevelSequence/Binaries/Win64/UE4Editor-MatineeToLevelSequence.dll (API version 3709383).
LogModuleManager: Display: Found up-to-date module file ../../../Engine/Plugins/Online/OnlineSubsystem/Binaries/Win64/UE4Editor-OnlineSubsystem.dll (API version 3709383).
LogModuleManager: Display: Found up-to-date module file ../../../Engine/Plugins/Runtime/AndroidPermission/Binaries/Win64/UE4Editor-AndroidPermission.dll (API version 3709383).
LogModuleManager: Display: Found up-to-date module file ../../../Engine/Plugins/Online/OnlineSubsystemNull/Binaries/Win64/UE4Editor-OnlineSubsystemNull.dll (API version 3709383).
LogModuleManager: Display: Found up-to-date module file ../../../Engine/Plugins/Online/OnlineSubsystemUtils/Binaries/Win64/UE4Editor-OnlineSubsystemUtils.dll (API version 3709383).
LogModuleManager: Display: Found up-to-date module file ../../../Engine/Plugins/Online/OnlineSubsystemUtils/Binaries/Win64/UE4Editor-OnlineBlueprintSupport.dll (API version 3709383).
LogModuleManager: Display: Found up-to-date module file ../../../Engine/Plugins/Runtime/AndroidDeviceProfileSelector/Binaries/Win64/UE4Editor-AndroidDeviceProfileSelector.dll (API version 3709383).
LogModuleManager: Display: Found up-to-date module file ../../../Engine/Plugins/Runtime/AppleARKit/Binaries/Win64/UE4Editor-AppleARKit.dll (API version 3709383).
LogModuleManager: Display: Found up-to-date module file ../../../Engine/Plugins/Runtime/ArchVisCharacter/Binaries/Win64/UE4Editor-ArchVisCharacter.dll (API version 3709383).
LogModuleManager: Display: Found up-to-date module file ../../../Engine/Plugins/Runtime/CableComponent/Binaries/Win64/UE4Editor-CableComponent.dll (API version 3709383).
LogModuleManager: Display: Found up-to-date module file ../../../Engine/Plugins/Runtime/CustomMeshComponent/Binaries/Win64/UE4Editor-CustomMeshComponent.dll (API version 3709383).
LogModuleManager: Display: Found up-to-date module file ../../../Engine/Plugins/Runtime/ExampleDeviceProfileSelector/Binaries/Win64/UE4Editor-ExampleDeviceProfileSelector.dll (API version 3709383).
LogModuleManager: Display: Found up-to-date module file ../../../Engine/Plugins/Runtime/ImmediatePhysics/Binaries/Win64/UE4Editor-ImmediatePhysics.dll (API version 3709383).
LogModuleManager: Display: Found up-to-date module file ../../../Engine/Plugins/Runtime/ImmediatePhysics/Binaries/Win64/UE4Editor-ImmediatePhysicsEditor.dll (API version 3709383).
LogModuleManager: Display: Found up-to-date module file ../../../Engine/Plugins/Runtime/LocationServicesBPLibrary/Binaries/Win64/UE4Editor-LocationServicesBPLibrary.dll (API version 3709383).
LogModuleManager: Display: Found up-to-date module file ../../../Engine/Plugins/Runtime/MobilePatchingUtils/Binaries/Win64/UE4Editor-MobilePatchingUtils.dll (API version 3709383).
LogModuleManager: Display: Found up-to-date module file ../../../Engine/Plugins/Runtime/Oculus/OculusVR/Binaries/Win64/UE4Editor-OculusHMD.dll (API version 3709383).
LogModuleManager: Display: Found up-to-date module file ../../../Engine/Plugins/Runtime/Oculus/OculusVR/Binaries/Win64/UE4Editor-OculusInput.dll (API version 3709383).
LogModuleManager: Display: Found up-to-date module file ../../../Engine/Plugins/Runtime/Oculus/OculusVR/Binaries/Win64/UE4Editor-OculusEditor.dll (API version 3709383).
LogModuleManager: Display: Found up-to-date module file ../../../Engine/Plugins/Runtime/PhysXVehicles/Binaries/Win64/UE4Editor-PhysXVehicles.dll (API version 3709383).
LogModuleManager: Display: Found up-to-date module file ../../../Engine/Plugins/Runtime/PhysXVehicles/Binaries/Win64/UE4Editor-PhysXVehiclesEditor.dll (API version 3709383).
LogModuleManager: Display: Found up-to-date module file ../../../Engine/Plugins/Runtime/ProceduralMeshComponent/Binaries/Win64/UE4Editor-ProceduralMeshComponent.dll (API version 3709383).
LogModuleManager: Display: Found up-to-date module file ../../../Engine/Plugins/Runtime/ProceduralMeshComponent/Binaries/Win64/UE4Editor-ProceduralMeshComponentEditor.dll (API version 3709383).
LogModuleManager: Display: Found up-to-date module file ../../../Engine/Plugins/Runtime/RuntimePhysXCooking/Binaries/Win64/UE4Editor-RuntimePhysXCooking.dll (API version 3709383).
LogModuleManager: Display: Found up-to-date module file ../../../Engine/Plugins/Runtime/Steam/SteamVR/Binaries/Win64/UE4Editor-SteamVR.dll (API version 3709383).
LogModuleManager: Display: Found up-to-date module file ../../../Engine/Plugins/Runtime/Steam/SteamVR/Binaries/Win64/UE4Editor-SteamVRController.dll (API version 3709383).
LogModuleManager: Display: Found up-to-date module file ../../../Engine/Plugins/Runtime/WindowsMoviePlayer/Binaries/Win64/UE4Editor-WindowsMoviePlayer.dll (API version 3709383).
LogPluginManager: Mounting plugin Paper2D
LogPluginManager: Mounting plugin LightPropagationVolume
LogPluginManager: Mounting plugin CodeLiteSourceCodeAccess
LogPluginManager: Mounting plugin GitSourceControl
LogPluginManager: Mounting plugin KDevelopSourceCodeAccess
LogPluginManager: Mounting plugin NullSourceCodeAccess
LogPluginManager: Mounting plugin PerforceSourceControl
LogPluginManager: Mounting plugin SubversionSourceControl
LogPluginManager: Mounting plugin UObjectPlugin
LogPluginManager: Mounting plugin VisualStudioCodeSourceCodeAccess
LogPluginManager: Mounting plugin VisualStudioSourceCodeAccess
LogPluginManager: Mounting plugin XCodeSourceCodeAccess
LogPluginManager: Mounting plugin AssetManagerEditor
LogPluginManager: Mounting plugin AudioCapture
LogPluginManager: Mounting plugin FacialAnimation
LogPluginManager: Mounting plugin GameplayTagsEditor
LogPluginManager: Mounting plugin MobileLauncherProfileWizard
LogPluginManager: Mounting plugin PluginBrowser
LogPluginManager: Mounting plugin SpeedTreeImporter
LogPluginManager: Mounting plugin AlembicImporter
LogPluginManager: Mounting plugin CharacterAI
LogPluginManager: Mounting plugin HTML5Networking
LogPluginManager: Mounting plugin AndroidMedia
LogPluginManager: Mounting plugin AvfMedia
LogPluginManager: Mounting plugin ImgMedia
LogPluginManager: Mounting plugin MediaCompositing
LogPluginManager: Mounting plugin MediaPlayerEditor
LogPluginManager: Mounting plugin WmfMedia
LogPluginManager: Mounting plugin TcpMessaging
LogPluginManager: Mounting plugin UdpMessaging
LogPluginManager: Mounting plugin ActorSequence
LogPluginManager: Mounting plugin LevelSequenceEditor
LogPluginManager: Mounting plugin MatineeToLevelSequence
LogPluginManager: Mounting plugin OnlineSubsystemGooglePlay
LogPluginManager: Mounting plugin OnlineSubsystemIOS
LogPluginManager: Mounting plugin OnlineSubsystem
LogPluginManager: Mounting plugin OnlineSubsystemNull
LogPluginManager: Mounting plugin OnlineSubsystemUtils
LogPluginManager: Mounting plugin AndroidDeviceProfileSelector
LogPluginManager: Mounting plugin AndroidMoviePlayer
LogPluginManager: Mounting plugin AndroidPermission
LogPluginManager: Mounting plugin AppleARKit
LogPluginManager: Mounting plugin AppleMoviePlayer
LogPluginManager: Mounting plugin ArchVisCharacter
LogPluginManager: Mounting plugin CableComponent
LogPluginManager: Mounting plugin CustomMeshComponent
LogPluginManager: Mounting plugin ExampleDeviceProfileSelector
LogPluginManager: Mounting plugin GoogleCloudMessaging
LogPluginManager: Mounting plugin ImmediatePhysics
LogPluginManager: Mounting plugin IOSDeviceProfileSelector
LogPluginManager: Mounting plugin LinuxDeviceProfileSelector
LogPluginManager: Mounting plugin LocationServicesBPLibrary
LogPluginManager: Mounting plugin MobilePatchingUtils
LogPluginManager: Mounting plugin OculusVR
LogPluginManager: Plugin shader directory ../../../Engine/Plugins/Runtime/Oculus/OculusVR/Shaders found
LogPluginManager: Mapping shader source directory ../../../Engine/Plugins/Runtime/Oculus/OculusVR/Shaders to virtual directory /Plugin/OculusVR
LogPluginManager: Mounting plugin PhysXVehicles
LogPluginManager: Mounting plugin ProceduralMeshComponent
LogPluginManager: Mounting plugin RuntimePhysXCooking
LogPluginManager: Mounting plugin SteamVR
LogPluginManager: Mounting plugin WindowsMoviePlayer
LogInit: Using libcurl 7.47.1
LogInit:  - built for x86_64-pc-win32
LogInit:  - supports SSL with OpenSSL/1.0.2g
LogInit:  - supports HTTP deflate (compression) using libz 1.2.8
LogInit:  - other features:
LogInit:      CURL_VERSION_SSL
LogInit:      CURL_VERSION_LIBZ
LogInit:      CURL_VERSION_IPV6
LogInit:      CURL_VERSION_ASYNCHDNS
LogInit:      CURL_VERSION_LARGEFILE
LogInit:      CURL_VERSION_IDN
LogInit:  CurlRequestOptions (configurable via config and command line):
LogInit:  - bVerifyPeer = false  - Libcurl will NOT verify peer certificate
LogInit:  - bUseHttpProxy = false  - Libcurl will NOT use HTTP proxy
LogInit:  - bDontReuseConnections = false  - Libcurl will reuse connections
LogInit:  - CertBundlePath = nullptr  - Libcurl will use whatever was configured at build time.
LogInit: Build: ++UE4+Release-4.18-CL-3794801
LogInit: Engine Version: 4.18.2-3794801+++UE4+Release-4.18
LogInit: Compatible Engine Version: 4.18.0-3709383+++UE4+Release-4.18
LogInit: Net CL: 3709383
LogDevObjectVersion: Number of dev versions registered: 16
LogDevObjectVersion:   Dev-Blueprints (B0D832E4-1F89-4F0D-ACCF-7EB736FD4AA2): 10
LogDevObjectVersion:   Dev-Build (E1C64328-A22C-4D53-A36C-8E866417BD8C): 0
LogDevObjectVersion:   Dev-Core (375EC13C-06E4-48FB-B500-84F0262A717E): 2
LogDevObjectVersion:   Dev-Editor (E4B068ED-F494-42E9-A231-DA0B2E46BB41): 20
LogDevObjectVersion:   Dev-Framework (CFFC743F-43B0-4480-9391-14DF171D2073): 30
LogDevObjectVersion:   Dev-Mobile (B02B49B5-BB20-44E9-A304-32B752E40360): 0
LogDevObjectVersion:   Dev-Networking (A4E4105C-59A1-49B5-A7C5-40C4547EDFEE): 0
LogDevObjectVersion:   Dev-Online (39C831C9-5AE6-47DC-9A44-9C173E1C8E7C): 0
LogDevObjectVersion:   Dev-Physics (78F01B33-EBEA-4F98-B9B4-84EACCB95AA2): 0
LogDevObjectVersion:   Dev-Platform (6631380F-2D4D-43E0-8009-CF276956A95A): 0
LogDevObjectVersion:   Dev-Rendering (12F88B9F-8875-4AFC-A67C-D90C383ABD29): 20
LogDevObjectVersion:   Dev-Sequencer (7B5AE74C-D270-4C10-A958-57980B212A5A): 4
LogDevObjectVersion:   Dev-VR (D7296918-1DD6-4BDD-9DE2-64A83CC13884): 0
LogDevObjectVersion:   Dev-LoadTimes (C2A15278-BFE7-4AFE-6C17-90FF531DF755): 1
LogDevObjectVersion:   Private-Geometry (6EACA3D4-40EC-4CC1-B786-8BED09428FC5): 1
LogDevObjectVersion:   Dev-AnimPhys (29E575DD-E0A3-4627-9D10-D276232CDCEA): 12
LogInit: Compiled (64-bit): Dec  8 2017 02:04:53
LogInit: Compiled with Visual C++: 19.00.24215.01
LogInit: Build Configuration: Development
LogInit: Branch Name: ++UE4+Release-4.18
LogInit: Command line:  /Game/DreamLife/maps/MainMenu -game -PIEVIACONSOLE -ResX=1280 -ResY=720  -Multiprocess -messaging -SessionName="Play in Standalone Game" -windowed 
LogInit: Base directory: C:/Program Files/Epic Games/UE_4.18/Engine/Binaries/Win64/
LogInit: Installed Engine Build: 1
LogInit: Presizing for max 8388607 objects, including 0 objects not considered by GC, pre-allocating 0 bytes for permanent pool.
LogInit: Object subsystem initialized
[2018.01.16-17.08.51:598][  0]LogInit: Selected Device Profile: [Windows]
[2018.01.16-17.08.51:598][  0]LogInit: Applying CVar settings loaded from the selected device profile: [Windows]
[2018.01.16-17.08.51:643][  0]LogInit: Computer: DESKTOP-0U7SDMQ
[2018.01.16-17.08.51:643][  0]LogInit: User: Connor
[2018.01.16-17.08.51:643][  0]LogInit: CPU Page size=4096, Cores=4
[2018.01.16-17.08.51:643][  0]LogInit: High frequency timer resolution =2.531248 MHz
[2018.01.16-17.08.51:644][  0]LogMemory: Memory total: Physical=7.9GB (8GB approx)
[2018.01.16-17.08.51:645][  0]LogMemory: Platform Memory Stats for Windows
[2018.01.16-17.08.51:645][  0]LogMemory: Process Physical Memory: 276.18 MB used, 276.18 MB peak
[2018.01.16-17.08.51:645][  0]LogMemory: Process Virtual Memory: 273.00 MB used, 273.00 MB peak
[2018.01.16-17.08.51:645][  0]LogMemory: Physical Memory: 5825.19 MB used,  2239.77 MB free, 8064.96 MB total
[2018.01.16-17.08.51:645][  0]LogMemory: Virtual Memory: 679.20 MB used,  2239.77 MB free, 134217728.00 MB total
[2018.01.16-17.08.53:419][  0]LogInit: Using OS detected language (en-US).
[2018.01.16-17.08.53:419][  0]LogInit: Using OS detected locale (en-CA).
[2018.01.16-17.08.53:596][  0]LogTextLocalizationManager: No specific localization for 'en-US' exists, so the 'en' localization will be used.
[2018.01.16-17.08.56:027][  0]LogD3D11RHI: D3D11 adapters:
[2018.01.16-17.08.56:128][  0]LogD3D11RHI:    0. 'NVIDIA GeForce GTX 960M' (Feature Level 11_0)
[2018.01.16-17.08.56:128][  0]LogD3D11RHI:       4065/0/4032 MB DedicatedVideo/DedicatedSystem/SharedSystem, Outputs:1, VendorId:0x10de
[2018.01.16-17.08.56:146][  0]LogD3D11RHI:    1. 'Intel(R) HD Graphics 530' (Feature Level 11_0)
[2018.01.16-17.08.56:146][  0]LogD3D11RHI:       128/0/4032 MB DedicatedVideo/DedicatedSystem/SharedSystem, Outputs:0, VendorId:0x8086
[2018.01.16-17.08.56:151][  0]LogD3D11RHI:    2. 'Microsoft Basic Render Driver' (Feature Level 11_0)
[2018.01.16-17.08.56:151][  0]LogD3D11RHI:       0/0/4032 MB DedicatedVideo/DedicatedSystem/SharedSystem, Outputs:0, VendorId:0x1414
[2018.01.16-17.08.56:151][  0]LogD3D11RHI: Chosen D3D11 Adapter: 0
[2018.01.16-17.08.56:181][  0]LogD3D11RHI: Creating new Direct3DDevice
[2018.01.16-17.08.56:190][  0]LogD3D11RHI:     GPU DeviceId: 0x139b (for the marketing name, search the web for "GPU Device Id")
[2018.01.16-17.08.56:190][  0]LogWindows: EnumDisplayDevices:
[2018.01.16-17.08.56:191][  0]LogWindows:    0. 'Intel(R) HD Graphics 530' (P:1 D:1)
[2018.01.16-17.08.56:191][  0]LogWindows:    1. 'Intel(R) HD Graphics 530' (P:0 D:0)
[2018.01.16-17.08.56:192][  0]LogWindows:    2. 'Intel(R) HD Graphics 530' (P:0 D:0)
[2018.01.16-17.08.56:192][  0]LogWindows: DebugString: GetVideoDriverDetailsInvalid PrimaryIsNotTheChoosenAdapter GetVideoDriverDetailsInvalid PrimaryIsNotTheChoosenAdapter GetVideoDriverDetailsInvalid PrimaryIsNotTheChoosenAdapter FoundDriverCount:0 
[2018.01.16-17.08.56:192][  0]LogD3D11RHI:     Adapter Name: NVIDIA GeForce GTX 960M
[2018.01.16-17.08.56:192][  0]LogD3D11RHI:   Driver Version: Unknown (internal:Unknown, unified:Unknown)
[2018.01.16-17.08.56:192][  0]LogD3D11RHI:      Driver Date: Unknown
[2018.01.16-17.08.56:192][  0]LogRHI: Texture pool is 2846 MB (70% of 4065 MB)
[2018.01.16-17.08.56:291][  0]LogD3D11RHI: Async texture creation enabled
[2018.01.16-17.08.56:526][  0]LogD3D11RHI: GPU Timing Frequency: 1000.000000 (Debug: 2 4)
[2018.01.16-17.08.56:625][  0]LogShaderCompilers: Guid format shader working directory is -28 characters bigger than the processId version (../../../../../../Users/Connor/Desktop/RealConsoleGame/ConsoleGameGame 4.18/Intermediate/Shaders/WorkingDirectory/9880/).
[2018.01.16-17.08.56:626][  0]LogShaderCompilers: Cleaned the shader compiler working directory 'C:/Users/Connor/AppData/Local/Temp/UnrealShaderWorkingDir/4BB6AD2E405AD99B124131B3DB17FD29/'.
[2018.01.16-17.08.56:627][  0]LogShaderCompilers: Display: Using Local Shader Compiler.
[2018.01.16-17.09.00:778][  0]LogTemp: Display: Loaded TP WindowsClientTargetPlatform
[2018.01.16-17.09.00:950][  0]LogTemp: Display: Loaded TP WindowsNoEditorTargetPlatform
[2018.01.16-17.09.01:092][  0]LogTemp: Display: Loaded TP WindowsServerTargetPlatform
[2018.01.16-17.09.01:296][  0]LogTemp: Display: Loaded TP WindowsTargetPlatform
[2018.01.16-17.09.01:296][  0]LogTargetPlatformManager: Display: Building Assets For Windows
[2018.01.16-17.09.03:681][  0]LogDerivedDataCache: Display: Max Cache Size: 512 MB
[2018.01.16-17.09.04:770][  0]LogDerivedDataCache: Loaded boot cache 1.09s 90MB C:/Users/Connor/AppData/Local/UnrealEngine/4.18/DerivedDataCache/Boot.ddc.
[2018.01.16-17.09.04:771][  0]LogDerivedDataCache: Display: Loaded Boot cache: C:/Users/Connor/AppData/Local/UnrealEngine/4.18/DerivedDataCache/Boot.ddc
[2018.01.16-17.09.04:771][  0]LogDerivedDataCache: FDerivedDataBackendGraph:  Pak pak cache file ../../../../../../Users/Connor/Desktop/RealConsoleGame/ConsoleGameGame 4.18/DerivedDataCache/DDC.ddp not found, will not use a pak cache.
[2018.01.16-17.09.04:771][  0]LogDerivedDataCache: Unable to find inner node Pak for hierarchical cache Hierarchy.
[2018.01.16-17.09.04:771][  0]LogDerivedDataCache: FDerivedDataBackendGraph:  CompressedPak pak cache file ../../../../../../Users/Connor/Desktop/RealConsoleGame/ConsoleGameGame 4.18/DerivedDataCache/Compressed.ddp not found, will not use a pak cache.
[2018.01.16-17.09.04:771][  0]LogDerivedDataCache: Unable to find inner node CompressedPak for hierarchical cache Hierarchy.
[2018.01.16-17.09.04:828][  0]LogDerivedDataCache: Display: Pak cache opened for reading ../../../Engine/DerivedDataCache/Compressed.ddp.
[2018.01.16-17.09.04:842][  0]LogDerivedDataCache: Using Local data cache path C:/Users/Connor/AppData/Local/UnrealEngine/Common/DerivedDataCache: Writable
[2018.01.16-17.09.04:879][  0]LogMaterial: Verifying Global Shaders for PCD3D_SM5
[2018.01.16-17.09.04:922][  0]LogSlate: Using Freetype 2.6.0
[2018.01.16-17.09.04:993][  0]LogSlate: SlateFontCache - WITH_FREETYPE: 1, WITH_HARFBUZZ: 1
[2018.01.16-17.09.04:993][  0]LogSlate: SlateFontCache - WITH_FREETYPE: 1, WITH_HARFBUZZ: 1
[2018.01.16-17.09.11:890][  0]LogAssetRegistry: FAssetRegistry took 0.0110 seconds to start up
[2018.01.16-17.09.11:957][  0]LogPackageLocalizationCache: Processed 7 localized package path(s) for 2 prioritized culture(s) in 0.038936 seconds
[2018.01.16-17.09.12:272][  0]LogInit: Selected Device Profile: [Windows]
[2018.01.16-17.09.13:837][  0]LogSimplygon: Simplygon DLL not present - disabling.
[2018.01.16-17.09.14:026][  0]LogMeshReduction: Using SimplygonSwarm for distributed automatic mesh merging
[2018.01.16-17.09.14:027][  0]LogMeshReduction: Using QuadricMeshReduction for automatic static mesh reduction
[2018.01.16-17.09.14:028][  0]LogMeshReduction: No automatic skeletal mesh reduction module available
[2018.01.16-17.09.14:028][  0]LogMeshReduction: No automatic mesh merging module available
[2018.01.16-17.09.14:028][  0]LogMeshMerging: No automatic mesh merging module available
[2018.01.16-17.09.14:174][  0]LogNetVersion: ConsoleGameGame , NetCL: 3709383, EngineNetVer: 2, GameNetVer: 0 (Checksum: 3285746354)
[2018.01.16-17.09.15:091][  0]LogInit: Warning: Passing commandline switches using / instead of - has been deprecated and will be removed in future versions of Unreal Engine.
[2018.01.16-17.09.15:092][  0]LogInit: Warning: Passing commandline switches using / instead of - has been deprecated and will be removed in future versions of Unreal Engine.
[2018.01.16-17.09.15:095][  0]LogInit: Warning: Passing commandline switches using / instead of - has been deprecated and will be removed in future versions of Unreal Engine.
[2018.01.16-17.09.16:655][  0]LogInit: WinSock: version 1.1 (2.2), MaxSocks=32767, MaxUdp=65467
[2018.01.16-17.09.22:837][  0]LogMoviePlayer: Initializing movie player
[2018.01.16-17.09.24:110][  0]LogCollectionManager: Loaded 0 collections in 0.005645 seconds
[2018.01.16-17.09.24:203][  0]LogFileCache: Scanning file cache for directory 'C:/Users/Connor/Desktop/RealConsoleGame/ConsoleGameGame 4.18/Saved/Collections/' took 0.01s
[2018.01.16-17.09.24:203][  0]LogFileCache: Scanning file cache for directory 'C:/Users/Connor/Desktop/RealConsoleGame/ConsoleGameGame 4.18/Content/Developers/Connor/Collections/' took 0.01s
[2018.01.16-17.09.24:203][  0]LogFileCache: Scanning file cache for directory 'C:/Users/Connor/Desktop/RealConsoleGame/ConsoleGameGame 4.18/Content/Collections/' took 0.01s
[2018.01.16-17.09.24:203][  0]LogCollectionManager: Rebuilt the object cache for 0 collections in 0.000000 seconds (found 0 objects)
[2018.01.16-17.09.24:203][  0]LogCollectionManager: Fixed up redirectors for 0 collections in 0.000187 seconds (updated 0 objects)
[2018.01.16-17.09.24:954][  0]LogTcpMessaging: Initializing TcpMessaging bridge
[2018.01.16-17.09.25:131][  0]LogUdpMessaging: Initializing bridge on interface 0.0.0.0:0 to multicast group 230.0.0.1:6666.
[2018.01.16-17.09.27:809][  0]LogInit: Warning: Passing commandline switches using / instead of - has been deprecated and will be removed in future versions of Unreal Engine.
[2018.01.16-17.09.27:830][  0]SourceControl: Source control is disabled
[2018.01.16-17.09.27:831][  0]SourceControl: Source control is disabled
[2018.01.16-17.09.28:113][  0]SourceControl: Source control is disabled
[2018.01.16-17.09.30:065][  0]LogAndroidPermission: UAndroidPermissionCallbackProxy::GetInstance
[2018.01.16-17.09.31:157][  0]LogOcInput: OculusInput pre-init called
[2018.01.16-17.09.31:759][  0]LogUObjectArray: 38953 objects as part of root set at end of initial load.
[2018.01.16-17.09.31:760][  0]LogUObjectAllocator: 8357512 out of 0 bytes used by permanent object pool.
[2018.01.16-17.09.31:760][  0]LogUObjectArray: CloseDisregardForGC: 0/0 objects in disregard for GC pool
[2018.01.16-17.09.32:564][  0]LogEngine: Initializing Engine...
[2018.01.16-17.09.32:584][  0]LogHMD: Failed to initialize OpenVR with code 110
[2018.01.16-17.09.33:270][  0]LogStats: UGameplayTagsManager::ConstructGameplayTagTree: Construct from data asset -  0.000 s
[2018.01.16-17.09.33:312][  0]LogStats: UGameplayTagsManager::ConstructGameplayTagTree: GameplayTagTreeChangedEvent.Broadcast -  0.041 s
[2018.01.16-17.09.33:329][  0]LogInit: XAudio2 using 'Speakers / Headphones (Realtek Audio)' : 2 channels at 48 kHz using 32 bits per sample (channel mask 0x3)
[2018.01.16-17.09.33:382][  0]LogInit: FAudioDevice initialized.
[2018.01.16-17.09.33:445][  0]LogInit: Texture streaming: Enabled
[2018.01.16-17.09.33:535][  0]LogMaterial: Uniform references updated for custom material expression Custom.
[2018.01.16-17.09.35:549][  0]LogInit: Warning: Passing commandline switches using / instead of - has been deprecated and will be removed in future versions of Unreal Engine.
[2018.01.16-17.09.35:741][  0]LogInit: Display: Game Engine Initialized.
[2018.01.16-17.09.35:764][  0]LogGameplayTags: Display: UGameplayTagsManager::DoneAddingNativeTags. DelegateIsBound: 0
[2018.01.16-17.09.36:468][  0]LogInit: Display: Starting Game.
[2018.01.16-17.09.36:468][  0]LogNet: Browse: /Game/DreamLife/maps/MainMenu?Name=Player
[2018.01.16-17.09.36:485][  0]LogLoad: LoadMap: /Game/DreamLife/maps/MainMenu?Name=Player
[2018.01.16-17.09.38:320][  0]LogAIModule: Creating AISystem for world MainMenu
[2018.01.16-17.09.38:321][  0]LogLoad: Game class is 'MainMenuMode_C'
[2018.01.16-17.09.38:346][  0]LogWorld: Bringing World /Game/DreamLife/maps/MainMenu.MainMenu up for play (max tick rate 0) at 2018.01.16-12.09.38
[2018.01.16-17.09.38:347][  0]LogWorld: Bringing up level for play took: 0.010967
[2018.01.16-17.09.38:364][  0]LogGameMode: FindPlayerStart: PATHS NOT DEFINED or NO PLAYERSTART with positive rating
[2018.01.16-17.09.38:442][  0]LogLoad: Took 1.956847 seconds to LoadMap(/Game/DreamLife/maps/MainMenu)
[2018.01.16-17.09.39:307][  0]LogRenderer: Reallocating scene render targets to support 1280x720 Format 10 NumSamples 1 (Frame:1).
[2018.01.16-17.09.39:307][  0]LogLoad: (Engine Initialization) Total time: 64.49 seconds
[2018.01.16-17.09.39:307][  0]LogLoad: (Engine Initialization) Total Blueprint compile time: 0.00 seconds
[2018.01.16-17.09.39:307][  0]LogExternalProfiler: Found external profiler: VSPerf
[2018.01.16-17.09.39:307][  0]LogExternalProfiler: Using external profiler: VSPerf
[2018.01.16-17.09.39:355][  0]LogContentStreaming: Texture pool size now 1000 MB
[2018.01.16-17.09.39:933][  3]LogD3D11RHI: Timed out while waiting for GPU to catch up. (0.5 s)
[2018.01.16-17.09.40:415][ 17]LogBlueprintUserMessages: [MainMenuHud_C_0] 1280x720
[2018.01.16-17.09.41:446][ 48]LogBlueprintUserMessages: [MainMenuHud_C_0] 1280x720
[2018.01.16-17.09.42:479][ 79]LogBlueprintUserMessages: [MainMenuHud_C_0] 1280x720
[2018.01.16-17.09.43:479][109]LogBlueprintUserMessages: [MainMenuHud_C_0] 1280x720
[2018.01.16-17.09.44:480][139]LogBlueprintUserMessages: [MainMenuHud_C_0] 1280x720
[2018.01.16-17.09.45:512][170]LogBlueprintUserMessages: [MainMenuHud_C_0] 1280x720
[2018.01.16-17.09.46:512][200]LogBlueprintUserMessages: [MainMenuHud_C_0] 1280x720
[2018.01.16-17.09.47:513][230]LogBlueprintUserMessages: [MainMenuHud_C_0] 1280x720
[2018.01.16-17.09.48:545][261]LogBlueprintUserMessages: [MainMenuHud_C_0] 1280x720
[2018.01.16-17.09.49:580][292]LogBlueprintUserMessages: [MainMenuHud_C_0] 1280x720
[2018.01.16-17.09.50:612][323]LogBlueprintUserMessages: [MainMenuHud_C_0] 1280x720
[2018.01.16-17.09.51:646][354]LogBlueprintUserMessages: [MainMenuHud_C_0] 1280x720
[2018.01.16-17.09.52:645][384]LogBlueprintUserMessages: [MainMenuHud_C_0] 1280x720
[2018.01.16-17.09.53:678][415]LogBlueprintUserMessages: [MainMenuHud_C_0] 1280x720
[2018.01.16-17.09.54:711][446]LogBlueprintUserMessages: [MainMenuHud_C_0] 1280x720
[2018.01.16-17.09.55:744][477]LogBlueprintUserMessages: [MainMenuHud_C_0] 1280x720
[2018.01.16-17.09.56:777][508]LogBlueprintUserMessages: [MainMenuHud_C_0] 1280x720
[2018.01.16-17.09.57:811][539]LogBlueprintUserMessages: [MainMenuHud_C_0] 1280x720
[2018.01.16-17.09.58:810][569]LogBlueprintUserMessages: [MainMenuHud_C_0] 1280x720
[2018.01.16-17.09.59:843][600]LogBlueprintUserMessages: [MainMenuHud_C_0] 1280x720
[2018.01.16-17.10.00:877][631]LogBlueprintUserMessages: [MainMenuHud_C_0] 1280x720
[2018.01.16-17.10.01:909][662]LogBlueprintUserMessages: [MainMenuHud_C_0] 1280x720
[2018.01.16-17.10.02:911][692]LogBlueprintUserMessages: [MainMenuHud_C_0] 1280x720
[2018.01.16-17.10.05:183][697]LogPackageName: SearchForPackageOnDisk took   2.105s to resolve level_00.umap.
[2018.01.16-17.10.05:474][697]LogPackageName: SearchForPackageOnDisk took   0.289s to resolve level_00.umap.
[2018.01.16-17.10.05:768][697]LogPackageName: SearchForPackageOnDisk took   0.293s to resolve level_00.umap.
[2018.01.16-17.10.06:032][697]LogPackageName: SearchForPackageOnDisk took   0.263s to resolve level_00.umap.
[2018.01.16-17.10.06:032][697]LogNet: Browse: /Game/DreamLife/maps/level_00
[2018.01.16-17.10.06:032][697]LogLoad: LoadMap: /Game/DreamLife/maps/level_00
[2018.01.16-17.10.07:524][697]LogAIModule: Creating AISystem for world level_00
[2018.01.16-17.10.07:525][697]LogLoad: Game class is '2DSideScrollerGameMode_C'
[2018.01.16-17.10.07:536][697]LogWorld: Bringing World /Game/DreamLife/maps/level_00.level_00 up for play (max tick rate 0) at 2018.01.16-12.10.07
[2018.01.16-17.10.07:538][697]LogWorld: Bringing up level for play took: 0.010427
[2018.01.16-17.10.07:544][697]LogLoad: Took 1.512283 seconds to LoadMap(/Game/DreamLife/maps/level_00)
[2018.01.16-17.10.08:153][715]LogBlueprintUserMessages: [MainMenuHud_C_0] 1280x720
[2018.01.16-17.10.09:157][745]LogBlueprintUserMessages: [MainMenuHud_C_0] 1280x720
[2018.01.16-17.10.10:191][776]LogBlueprintUserMessages: [MainMenuHud_C_0] 1280x720
[2018.01.16-17.10.11:191][806]LogBlueprintUserMessages: [MainMenuHud_C_0] 1280x720
[2018.01.16-17.10.12:224][837]LogBlueprintUserMessages: [MainMenuHud_C_0] 1280x720
[2018.01.16-17.10.13:225][867]LogBlueprintUserMessages: [MainMenuHud_C_0] 1280x720
[2018.01.16-17.10.14:256][898]LogBlueprintUserMessages: [MainMenuHud_C_0] 1280x720
[2018.01.16-17.10.15:290][929]LogBlueprintUserMessages: [MainMenuHud_C_0] 1280x720
[2018.01.16-17.10.16:291][959]LogBlueprintUserMessages: [MainMenuHud_C_0] 1280x720
[2018.01.16-17.10.17:322][990]LogBlueprintUserMessages: [MainMenuHud_C_0] 1280x720
[2018.01.16-17.10.18:355][ 21]LogBlueprintUserMessages: [MainMenuHud_C_0] 1280x720
[2018.01.16-17.10.19:388][ 52]LogBlueprintUserMessages: [MainMenuHud_C_0] 1280x720
[2018.01.16-17.10.20:389][ 82]LogBlueprintUserMessages: [MainMenuHud_C_0] 1280x720
[2018.01.16-17.10.21:389][112]LogBlueprintUserMessages: [MainMenuHud_C_0] 1280x720
[2018.01.16-17.10.22:033][121]LogPackageName: SearchForPackageOnDisk took   0.344s to resolve level_01.umap.
[2018.01.16-17.10.22:334][122]LogPackageName: SearchForPackageOnDisk took   0.297s to resolve level_01.umap.
[2018.01.16-17.10.22:334][122]LogNet: Browse: /Game/DreamLife/maps/level_01
[2018.01.16-17.10.22:334][122]LogLoad: LoadMap: /Game/DreamLife/maps/level_01
[2018.01.16-17.10.23:644][122]LogAIModule: Creating AISystem for world level_01
[2018.01.16-17.10.23:645][122]LogLoad: Game class is '2DSideScrollerGameMode_C'
[2018.01.16-17.10.23:658][122]LogWorld: Bringing World /Game/DreamLife/maps/level_01.level_01 up for play (max tick rate 0) at 2018.01.16-12.10.23
[2018.01.16-17.10.23:659][122]LogWorld: Bringing up level for play took: 0.011538
[2018.01.16-17.10.23:666][122]LogLoad: Took 1.331824 seconds to LoadMap(/Game/DreamLife/maps/level_01)
[2018.01.16-17.10.23:942][130]LogBlueprintUserMessages: [MainMenuHud_C_0] 1280x720
[2018.01.16-17.10.24:949][160]LogBlueprintUserMessages: [MainMenuHud_C_0] 1280x720
[2018.01.16-17.10.25:971][191]LogBlueprintUserMessages: [MainMenuHud_C_0] 1280x720
[2018.01.16-17.10.26:971][221]LogBlueprintUserMessages: [MainMenuHud_C_0] 1280x720
[2018.01.16-17.10.28:004][252]LogBlueprintUserMessages: [MainMenuHud_C_0] 1280x720
[2018.01.16-17.10.29:010][282]LogBlueprintUserMessages: [MainMenuHud_C_0] 1280x720
[2018.01.16-17.10.30:070][303]LogPackageName: SearchForPackageOnDisk took   0.365s to resolve Level_02_Boss.umap.
[2018.01.16-17.10.30:440][304]LogPackageName: SearchForPackageOnDisk took   0.367s to resolve Level_02_Boss.umap.
[2018.01.16-17.10.30:440][304]LogNet: Browse: /Game/DreamLife/maps/Level_02_Boss
[2018.01.16-17.10.30:441][304]LogLoad: LoadMap: /Game/DreamLife/maps/Level_02_Boss
[2018.01.16-17.10.31:686][304]LogAIModule: Creating AISystem for world Level_02_Boss
[2018.01.16-17.10.31:687][304]LogLoad: Game class is '2DSideScrollerGameMode_C'
[2018.01.16-17.10.31:702][304]LogWorld: Bringing World /Game/DreamLife/maps/Level_02_Boss.Level_02_Boss up for play (max tick rate 0) at 2018.01.16-12.10.31
[2018.01.16-17.10.31:704][304]LogWorld: Bringing up level for play took: 0.014774
[2018.01.16-17.10.31:709][304]LogLoad: Took 1.268459 seconds to LoadMap(/Game/DreamLife/maps/Level_02_Boss)
[2018.01.16-17.10.31:965][311]LogBlueprintUserMessages: [MainMenuHud_C_0] 1280x720
[2018.01.16-17.10.32:967][341]LogBlueprintUserMessages: [MainMenuHud_C_0] 1280x720
[2018.01.16-17.10.33:987][372]LogBlueprintUserMessages: [MainMenuHud_C_0] 1280x720
[2018.01.16-17.10.35:020][403]LogBlueprintUserMessages: [MainMenuHud_C_0] 1280x720
[2018.01.16-17.10.36:053][434]LogBlueprintUserMessages: [MainMenuHud_C_0] 1280x720
[2018.01.16-17.10.37:085][465]LogBlueprintUserMessages: [MainMenuHud_C_0] 1280x720
[2018.01.16-17.10.38:107][495]LogBlueprintUserMessages: [MainMenuHud_C_0] 1280x720
[2018.01.16-17.10.39:118][526]LogBlueprintUserMessages: [MainMenuHud_C_0] 1280x720
[2018.01.16-17.10.39:951][551]LogBlueprintUserMessages: [Boss1_2] 1
[2018.01.16-17.10.40:118][556]LogBlueprintUserMessages: [MainMenuHud_C_0] 1280x720
[2018.01.16-17.10.41:118][586]LogBlueprintUserMessages: [MainMenuHud_C_0] 1280x720
[2018.01.16-17.10.42:150][617]LogBlueprintUserMessages: [MainMenuHud_C_0] 1280x720
[2018.01.16-17.10.43:151][647]LogBlueprintUserMessages: [MainMenuHud_C_0] 1280x720
[2018.01.16-17.10.44:184][678]LogBlueprintUserMessages: [MainMenuHud_C_0] 1280x720
[2018.01.16-17.10.45:184][708]LogBlueprintUserMessages: [MainMenuHud_C_0] 1280x720
[2018.01.16-17.10.46:216][739]LogBlueprintUserMessages: [MainMenuHud_C_0] 1280x720
[2018.01.16-17.10.47:250][770]LogBlueprintUserMessages: [MainMenuHud_C_0] 1280x720
[2018.01.16-17.10.48:250][800]LogBlueprintUserMessages: [MainMenuHud_C_0] 1280x720
[2018.01.16-17.10.48:984][822]LogBlueprintUserMessages: [Boss1_2] 2
[2018.01.16-17.10.49:251][830]LogBlueprintUserMessages: [MainMenuHud_C_0] 1280x720
[2018.01.16-17.10.50:284][861]LogBlueprintUserMessages: [MainMenuHud_C_0] 1280x720
[2018.01.16-17.10.51:285][891]LogBlueprintUserMessages: [MainMenuHud_C_0] 1280x720
[2018.01.16-17.10.52:319][922]LogBlueprintUserMessages: [MainMenuHud_C_0] 1280x720
[2018.01.16-17.10.53:319][952]LogBlueprintUserMessages: [MainMenuHud_C_0] 1280x720
[2018.01.16-17.10.54:352][983]LogBlueprintUserMessages: [MainMenuHud_C_0] 1280x720
[2018.01.16-17.10.55:385][ 14]LogBlueprintUserMessages: [MainMenuHud_C_0] 1280x720
[2018.01.16-17.10.56:384][ 44]LogBlueprintUserMessages: [MainMenuHud_C_0] 1280x720
[2018.01.16-17.10.57:384][ 74]LogBlueprintUserMessages: [MainMenuHud_C_0] 1280x720
[2018.01.16-17.10.57:999][ 92]LogBlueprintUserMessages: [Boss1_2] 0
[2018.01.16-17.10.58:418][105]LogBlueprintUserMessages: [MainMenuHud_C_0] 1280x720
[2018.01.16-17.10.59:451][136]LogBlueprintUserMessages: [MainMenuHud_C_0] 1280x720
[2018.01.16-17.11.00:456][166]LogBlueprintUserMessages: [MainMenuHud_C_0] 1280x720
[2018.01.16-17.11.01:480][199]LogBlueprintUserMessages: [MainMenuHud_C_0] 1280x720
[2018.01.16-17.11.01:731][200]LogWindowsTextInputMethodSystem: Display: IME system now deactivated.
[2018.01.16-17.11.01:759][200]LogEngine: All Windows Closed
[2018.01.16-17.11.01:759][200]LogWindows: FPlatformMisc::RequestExit(0)
[2018.01.16-17.11.02:664][201]LogExit: Preparing to exit.
[2018.01.16-17.11.02:664][201]LogMoviePlayer: Shutting down movie player
[2018.01.16-17.11.03:405][201]LogExit: Game engine shut down
[2018.01.16-17.11.03:881][201]LogExit: Object subsystem successfully closed.
[2018.01.16-17.11.03:960][201]LogD3D11RHI: Shutdown
[2018.01.16-17.11.03:961][201]LogD3D11RHI: CleanupD3DDevice
[2018.01.16-17.11.03:976][201]LogD3D11RHI: ~FD3D11DynamicRHI
[2018.01.16-17.11.04:078][201]LogModuleManager: Shutting down and abandoning module SequenceRecorderSections (312)
[2018.01.16-17.11.04:079][201]LogModuleManager: Shutting down and abandoning module SequenceRecorder (310)
[2018.01.16-17.11.04:079][201]LogModuleManager: Shutting down and abandoning module AutomationController (308)
[2018.01.16-17.11.04:079][201]LogModuleManager: Shutting down and abandoning module AutomationWorker (306)
[2018.01.16-17.11.04:079][201]LogModuleManager: Shutting down and abandoning module AIModule (304)
[2018.01.16-17.11.04:080][201]LogModuleManager: Shutting down and abandoning module GameplayDebugger (303)
[2018.01.16-17.11.04:081][201]LogModuleManager: Shutting down and abandoning module AITestSuite (301)
[2018.01.16-17.11.04:081][201]LogModuleManager: Shutting down and abandoning module WmfMediaFactory (298)
[2018.01.16-17.11.04:081][201]LogModuleManager: Shutting down and abandoning module OpenExrWrapper (296)
[2018.01.16-17.11.04:081][201]LogModuleManager: Shutting down and abandoning module ImgMediaFactory (294)
[2018.01.16-17.11.04:081][201]LogModuleManager: Shutting down and abandoning module AvfMediaFactory (292)
[2018.01.16-17.11.04:081][201]LogModuleManager: Shutting down and abandoning module CharacterAI (290)
[2018.01.16-17.11.04:081][201]LogModuleManager: Shutting down and abandoning module SessionServices (288)
[2018.01.16-17.11.04:081][201]LogModuleManager: Shutting down and abandoning module MovieSceneCapture (286)
[2018.01.16-17.11.04:082][201]LogModuleManager: Shutting down and abandoning module MovieSceneTracks (284)
[2018.01.16-17.11.04:082][201]LogModuleManager: Shutting down and abandoning module MovieScene (282)
[2018.01.16-17.11.04:082][201]LogModuleManager: Shutting down and abandoning module GeometryCache (280)
[2018.01.16-17.11.04:082][201]LogModuleManager: Shutting down and abandoning module GeometryCacheEd (279)
[2018.01.16-17.11.04:082][201]LogModuleManager: Shutting down and abandoning module StreamingPauseRendering (276)
[2018.01.16-17.11.04:082][201]LogModuleManager: Shutting down and abandoning module PortalServices (274)
[2018.01.16-17.11.04:082][201]LogModuleManager: Shutting down and abandoning module PortalRpc (272)
[2018.01.16-17.11.04:082][201]LogModuleManager: Shutting down and abandoning module MessagingRpc (270)
[2018.01.16-17.11.04:082][201]LogModuleManager: Shutting down and abandoning module ProfilerService (268)
[2018.01.16-17.11.04:121][201]LogModuleManager: Shutting down and abandoning module TaskGraph (266)
[2018.01.16-17.11.04:121][201]LogModuleManager: Shutting down and abandoning module SteamVRController (264)
[2018.01.16-17.11.04:121][201]LogModuleManager: Shutting down and abandoning module ProceduralMeshComponent (262)
[2018.01.16-17.11.04:121][201]LogModuleManager: Shutting down and abandoning module OculusInput (260)
[2018.01.16-17.11.04:121][201]LogModuleManager: Shutting down and abandoning module MobilePatchingUtils (258)
[2018.01.16-17.11.04:122][201]LogModuleManager: Shutting down and abandoning module CustomMeshComponent (256)
[2018.01.16-17.11.04:122][201]LogModuleManager: Shutting down and abandoning module CableComponent (254)
[2018.01.16-17.11.04:122][201]LogModuleManager: Shutting down and abandoning module ArchVisCharacter (252)
[2018.01.16-17.11.04:122][201]LogModuleManager: Shutting down and abandoning module AndroidPermission (250)
[2018.01.16-17.11.04:122][201]LogModuleManager: Shutting down and abandoning module ActorSequence (246)
[2018.01.16-17.11.04:122][201]LogModuleManager: Shutting down and abandoning module MediaCompositing (244)
[2018.01.16-17.11.04:122][201]LogModuleManager: Shutting down and abandoning module HTML5Networking (242)
[2018.01.16-17.11.04:122][201]LogModuleManager: Shutting down and abandoning module VisualStudioSourceCodeAccess (240)
[2018.01.16-17.11.04:122][201]LogModuleManager: Shutting down and abandoning module HotReload (239)
[2018.01.16-17.11.04:123][201]LogModuleManager: Shutting down and abandoning module VisualStudioCodeSourceCodeAccess (236)
[2018.01.16-17.11.04:123][201]LogModuleManager: Shutting down and abandoning module UObjectPlugin (234)
[2018.01.16-17.11.04:123][201]LogModuleManager: Shutting down and abandoning module SubversionSourceControl (232)
[2018.01.16-17.11.04:124][201]LogModuleManager: Shutting down and abandoning module PerforceSourceControl (230)
[2018.01.16-17.11.04:126][201]LogModuleManager: Shutting down and abandoning module SourceControl (229)
[2018.01.16-17.11.04:127][201]LogModuleManager: Shutting down and abandoning module RuntimePhysXCooking (226)
[2018.01.16-17.11.04:127][201]LogModuleManager: Shutting down and abandoning module PhysXVehiclesEditor (224)
[2018.01.16-17.11.04:128][201]LogModuleManager: Shutting down and abandoning module PhysXVehicles (222)
[2018.01.16-17.11.04:128][201]LogModuleManager: Shutting down and abandoning module LocationServicesBPLibrary (220)
[2018.01.16-17.11.04:128][201]LogModuleManager: Shutting down and abandoning module ImmediatePhysicsEditor (218)
[2018.01.16-17.11.04:128][201]LogModuleManager: Shutting down and abandoning module ImmediatePhysics (216)
[2018.01.16-17.11.04:129][201]LogModuleManager: Shutting down and abandoning module UdpMessaging (214)
[2018.01.16-17.11.04:231][201]LogModuleManager: Shutting down and abandoning module TcpMessaging (212)
[2018.01.16-17.11.04:332][201]LogModuleManager: Shutting down and abandoning module GameplayTagsEditor (210)
[2018.01.16-17.11.04:333][201]LogModuleManager: Shutting down and abandoning module FacialAnimation (208)
[2018.01.16-17.11.04:333][201]LogModuleManager: Shutting down and abandoning module AssetManagerEditor (206)
[2018.01.16-17.11.04:335][201]LogModuleManager: Shutting down and abandoning module GraphEditor (205)
[2018.01.16-17.11.04:336][201]LogModuleManager: Shutting down and abandoning module ContentBrowser (203)
[2018.01.16-17.11.04:336][201]LogModuleManager: Shutting down and abandoning module CollectionManager (202)
[2018.01.16-17.11.04:337][201]LogDirectoryWatcher: A directory notification for 'C:/Users/Connor/Desktop/RealConsoleGame/ConsoleGameGame 4.18/Content/Collections/' was aborted.
[2018.01.16-17.11.04:338][201]LogDirectoryWatcher: A directory notification for 'C:/Users/Connor/Desktop/RealConsoleGame/ConsoleGameGame 4.18/Content/Developers/Connor/Collections/' was aborted.
[2018.01.16-17.11.04:338][201]LogDirectoryWatcher: A directory notification for 'C:/Users/Connor/Desktop/RealConsoleGame/ConsoleGameGame 4.18/Saved/Collections/' was aborted.
[2018.01.16-17.11.04:338][201]LogModuleManager: Shutting down and abandoning module DirectoryWatcher (201)
[2018.01.16-17.11.04:339][201]LogModuleManager: Shutting down and abandoning module LightPropagationVolumeRuntime (196)
[2018.01.16-17.11.04:339][201]LogModuleManager: Shutting down and abandoning module Paper2D (194)
[2018.01.16-17.11.04:341][201]LogModuleManager: Shutting down and abandoning module WindowsMoviePlayer (192)
[2018.01.16-17.11.04:341][201]LogModuleManager: Shutting down and abandoning module WmfMedia (190)
[2018.01.16-17.11.04:346][201]LogModuleManager: Shutting down and abandoning module ImgMedia (188)
[2018.01.16-17.11.04:346][201]LogModuleManager: Shutting down and abandoning module PacketHandler (186)
[2018.01.16-17.11.04:346][201]LogModuleManager: Shutting down and abandoning module ClothingSystemEditor (184)
[2018.01.16-17.11.04:346][201]LogModuleManager: Shutting down and abandoning module ClothingSystemRuntime (182)
[2018.01.16-17.11.04:348][201]LogModuleManager: Shutting down and abandoning module MediaAssets (180)
[2018.01.16-17.11.04:348][201]LogModuleManager: Shutting down and abandoning module Media (179)
[2018.01.16-17.11.04:356][201]LogModuleManager: Shutting down and abandoning module Overlay (176)
[2018.01.16-17.11.04:356][201]LogModuleManager: Shutting down and abandoning module OverlayEditor (175)
[2018.01.16-17.11.04:356][201]LogModuleManager: Shutting down and abandoning module VREditor (172)
[2018.01.16-17.11.04:356][201]LogModuleManager: Shutting down and abandoning module StringTableEditor (170)
[2018.01.16-17.11.04:357][201]LogModuleManager: Shutting down and abandoning module GameplayTasksEditor (168)
[2018.01.16-17.11.04:357][201]LogModuleManager: Shutting down and abandoning module BehaviorTreeEditor (166)
[2018.01.16-17.11.04:361][201]LogModuleManager: Shutting down and abandoning module FunctionalTesting (164)
[2018.01.16-17.11.04:362][201]LogModuleManager: Shutting down and abandoning module CollisionAnalyzer (162)
[2018.01.16-17.11.04:364][201]LogModuleManager: Shutting down and abandoning module WorkspaceMenuStructure (161)
[2018.01.16-17.11.04:364][201]LogModuleManager: Shutting down and abandoning module UMG (158)
[2018.01.16-17.11.04:364][201]LogModuleManager: Shutting down and abandoning module UMGEditor (157)
[2018.01.16-17.11.04:365][201]LogModuleManager: Shutting down and abandoning module Sequencer (156)
[2018.01.16-17.11.04:365][201]LogModuleManager: Shutting down and abandoning module MessageLog (153)
[2018.01.16-17.11.04:365][201]LogModuleManager: Shutting down and abandoning module SlateReflector (148)
[2018.01.16-17.11.04:371][201]LogModuleManager: Shutting down and abandoning module Slate (146)
[2018.01.16-17.11.04:371][201]LogModuleManager: Shutting down and abandoning module EditorStyle (144)
[2018.01.16-17.11.04:378][201]LogModuleManager: Shutting down and abandoning module MRMesh (142)
[2018.01.16-17.11.04:378][201]LogModuleManager: Shutting down and abandoning module Messaging (140)
[2018.01.16-17.11.04:379][201]LogModuleManager: Shutting down and abandoning module SourceCodeAccess (138)
[2018.01.16-17.11.04:379][201]LogModuleManager: Shutting down and abandoning module HeadMountedDisplay (136)
[2018.01.16-17.11.04:379][201]LogModuleManager: Shutting down and abandoning module XAudio2 (134)
[2018.01.16-17.11.04:379][201]LogModuleManager: Shutting down and abandoning module Networking (132)
[2018.01.16-17.11.04:379][201]LogModuleManager: Shutting down and abandoning module Core (128)
[2018.01.16-17.11.04:379][201]LogModuleManager: Shutting down and abandoning module LevelSequence (126)
[2018.01.16-17.11.04:380][201]LogModuleManager: Shutting down and abandoning module KismetCompiler (124)
[2018.01.16-17.11.04:380][201]LogModuleManager: Shutting down and abandoning module MeshUtilities (122)
[2018.01.16-17.11.04:382][201]LogModuleManager: Shutting down and abandoning module MeshMergeUtilities (121)
[2018.01.16-17.11.04:383][201]LogModuleManager: Shutting down and abandoning module MeshReductionInterface (120)
[2018.01.16-17.11.04:383][201]LogModuleManager: Shutting down and abandoning module SimplygonSwarm (119)
[2018.01.16-17.11.04:384][201]LogModuleManager: Shutting down and abandoning module SimplygonMeshReduction (117)
[2018.01.16-17.11.04:384][201]LogModuleManager: Shutting down and abandoning module QuadricMeshReduction (115)
[2018.01.16-17.11.04:384][201]LogModuleManager: Shutting down and abandoning module MaterialBaking (111)
[2018.01.16-17.11.04:385][201]LogModuleManager: Shutting down and abandoning module DerivedDataCache (106)
[2018.01.16-17.11.04:438][201]LogDerivedDataCache: Shutdown
[2018.01.16-17.11.04:438][201]LogModuleManager: Shutting down and abandoning module TargetPlatform (104)
[2018.01.16-17.11.04:438][201]LogModuleManager: Shutting down and abandoning module VulkanShaderFormat (103)
[2018.01.16-17.11.04:439][201]LogModuleManager: Shutting down and abandoning module ShaderFormatVectorVM (101)
[2018.01.16-17.11.04:440][201]LogModuleManager: Shutting down and abandoning module ShaderFormatOpenGL (99)
[2018.01.16-17.11.04:440][201]LogModuleManager: Shutting down and abandoning module ShaderFormatD3D (97)
[2018.01.16-17.11.04:440][201]LogModuleManager: Shutting down and abandoning module MetalShaderFormat (95)
[2018.01.16-17.11.04:442][201]LogModuleManager: Shutting down and abandoning module TextureFormatUncompressed (93)
[2018.01.16-17.11.04:442][201]LogModuleManager: Shutting down and abandoning module TextureFormatPVR (91)
[2018.01.16-17.11.04:442][201]LogModuleManager: Shutting down and abandoning module TextureFormatDXT (89)
[2018.01.16-17.11.04:442][201]LogModuleManager: Shutting down and abandoning module TextureFormatIntelISPCTexComp (87)
[2018.01.16-17.11.04:442][201]LogModuleManager: Shutting down and abandoning module TextureFormatASTC (85)
[2018.01.16-17.11.04:442][201]LogModuleManager: Shutting down and abandoning module ImageWrapper (84)
[2018.01.16-17.11.04:442][201]LogModuleManager: Shutting down and abandoning module TextureFormatAndroid (81)
[2018.01.16-17.11.04:442][201]LogModuleManager: Shutting down and abandoning module AudioFormatOpus (79)
[2018.01.16-17.11.04:442][201]LogModuleManager: Shutting down and abandoning module AudioFormatOgg (77)
[2018.01.16-17.11.04:443][201]LogModuleManager: Shutting down and abandoning module AudioFormatADPCM (75)
[2018.01.16-17.11.04:443][201]LogModuleManager: Shutting down and abandoning module WindowsTargetPlatform (73)
[2018.01.16-17.11.04:443][201]LogModuleManager: Shutting down and abandoning module WindowsServerTargetPlatform (71)
[2018.01.16-17.11.04:443][201]LogModuleManager: Shutting down and abandoning module WindowsNoEditorTargetPlatform (69)
[2018.01.16-17.11.04:443][201]LogModuleManager: Shutting down and abandoning module WindowsClientTargetPlatform (67)
[2018.01.16-17.11.04:443][201]LogModuleManager: Shutting down and abandoning module InputCore (64)
[2018.01.16-17.11.04:443][201]LogModuleManager: Shutting down and abandoning module Settings (62)
[2018.01.16-17.11.04:443][201]LogModuleManager: Shutting down and abandoning module PhysXCooking (60)
[2018.01.16-17.11.04:443][201]LogModuleManager: Shutting down and abandoning module SteamVR (58)
[2018.01.16-17.11.04:443][201]LogModuleManager: Shutting down and abandoning module OculusHMD (56)
[2018.01.16-17.11.04:444][201]LogModuleManager: Shutting down and abandoning module ExampleDeviceProfileSelector (54)
[2018.01.16-17.11.04:444][201]LogModuleManager: Shutting down and abandoning module AppleARKit (52)
[2018.01.16-17.11.04:444][201]LogModuleManager: Shutting down and abandoning module AugmentedReality (51)
[2018.01.16-17.11.04:444][201]LogModuleManager: Shutting down and abandoning module OnlineBlueprintSupport (48)
[2018.01.16-17.11.04:444][201]LogModuleManager: Shutting down and abandoning module OnlineSubsystem (44)
[2018.01.16-17.11.04:446][201]LogModuleManager: Shutting down and abandoning module XMPP (43)
[2018.01.16-17.11.04:448][201]LogModuleManager: Shutting down and abandoning module HTTP (41)
[2018.01.16-17.11.04:483][201]LogModuleManager: Shutting down and abandoning module SSL (40)
[2018.01.16-17.11.04:488][201]LogModuleManager: Shutting down and abandoning module AnimationModifiers (36)
[2018.01.16-17.11.04:490][201]LogModuleManager: Shutting down and abandoning module PropertyEditor (35)
[2018.01.16-17.11.04:490][201]LogModuleManager: Shutting down and abandoning module AudioEditor (32)
[2018.01.16-17.11.04:492][201]LogModuleManager: Shutting down and abandoning module TextureCompressor (30)
[2018.01.16-17.11.04:493][201]LogModuleManager: Shutting down and abandoning module ShaderCore (28)
[2018.01.16-17.11.04:493][201]LogModuleManager: Shutting down and abandoning module Landscape (26)
[2018.01.16-17.11.04:493][201]LogModuleManager: Shutting down and abandoning module SlateRHIRenderer (24)
[2018.01.16-17.11.04:495][201]LogModuleManager: Shutting down and abandoning module OpenGLDrv (22)
[2018.01.16-17.11.04:497][201]LogModuleManager: Shutting down and abandoning module D3D11RHI (20)
[2018.01.16-17.11.04:497][201]LogModuleManager: Shutting down and abandoning module AnimGraphRuntime (18)
[2018.01.16-17.11.04:498][201]LogModuleManager: Shutting down and abandoning module Renderer (16)
[2018.01.16-17.11.04:498][201]LogModuleManager: Shutting down and abandoning module Engine (14)
[2018.01.16-17.11.04:498][201]LogModuleManager: Shutting down and abandoning module CoreUObject (12)
[2018.01.16-17.11.04:498][201]LogModuleManager: Shutting down and abandoning module NetworkFile (10)
[2018.01.16-17.11.04:498][201]LogModuleManager: Shutting down and abandoning module CookedIterativeFile (8)
[2018.01.16-17.11.04:498][201]LogModuleManager: Shutting down and abandoning module StreamingFile (6)
[2018.01.16-17.11.04:498][201]LogModuleManager: Shutting down and abandoning module SandboxFile (4)
[2018.01.16-17.11.04:498][201]LogModuleManager: Shutting down and abandoning module PakFile (2)
[2018.01.16-17.11.04:525][201]LogExit: Exiting.
[2018.01.16-17.11.04:529][201]Log file closed, 01/16/18 12:11:04
